[0.016s] Invoking command in '/home/joshikanamani/Ros2/ros2_ws1/build/more_interfaces': CMAKE_PREFIX_PATH=${CMAKE_PREFIX_PATH}:/opt/ros/foxy /usr/local/bin/cmake --build /home/joshikanamani/Ros2/ros2_ws1/build/more_interfaces -- -j8 -l8
[0.034s] -- Found ament_cmake: 0.9.12 (/opt/ros/foxy/share/ament_cmake/cmake)
[0.074s] -- Found PythonInterp: /usr/bin/python3 (found suitable version "3.8.10", minimum required is "3") 
[0.074s] -- Using PYTHON_EXECUTABLE: /usr/bin/python3
[0.292s] -- Found rosidl_default_generators: 1.0.1 (/opt/ros/foxy/share/rosidl_default_generators/cmake)
[0.294s] -- Using all available rosidl_typesupport_c: rosidl_typesupport_fastrtps_c;rosidl_typesupport_introspection_c
[0.297s] -- Found rosidl_adapter: 1.3.1 (/opt/ros/foxy/share/rosidl_adapter/cmake)
[0.466s] -- Using all available rosidl_typesupport_cpp: rosidl_typesupport_fastrtps_cpp;rosidl_typesupport_introspection_cpp
[0.487s] -- Found rclcpp: 2.4.3 (/opt/ros/foxy/share/rclcpp/cmake)
[0.534s] -- Found rmw_implementation_cmake: 1.0.4 (/opt/ros/foxy/share/rmw_implementation_cmake/cmake)
[0.535s] -- Using RMW implementation 'rmw_fastrtps_cpp' as default
[0.684s] CMake Error at CMakeLists.txt:22 (find_package):
[0.684s]   By not providing "Findrosidl_tutorials_msgs.cmake" in CMAKE_MODULE_PATH
[0.684s]   this project has asked CMake to find a package configuration file provided
[0.684s]   by "rosidl_tutorials_msgs", but CMake did not find one.
[0.684s] 
[0.684s]   Could not find a package configuration file provided by
[0.684s]   "rosidl_tutorials_msgs" with any of the following names:
[0.684s] 
[0.684s]     rosidl_tutorials_msgsConfig.cmake
[0.684s]     rosidl_tutorials_msgs-config.cmake
[0.684s] 
[0.684s]   Add the installation prefix of "rosidl_tutorials_msgs" to CMAKE_PREFIX_PATH
[0.684s]   or set "rosidl_tutorials_msgs_DIR" to a directory containing one of the
[0.684s]   above files.  If "rosidl_tutorials_msgs" provides a separate development
[0.685s]   package or SDK, be sure it has been installed.
[0.685s] 
[0.685s] 
[0.685s] -- Configuring incomplete, errors occurred!
[0.685s] See also "/home/joshikanamani/Ros2/ros2_ws1/build/more_interfaces/CMakeFiles/CMakeOutput.log".
[0.685s] See also "/home/joshikanamani/Ros2/ros2_ws1/build/more_interfaces/CMakeFiles/CMakeError.log".
[0.689s] make: *** [Makefile:811: cmake_check_build_system] Error 1
[0.692s] Invoked command in '/home/joshikanamani/Ros2/ros2_ws1/build/more_interfaces' returned '2': CMAKE_PREFIX_PATH=${CMAKE_PREFIX_PATH}:/opt/ros/foxy /usr/local/bin/cmake --build /home/joshikanamani/Ros2/ros2_ws1/build/more_interfaces -- -j8 -l8
