[0.015s] Invoking command in '/home/joshikanamani/Ros2/ros2_ws1/build/cpp_parameters': CMAKE_PREFIX_PATH=${CMAKE_PREFIX_PATH}:/opt/ros/foxy /usr/local/bin/cmake /home/joshikanamani/Ros2/ros2_ws1/src/cpp_parameters -DCMAKE_INSTALL_PREFIX=/home/joshikanamani/Ros2/ros2_ws1/install/cpp_parameters
[0.074s] -- The C compiler identification is GNU 9.4.0
[0.173s] -- The CXX compiler identification is GNU 9.4.0
[0.183s] -- Detecting C compiler ABI info
[0.232s] -- Detecting C compiler ABI info - done
[0.252s] -- Check for working C compiler: /usr/lib/ccache/cc - skipped
[0.253s] -- Detecting C compile features
[0.253s] -- Detecting C compile features - done
[0.260s] -- Detecting CXX compiler ABI info
[0.344s] -- Detecting CXX compiler ABI info - done
[0.365s] -- Check for working CXX compiler: /usr/lib/ccache/c++ - skipped
[0.366s] -- Detecting CXX compile features
[0.367s] -- Detecting CXX compile features - done
[0.371s] -- Found ament_cmake: 0.9.12 (/opt/ros/foxy/share/ament_cmake/cmake)
[0.418s] -- Found PythonInterp: /usr/bin/python3 (found suitable version "3.8.10", minimum required is "3") 
[0.418s] -- Using PYTHON_EXECUTABLE: /usr/bin/python3
[0.647s] -- Found rclcpp: 2.4.3 (/opt/ros/foxy/share/rclcpp/cmake)
[0.710s] -- Using all available rosidl_typesupport_c: rosidl_typesupport_fastrtps_c;rosidl_typesupport_introspection_c
[0.716s] -- Found rosidl_adapter: 1.3.1 (/opt/ros/foxy/share/rosidl_adapter/cmake)
[0.818s] -- Found OpenSSL: /usr/lib/x86_64-linux-gnu/libcrypto.so (found version "1.1.1f")  
[0.873s] -- Found FastRTPS: /opt/ros/foxy/include  
[0.953s] -- Using all available rosidl_typesupport_cpp: rosidl_typesupport_fastrtps_cpp;rosidl_typesupport_introspection_cpp
[1.003s] -- Found rmw_implementation_cmake: 1.0.4 (/opt/ros/foxy/share/rmw_implementation_cmake/cmake)
[1.005s] -- Using RMW implementation 'rmw_fastrtps_cpp' as default
[1.006s] -- Looking for pthread.h
[1.086s] -- Looking for pthread.h - found
[1.086s] -- Performing Test CMAKE_HAVE_LIBC_PTHREAD
[1.205s] -- Performing Test CMAKE_HAVE_LIBC_PTHREAD - Failed
[1.205s] -- Looking for pthread_create in pthreads
[1.254s] -- Looking for pthread_create in pthreads - not found
[1.254s] -- Looking for pthread_create in pthread
[1.325s] -- Looking for pthread_create in pthread - found
[1.327s] -- Found Threads: TRUE  
[1.495s] -- Found ament_lint_auto: 0.9.8 (/opt/ros/foxy/share/ament_lint_auto/cmake)
[1.605s] -- Added test 'copyright' to check source files copyright and LICENSE
[1.607s] -- Added test 'cppcheck' to perform static code analysis on C / C++ code
[1.607s] -- Configured cppcheck include dirs: 
[1.607s] -- Configured cppcheck exclude dirs and/or files: 
[1.609s] -- Added test 'cpplint' to check C / C++ code against the Google style
[1.609s] -- Configured cpplint exclude dirs and/or files: 
[1.610s] -- Added test 'lint_cmake' to check CMake code style
[1.612s] -- Added test 'uncrustify' to check C / C++ code style
[1.612s] -- Configured uncrustify additional arguments: 
[1.612s] -- Added test 'xmllint' to check XML markup files
[1.615s] -- Configuring done
[1.628s] -- Generating done
[1.633s] -- Build files have been written to: /home/joshikanamani/Ros2/ros2_ws1/build/cpp_parameters
[1.643s] Invoked command in '/home/joshikanamani/Ros2/ros2_ws1/build/cpp_parameters' returned '0': CMAKE_PREFIX_PATH=${CMAKE_PREFIX_PATH}:/opt/ros/foxy /usr/local/bin/cmake /home/joshikanamani/Ros2/ros2_ws1/src/cpp_parameters -DCMAKE_INSTALL_PREFIX=/home/joshikanamani/Ros2/ros2_ws1/install/cpp_parameters
[1.646s] Invoking command in '/home/joshikanamani/Ros2/ros2_ws1/build/cpp_parameters': CMAKE_PREFIX_PATH=${CMAKE_PREFIX_PATH}:/opt/ros/foxy /usr/local/bin/cmake --build /home/joshikanamani/Ros2/ros2_ws1/build/cpp_parameters -- -j8 -l8
[1.672s] [35m[1mScanning dependencies of target minimal_param_node[0m
[1.707s] [ 50%] [32mBuilding CXX object CMakeFiles/minimal_param_node.dir/src/cpp_parameters_node.cpp.o[0m
[3.708s] [100%] [32m[1mLinking CXX executable minimal_param_node[0m
[3.843s] [100%] Built target minimal_param_node
[3.848s] Invoked command in '/home/joshikanamani/Ros2/ros2_ws1/build/cpp_parameters' returned '0': CMAKE_PREFIX_PATH=${CMAKE_PREFIX_PATH}:/opt/ros/foxy /usr/local/bin/cmake --build /home/joshikanamani/Ros2/ros2_ws1/build/cpp_parameters -- -j8 -l8
[3.856s] Invoking command in '/home/joshikanamani/Ros2/ros2_ws1/build/cpp_parameters': CMAKE_PREFIX_PATH=${CMAKE_PREFIX_PATH}:/opt/ros/foxy /usr/local/bin/cmake --install /home/joshikanamani/Ros2/ros2_ws1/build/cpp_parameters
[3.859s] -- Install configuration: ""
[3.859s] -- Installing: /home/joshikanamani/Ros2/ros2_ws1/install/cpp_parameters/lib/cpp_parameters/minimal_param_node
[3.860s] -- Set runtime path of "/home/joshikanamani/Ros2/ros2_ws1/install/cpp_parameters/lib/cpp_parameters/minimal_param_node" to ""
[3.860s] -- Installing: /home/joshikanamani/Ros2/ros2_ws1/install/cpp_parameters/share/ament_index/resource_index/package_run_dependencies/cpp_parameters
[3.860s] -- Installing: /home/joshikanamani/Ros2/ros2_ws1/install/cpp_parameters/share/ament_index/resource_index/parent_prefix_path/cpp_parameters
[3.860s] -- Installing: /home/joshikanamani/Ros2/ros2_ws1/install/cpp_parameters/share/cpp_parameters/environment/ament_prefix_path.sh
[3.860s] -- Installing: /home/joshikanamani/Ros2/ros2_ws1/install/cpp_parameters/share/cpp_parameters/environment/ament_prefix_path.dsv
[3.860s] -- Installing: /home/joshikanamani/Ros2/ros2_ws1/install/cpp_parameters/share/cpp_parameters/environment/path.sh
[3.860s] -- Installing: /home/joshikanamani/Ros2/ros2_ws1/install/cpp_parameters/share/cpp_parameters/environment/path.dsv
[3.860s] -- Installing: /home/joshikanamani/Ros2/ros2_ws1/install/cpp_parameters/share/cpp_parameters/local_setup.bash
[3.860s] -- Installing: /home/joshikanamani/Ros2/ros2_ws1/install/cpp_parameters/share/cpp_parameters/local_setup.sh
[3.861s] -- Installing: /home/joshikanamani/Ros2/ros2_ws1/install/cpp_parameters/share/cpp_parameters/local_setup.zsh
[3.861s] -- Installing: /home/joshikanamani/Ros2/ros2_ws1/install/cpp_parameters/share/cpp_parameters/local_setup.dsv
[3.861s] -- Installing: /home/joshikanamani/Ros2/ros2_ws1/install/cpp_parameters/share/cpp_parameters/package.dsv
[3.861s] -- Installing: /home/joshikanamani/Ros2/ros2_ws1/install/cpp_parameters/share/ament_index/resource_index/packages/cpp_parameters
[3.861s] -- Installing: /home/joshikanamani/Ros2/ros2_ws1/install/cpp_parameters/share/cpp_parameters/cmake/cpp_parametersConfig.cmake
[3.861s] -- Installing: /home/joshikanamani/Ros2/ros2_ws1/install/cpp_parameters/share/cpp_parameters/cmake/cpp_parametersConfig-version.cmake
[3.862s] -- Installing: /home/joshikanamani/Ros2/ros2_ws1/install/cpp_parameters/share/cpp_parameters/package.xml
[3.864s] Invoked command in '/home/joshikanamani/Ros2/ros2_ws1/build/cpp_parameters' returned '0': CMAKE_PREFIX_PATH=${CMAKE_PREFIX_PATH}:/opt/ros/foxy /usr/local/bin/cmake --install /home/joshikanamani/Ros2/ros2_ws1/build/cpp_parameters
