[0.053s] Invoking command in '/home/joshikanamani/Ros2/ros2_ws1/build/tutorial_interfaces': /usr/local/bin/cmake /home/joshikanamani/Ros2/ros2_ws1/src/tutorial_interfaces -DCMAKE_INSTALL_PREFIX=/home/joshikanamani/Ros2/ros2_ws1/install/tutorial_interfaces
[0.137s] -- The C compiler identification is GNU 9.4.0
[0.231s] -- The CXX compiler identification is GNU 9.4.0
[0.245s] -- Detecting C compiler ABI info
[0.290s] -- Detecting C compiler ABI info - done
[0.311s] -- Check for working C compiler: /usr/lib/ccache/cc - skipped
[0.311s] -- Detecting C compile features
[0.312s] -- Detecting C compile features - done
[0.318s] -- Detecting CXX compiler ABI info
[0.397s] -- Detecting CXX compiler ABI info - done
[0.418s] -- Check for working CXX compiler: /usr/lib/ccache/c++ - skipped
[0.418s] -- Detecting CXX compile features
[0.419s] -- Detecting CXX compile features - done
[0.422s] -- Found ament_cmake: 0.9.12 (/opt/ros/foxy/share/ament_cmake/cmake)
[0.463s] -- Found PythonInterp: /usr/bin/python3 (found suitable version "3.8.10", minimum required is "3") 
[0.463s] -- Using PYTHON_EXECUTABLE: /usr/bin/python3
[0.747s] -- Found geometry_msgs: 2.0.5 (/opt/ros/foxy/share/geometry_msgs/cmake)
[0.803s] -- Using all available rosidl_typesupport_c: rosidl_typesupport_fastrtps_c;rosidl_typesupport_introspection_c
[0.810s] -- Found rosidl_adapter: 1.3.1 (/opt/ros/foxy/share/rosidl_adapter/cmake)
[0.941s] -- Found OpenSSL: /usr/lib/x86_64-linux-gnu/libcrypto.so (found version "1.1.1f")  
[0.995s] -- Found FastRTPS: /opt/ros/foxy/include  
[1.118s] -- Using all available rosidl_typesupport_cpp: rosidl_typesupport_fastrtps_cpp;rosidl_typesupport_introspection_cpp
[1.221s] -- Found rosidl_default_generators: 1.0.1 (/opt/ros/foxy/share/rosidl_default_generators/cmake)
[1.262s] -- Found PythonInterp: /usr/bin/python3 (found version "3.8.10") 
[1.463s] Error parsing '/home/joshikanamani/Ros2/ros2_ws1/src/tutorial_interfaces/package.xml':
[1.622s] Traceback (most recent call last):
[1.622s]   File "/opt/ros/foxy/share/ament_cmake_core/cmake/core/package_xml_2_cmake.py", line 143, in <module>
[1.622s]     main()
[1.622s]   File "/opt/ros/foxy/share/ament_cmake_core/cmake/core/package_xml_2_cmake.py", line 52, in main
[1.622s]     raise e
[1.623s]   File "/opt/ros/foxy/share/ament_cmake_core/cmake/core/package_xml_2_cmake.py", line 48, in main
[1.623s]     package = parse_package_string(
[1.623s]   File "/usr/lib/python3/dist-packages/catkin_pkg/package.py", line 788, in parse_package_string
[1.623s]     pkg.validate(warnings=warnings)
[1.623s]   File "/usr/lib/python3/dist-packages/catkin_pkg/package.py", line 330, in validate
[1.623s]     raise InvalidPackage('\n'.join(errors), self.filename)
[1.623s] catkin_pkg.package.InvalidPackage: Error(s) in package '/home/joshikanamani/Ros2/ros2_ws1/src/tutorial_interfaces/package.xml':
[1.623s] The package "tutorial_interfaces" must not "build_depend" on a package with the same name as this package
[1.623s] The package "tutorial_interfaces" must not "build_export_depend" on a package with the same name as this package
[1.623s] The package "tutorial_interfaces" must not "exec_depend" on a package with the same name as this package
[1.648s] CMake Error at /opt/ros/foxy/share/ament_cmake_core/cmake/core/ament_package_xml.cmake:94 (message):
[1.648s]   execute_process(/usr/bin/python3
[1.649s]   /opt/ros/foxy/share/ament_cmake_core/cmake/core/package_xml_2_cmake.py
[1.649s]   /home/joshikanamani/Ros2/ros2_ws1/src/tutorial_interfaces/package.xml
[1.649s]   /home/joshikanamani/Ros2/ros2_ws1/build/tutorial_interfaces/ament_cmake_core/package.cmake)
[1.649s]   returned error code 1
[1.650s] Call Stack (most recent call first):
[1.650s]   /opt/ros/foxy/share/ament_cmake_core/cmake/core/ament_package_xml.cmake:49 (_ament_package_xml)
[1.650s]   /opt/ros/foxy/share/rosidl_cmake/cmake/rosidl_generate_interfaces.cmake:226 (ament_package_xml)
[1.650s]   CMakeLists.txt:23 (rosidl_generate_interfaces)
[1.650s] 
[1.650s] 
[1.650s] -- Configuring incomplete, errors occurred!
[1.650s] See also "/home/joshikanamani/Ros2/ros2_ws1/build/tutorial_interfaces/CMakeFiles/CMakeOutput.log".
[1.662s] Invoked command in '/home/joshikanamani/Ros2/ros2_ws1/build/tutorial_interfaces' returned '1': /usr/local/bin/cmake /home/joshikanamani/Ros2/ros2_ws1/src/tutorial_interfaces -DCMAKE_INSTALL_PREFIX=/home/joshikanamani/Ros2/ros2_ws1/install/tutorial_interfaces
