[0.040s] Invoking command in '/home/joshikanamani/Ros2/ros2_ws1/build/more_interfaces': CMAKE_PREFIX_PATH=${CMAKE_PREFIX_PATH}:/opt/ros/foxy /usr/local/bin/cmake --build /home/joshikanamani/Ros2/ros2_ws1/build/more_interfaces -- -j8 -l8
[0.069s] -- Found ament_cmake: 0.9.12 (/opt/ros/foxy/share/ament_cmake/cmake)
[0.102s] -- Found PythonInterp: /usr/bin/python3 (found suitable version "3.8.10", minimum required is "3") 
[0.103s] -- Using PYTHON_EXECUTABLE: /usr/bin/python3
[0.347s] -- Found rosidl_default_generators: 1.0.1 (/opt/ros/foxy/share/rosidl_default_generators/cmake)
[0.349s] -- Using all available rosidl_typesupport_c: rosidl_typesupport_fastrtps_c;rosidl_typesupport_introspection_c
[0.352s] -- Found rosidl_adapter: 1.3.1 (/opt/ros/foxy/share/rosidl_adapter/cmake)
[0.501s] -- Using all available rosidl_typesupport_cpp: rosidl_typesupport_fastrtps_cpp;rosidl_typesupport_introspection_cpp
[0.524s] -- Found rclcpp: 2.4.3 (/opt/ros/foxy/share/rclcpp/cmake)
[0.568s] -- Found rmw_implementation_cmake: 1.0.4 (/opt/ros/foxy/share/rmw_implementation_cmake/cmake)
[0.570s] -- Using RMW implementation 'rmw_fastrtps_cpp' as default
[0.721s] -- Found PythonInterp: /usr/bin/python3 (found version "3.8.10") 
[0.908s] -- Found ament_cmake_ros: 0.9.2 (/opt/ros/foxy/share/ament_cmake_ros/cmake)
[1.041s] -- Using all available rosidl_typesupport_c: rosidl_typesupport_fastrtps_c;rosidl_typesupport_introspection_c
[1.048s] -- Using all available rosidl_typesupport_cpp: rosidl_typesupport_fastrtps_cpp;rosidl_typesupport_introspection_cpp
[1.071s] -- Found PythonInterp: /usr/bin/python3 (found suitable version "3.8.10", minimum required is "3.5") 
[1.071s] -- Found python_cmake_module: 0.8.1 (/opt/ros/foxy/share/python_cmake_module/cmake)
[1.112s] -- Using PYTHON_EXECUTABLE: /usr/bin/python3
[1.113s] -- Using PYTHON_INCLUDE_DIRS: /usr/include/python3.8
[1.113s] -- Using PYTHON_LIBRARIES: /usr/lib/x86_64-linux-gnu/libpython3.8.so
[1.141s] -- Found ament_lint_auto: 0.9.8 (/opt/ros/foxy/share/ament_lint_auto/cmake)
[1.151s] -- Configuring done
[1.180s] -- Generating done
[1.189s] -- Build files have been written to: /home/joshikanamani/Ros2/ros2_ws1/build/more_interfaces
[1.208s] [35m[1mScanning dependencies of target publish_address_book[0m
[1.212s] [  3%] Built target more_interfaces__cpp
[1.213s] [ 12%] Built target more_interfaces__rosidl_generator_c
[1.225s] [ 21%] Built target more_interfaces__rosidl_typesupport_introspection_cpp
[1.225s] [ 30%] Built target more_interfaces__rosidl_typesupport_fastrtps_cpp
[1.226s] [ 39%] Built target more_interfaces__rosidl_typesupport_cpp
[1.226s] [ 48%] Built target more_interfaces__rosidl_typesupport_c
[1.227s] [ 57%] Built target more_interfaces__rosidl_typesupport_introspection_c
[1.233s] [ 60%] [32mBuilding CXX object CMakeFiles/publish_address_book.dir/src/publish_address_book.cpp.o[0m
[1.237s] [ 69%] Built target more_interfaces__rosidl_typesupport_fastrtps_c
[1.247s] [ 69%] Built target more_interfaces
[1.260s] [ 72%] Built target more_interfaces__py
[1.273s] [ 78%] Built target more_interfaces__python
[1.284s] [ 84%] Built target more_interfaces__rosidl_typesupport_c__pyext
[1.284s] [ 96%] Built target more_interfaces__rosidl_typesupport_introspection_c__pyext
[1.284s] [ 96%] Built target more_interfaces__rosidl_typesupport_fastrtps_c__pyext
[1.474s] [01m[K/home/joshikanamani/Ros2/ros2_ws1/src/more_interfaces/src/publish_address_book.cpp:5:10:[m[K [01;31m[Kfatal error: [m[Kmore_interfaces/msg/address_book.hpp: No such file or directory
[1.474s]     5 | #include [01;31m[K"more_interfaces/msg/address_book.hpp"[m[K
[1.474s]       |          [01;31m[K^~~~~~~~~~~~~~~~~~~~~~~~~~~~~~~~~~~~~~[m[K
[1.474s] compilation terminated.
[1.477s] make[2]: *** [CMakeFiles/publish_address_book.dir/build.make:82: CMakeFiles/publish_address_book.dir/src/publish_address_book.cpp.o] Error 1
[1.477s] make[1]: *** [CMakeFiles/Makefile2:353: CMakeFiles/publish_address_book.dir/all] Error 2
[1.478s] make: *** [Makefile:160: all] Error 2
[1.479s] Invoked command in '/home/joshikanamani/Ros2/ros2_ws1/build/more_interfaces' returned '2': CMAKE_PREFIX_PATH=${CMAKE_PREFIX_PATH}:/opt/ros/foxy /usr/local/bin/cmake --build /home/joshikanamani/Ros2/ros2_ws1/build/more_interfaces -- -j8 -l8
