[0.052s] Invoking command in '/home/joshikanamani/Ros2/ros2_ws1/build/joshika_package': CMAKE_PREFIX_PATH=${CMAKE_PREFIX_PATH}:/opt/ros/foxy /usr/local/bin/cmake /home/joshikanamani/Ros2/ros2_ws1/src/joshika_package -DCMAKE_INSTALL_PREFIX=/home/joshikanamani/Ros2/ros2_ws1/install/joshika_package
[0.128s] -- The C compiler identification is GNU 9.4.0
[0.218s] -- The CXX compiler identification is GNU 9.4.0
[0.231s] -- Detecting C compiler ABI info
[0.281s] -- Detecting C compiler ABI info - done
[0.303s] -- Check for working C compiler: /usr/lib/ccache/cc - skipped
[0.304s] -- Detecting C compile features
[0.304s] -- Detecting C compile features - done
[0.311s] -- Detecting CXX compiler ABI info
[0.383s] -- Detecting CXX compiler ABI info - done
[0.397s] -- Check for working CXX compiler: /usr/lib/ccache/c++ - skipped
[0.398s] -- Detecting CXX compile features
[0.398s] -- Detecting CXX compile features - done
[0.400s] -- Found ament_cmake: 0.9.12 (/opt/ros/foxy/share/ament_cmake/cmake)
[0.439s] -- Found PythonInterp: /usr/bin/python3 (found suitable version "3.8.10", minimum required is "3") 
[0.439s] -- Using PYTHON_EXECUTABLE: /usr/bin/python3
[0.707s] -- Found ament_lint_auto: 0.9.8 (/opt/ros/foxy/share/ament_lint_auto/cmake)
[0.848s] -- Added test 'copyright' to check source files copyright and LICENSE
[0.850s] -- Added test 'cppcheck' to perform static code analysis on C / C++ code
[0.850s] -- Configured cppcheck include dirs: $<BUILD_INTERFACE:/home/joshikanamani/Ros2/ros2_ws1/src/joshika_package/include>
[0.851s] -- Configured cppcheck exclude dirs and/or files: 
[0.852s] -- Added test 'cpplint' to check C / C++ code against the Google style
[0.852s] -- Configured cpplint exclude dirs and/or files: 
[0.853s] -- Added test 'lint_cmake' to check CMake code style
[0.855s] -- Added test 'uncrustify' to check C / C++ code style
[0.855s] -- Configured uncrustify additional arguments: 
[0.856s] -- Added test 'xmllint' to check XML markup files
[0.858s] -- Configuring done
[0.864s] -- Generating done
[0.866s] -- Build files have been written to: /home/joshikanamani/Ros2/ros2_ws1/build/joshika_package
[0.871s] Invoked command in '/home/joshikanamani/Ros2/ros2_ws1/build/joshika_package' returned '0': CMAKE_PREFIX_PATH=${CMAKE_PREFIX_PATH}:/opt/ros/foxy /usr/local/bin/cmake /home/joshikanamani/Ros2/ros2_ws1/src/joshika_package -DCMAKE_INSTALL_PREFIX=/home/joshikanamani/Ros2/ros2_ws1/install/joshika_package
[0.876s] Invoking command in '/home/joshikanamani/Ros2/ros2_ws1/build/joshika_package': CMAKE_PREFIX_PATH=${CMAKE_PREFIX_PATH}:/opt/ros/foxy /usr/local/bin/cmake --build /home/joshikanamani/Ros2/ros2_ws1/build/joshika_package -- -j8 -l8
[0.895s] [35m[1mScanning dependencies of target joshika_node[0m
[0.900s] [ 50%] [32mBuilding CXX object CMakeFiles/joshika_node.dir/src/joshika_node.cpp.o[0m
[0.908s] [100%] [32m[1mLinking CXX executable joshika_node[0m
[0.954s] [100%] Built target joshika_node
[0.959s] Invoked command in '/home/joshikanamani/Ros2/ros2_ws1/build/joshika_package' returned '0': CMAKE_PREFIX_PATH=${CMAKE_PREFIX_PATH}:/opt/ros/foxy /usr/local/bin/cmake --build /home/joshikanamani/Ros2/ros2_ws1/build/joshika_package -- -j8 -l8
[0.970s] Invoking command in '/home/joshikanamani/Ros2/ros2_ws1/build/joshika_package': CMAKE_PREFIX_PATH=${CMAKE_PREFIX_PATH}:/opt/ros/foxy /usr/local/bin/cmake --install /home/joshikanamani/Ros2/ros2_ws1/build/joshika_package
[0.975s] -- Install configuration: ""
[0.975s] -- Installing: /home/joshikanamani/Ros2/ros2_ws1/install/joshika_package/lib/joshika_package/joshika_node
[0.975s] -- Installing: /home/joshikanamani/Ros2/ros2_ws1/install/joshika_package/share/ament_index/resource_index/package_run_dependencies/joshika_package
[0.976s] -- Installing: /home/joshikanamani/Ros2/ros2_ws1/install/joshika_package/share/ament_index/resource_index/parent_prefix_path/joshika_package
[0.976s] -- Installing: /home/joshikanamani/Ros2/ros2_ws1/install/joshika_package/share/joshika_package/environment/ament_prefix_path.sh
[0.976s] -- Installing: /home/joshikanamani/Ros2/ros2_ws1/install/joshika_package/share/joshika_package/environment/ament_prefix_path.dsv
[0.976s] -- Installing: /home/joshikanamani/Ros2/ros2_ws1/install/joshika_package/share/joshika_package/environment/path.sh
[0.976s] -- Installing: /home/joshikanamani/Ros2/ros2_ws1/install/joshika_package/share/joshika_package/environment/path.dsv
[0.977s] -- Installing: /home/joshikanamani/Ros2/ros2_ws1/install/joshika_package/share/joshika_package/local_setup.bash
[0.977s] -- Installing: /home/joshikanamani/Ros2/ros2_ws1/install/joshika_package/share/joshika_package/local_setup.sh
[0.977s] -- Installing: /home/joshikanamani/Ros2/ros2_ws1/install/joshika_package/share/joshika_package/local_setup.zsh
[0.977s] -- Installing: /home/joshikanamani/Ros2/ros2_ws1/install/joshika_package/share/joshika_package/local_setup.dsv
[0.977s] -- Installing: /home/joshikanamani/Ros2/ros2_ws1/install/joshika_package/share/joshika_package/package.dsv
[0.978s] -- Installing: /home/joshikanamani/Ros2/ros2_ws1/install/joshika_package/share/ament_index/resource_index/packages/joshika_package
[0.978s] -- Installing: /home/joshikanamani/Ros2/ros2_ws1/install/joshika_package/share/joshika_package/cmake/joshika_packageConfig.cmake
[0.978s] -- Installing: /home/joshikanamani/Ros2/ros2_ws1/install/joshika_package/share/joshika_package/cmake/joshika_packageConfig-version.cmake
[0.978s] -- Installing: /home/joshikanamani/Ros2/ros2_ws1/install/joshika_package/share/joshika_package/package.xml
[0.981s] Invoked command in '/home/joshikanamani/Ros2/ros2_ws1/build/joshika_package' returned '0': CMAKE_PREFIX_PATH=${CMAKE_PREFIX_PATH}:/opt/ros/foxy /usr/local/bin/cmake --install /home/joshikanamani/Ros2/ros2_ws1/build/joshika_package
