[0.050s] Invoking command in '/home/joshikanamani/Ros2/ros2_ws1/build/more_interfaces': CMAKE_PREFIX_PATH=${CMAKE_PREFIX_PATH}:/opt/ros/foxy /usr/local/bin/cmake --build /home/joshikanamani/Ros2/ros2_ws1/build/more_interfaces -- -j8 -l8
[0.085s] [ 12%] Built target more_interfaces__cpp
[0.087s] [ 12%] Built target more_interfaces__rosidl_generator_c
[0.105s] [ 22%] Built target more_interfaces__rosidl_typesupport_c
[0.111s] [ 32%] Built target more_interfaces__rosidl_typesupport_introspection_c
[0.127s] [ 41%] Built target more_interfaces__rosidl_typesupport_cpp
[0.127s] [ 51%] Built target more_interfaces__rosidl_typesupport_fastrtps_cpp
[0.133s] [ 61%] Built target more_interfaces__rosidl_typesupport_introspection_cpp
[0.140s] [ 70%] Built target more_interfaces__rosidl_typesupport_fastrtps_c
[0.151s] [ 70%] Built target more_interfaces
[0.161s] [ 74%] Built target more_interfaces__py
[0.175s] [ 80%] Built target more_interfaces__python
[0.189s] [ 87%] Built target more_interfaces__rosidl_typesupport_c__pyext
[0.190s] [ 93%] Built target more_interfaces__rosidl_typesupport_fastrtps_c__pyext
[0.191s] [100%] Built target more_interfaces__rosidl_typesupport_introspection_c__pyext
[0.477s] Invoked command in '/home/joshikanamani/Ros2/ros2_ws1/build/more_interfaces' returned '0': CMAKE_PREFIX_PATH=${CMAKE_PREFIX_PATH}:/opt/ros/foxy /usr/local/bin/cmake --build /home/joshikanamani/Ros2/ros2_ws1/build/more_interfaces -- -j8 -l8
[0.478s] Invoking command in '/home/joshikanamani/Ros2/ros2_ws1/build/more_interfaces': CMAKE_PREFIX_PATH=${CMAKE_PREFIX_PATH}:/opt/ros/foxy /usr/local/bin/cmake --install /home/joshikanamani/Ros2/ros2_ws1/build/more_interfaces
[0.674s] -- Install configuration: ""
[0.674s] -- Up-to-date: /home/joshikanamani/Ros2/ros2_ws1/install/more_interfaces/share/ament_index/resource_index/rosidl_interfaces/more_interfaces
[0.674s] -- Up-to-date: /home/joshikanamani/Ros2/ros2_ws1/install/more_interfaces/include/more_interfaces
[0.675s] -- Up-to-date: /home/joshikanamani/Ros2/ros2_ws1/install/more_interfaces/include/more_interfaces/msg
[0.675s] -- Up-to-date: /home/joshikanamani/Ros2/ros2_ws1/install/more_interfaces/include/more_interfaces/msg/detail
[0.675s] -- Up-to-date: /home/joshikanamani/Ros2/ros2_ws1/install/more_interfaces/include/more_interfaces/msg/detail/address_book__functions.h
[0.675s] -- Up-to-date: /home/joshikanamani/Ros2/ros2_ws1/install/more_interfaces/include/more_interfaces/msg/detail/address_book__functions.c
[0.675s] -- Up-to-date: /home/joshikanamani/Ros2/ros2_ws1/install/more_interfaces/include/more_interfaces/msg/detail/address_book__type_support.h
[0.675s] -- Up-to-date: /home/joshikanamani/Ros2/ros2_ws1/install/more_interfaces/include/more_interfaces/msg/detail/address_book__struct.h
[0.675s] -- Up-to-date: /home/joshikanamani/Ros2/ros2_ws1/install/more_interfaces/include/more_interfaces/msg/address_book.h
[0.675s] -- Up-to-date: /home/joshikanamani/Ros2/ros2_ws1/install/more_interfaces/include/more_interfaces/msg/rosidl_generator_c__visibility_control.h
[0.676s] -- Up-to-date: /home/joshikanamani/Ros2/ros2_ws1/install/more_interfaces/share/more_interfaces/environment/library_path.sh
[0.676s] -- Up-to-date: /home/joshikanamani/Ros2/ros2_ws1/install/more_interfaces/share/more_interfaces/environment/library_path.dsv
[0.676s] -- Up-to-date: /home/joshikanamani/Ros2/ros2_ws1/install/more_interfaces/lib/libmore_interfaces__rosidl_generator_c.so
[0.676s] -- Up-to-date: /home/joshikanamani/Ros2/ros2_ws1/install/more_interfaces/include/more_interfaces
[0.676s] -- Up-to-date: /home/joshikanamani/Ros2/ros2_ws1/install/more_interfaces/include/more_interfaces/msg
[0.676s] -- Up-to-date: /home/joshikanamani/Ros2/ros2_ws1/install/more_interfaces/include/more_interfaces/msg/detail
[0.677s] -- Up-to-date: /home/joshikanamani/Ros2/ros2_ws1/install/more_interfaces/include/more_interfaces/msg/detail/address_book__rosidl_typesupport_fastrtps_c.h
[0.677s] -- Up-to-date: /home/joshikanamani/Ros2/ros2_ws1/install/more_interfaces/include/more_interfaces/msg/rosidl_typesupport_fastrtps_c__visibility_control.h
[0.677s] -- Up-to-date: /home/joshikanamani/Ros2/ros2_ws1/install/more_interfaces/lib/libmore_interfaces__rosidl_typesupport_fastrtps_c.so
[0.681s] -- Up-to-date: /home/joshikanamani/Ros2/ros2_ws1/install/more_interfaces/include/more_interfaces
[0.681s] -- Up-to-date: /home/joshikanamani/Ros2/ros2_ws1/install/more_interfaces/include/more_interfaces/msg
[0.681s] -- Up-to-date: /home/joshikanamani/Ros2/ros2_ws1/install/more_interfaces/include/more_interfaces/msg/detail
[0.681s] -- Up-to-date: /home/joshikanamani/Ros2/ros2_ws1/install/more_interfaces/include/more_interfaces/msg/detail/address_book__rosidl_typesupport_fastrtps_cpp.hpp
[0.681s] -- Up-to-date: /home/joshikanamani/Ros2/ros2_ws1/install/more_interfaces/include/more_interfaces/msg/detail/dds_fastrtps
[0.681s] -- Up-to-date: /home/joshikanamani/Ros2/ros2_ws1/install/more_interfaces/include/more_interfaces/msg/rosidl_typesupport_fastrtps_cpp__visibility_control.h
[0.681s] -- Up-to-date: /home/joshikanamani/Ros2/ros2_ws1/install/more_interfaces/lib/libmore_interfaces__rosidl_typesupport_fastrtps_cpp.so
[0.682s] -- Up-to-date: /home/joshikanamani/Ros2/ros2_ws1/install/more_interfaces/include/more_interfaces
[0.682s] -- Up-to-date: /home/joshikanamani/Ros2/ros2_ws1/install/more_interfaces/include/more_interfaces/msg
[0.682s] -- Up-to-date: /home/joshikanamani/Ros2/ros2_ws1/install/more_interfaces/include/more_interfaces/msg/detail
[0.682s] -- Up-to-date: /home/joshikanamani/Ros2/ros2_ws1/install/more_interfaces/include/more_interfaces/msg/detail/address_book__rosidl_typesupport_introspection_c.h
[0.682s] -- Up-to-date: /home/joshikanamani/Ros2/ros2_ws1/install/more_interfaces/include/more_interfaces/msg/detail/address_book__type_support.c
[0.682s] -- Up-to-date: /home/joshikanamani/Ros2/ros2_ws1/install/more_interfaces/include/more_interfaces/msg/rosidl_typesupport_introspection_c__visibility_control.h
[0.682s] -- Up-to-date: /home/joshikanamani/Ros2/ros2_ws1/install/more_interfaces/lib/libmore_interfaces__rosidl_typesupport_introspection_c.so
[0.683s] -- Up-to-date: /home/joshikanamani/Ros2/ros2_ws1/install/more_interfaces/lib/libmore_interfaces__rosidl_typesupport_c.so
[0.683s] -- Up-to-date: /home/joshikanamani/Ros2/ros2_ws1/install/more_interfaces/include/more_interfaces
[0.683s] -- Up-to-date: /home/joshikanamani/Ros2/ros2_ws1/install/more_interfaces/include/more_interfaces/msg
[0.683s] -- Up-to-date: /home/joshikanamani/Ros2/ros2_ws1/install/more_interfaces/include/more_interfaces/msg/detail
[0.683s] -- Up-to-date: /home/joshikanamani/Ros2/ros2_ws1/install/more_interfaces/include/more_interfaces/msg/detail/address_book__type_support.hpp
[0.683s] -- Up-to-date: /home/joshikanamani/Ros2/ros2_ws1/install/more_interfaces/include/more_interfaces/msg/detail/address_book__struct.hpp
[0.683s] -- Up-to-date: /home/joshikanamani/Ros2/ros2_ws1/install/more_interfaces/include/more_interfaces/msg/detail/address_book__builder.hpp
[0.683s] -- Up-to-date: /home/joshikanamani/Ros2/ros2_ws1/install/more_interfaces/include/more_interfaces/msg/detail/address_book__traits.hpp
[0.684s] -- Up-to-date: /home/joshikanamani/Ros2/ros2_ws1/install/more_interfaces/include/more_interfaces/msg/address_book.hpp
[0.684s] -- Up-to-date: /home/joshikanamani/Ros2/ros2_ws1/install/more_interfaces/include/more_interfaces/msg/rosidl_generator_cpp__visibility_control.hpp
[0.684s] -- Up-to-date: /home/joshikanamani/Ros2/ros2_ws1/install/more_interfaces/include/more_interfaces
[0.684s] -- Up-to-date: /home/joshikanamani/Ros2/ros2_ws1/install/more_interfaces/include/more_interfaces/msg
[0.684s] -- Up-to-date: /home/joshikanamani/Ros2/ros2_ws1/install/more_interfaces/include/more_interfaces/msg/detail
[0.684s] -- Up-to-date: /home/joshikanamani/Ros2/ros2_ws1/install/more_interfaces/include/more_interfaces/msg/detail/address_book__rosidl_typesupport_introspection_cpp.hpp
[0.684s] -- Up-to-date: /home/joshikanamani/Ros2/ros2_ws1/install/more_interfaces/include/more_interfaces/msg/detail/address_book__type_support.cpp
[0.684s] -- Up-to-date: /home/joshikanamani/Ros2/ros2_ws1/install/more_interfaces/lib/libmore_interfaces__rosidl_typesupport_introspection_cpp.so
[0.685s] -- Up-to-date: /home/joshikanamani/Ros2/ros2_ws1/install/more_interfaces/lib/libmore_interfaces__rosidl_typesupport_cpp.so
[0.685s] -- Up-to-date: /home/joshikanamani/Ros2/ros2_ws1/install/more_interfaces/share/more_interfaces/environment/pythonpath.sh
[0.685s] -- Up-to-date: /home/joshikanamani/Ros2/ros2_ws1/install/more_interfaces/share/more_interfaces/environment/pythonpath.dsv
[0.685s] -- Up-to-date: /home/joshikanamani/Ros2/ros2_ws1/install/more_interfaces/lib/python3.8/site-packages/more_interfaces/__init__.py
[0.685s] -- Up-to-date: /home/joshikanamani/Ros2/ros2_ws1/install/more_interfaces/lib/python3.8/site-packages/more_interfaces/msg
[0.685s] -- Up-to-date: /home/joshikanamani/Ros2/ros2_ws1/install/more_interfaces/lib/python3.8/site-packages/more_interfaces/msg/_address_book.py
[0.685s] -- Up-to-date: /home/joshikanamani/Ros2/ros2_ws1/install/more_interfaces/lib/python3.8/site-packages/more_interfaces/msg/__init__.py
[0.685s] -- Up-to-date: /home/joshikanamani/Ros2/ros2_ws1/install/more_interfaces/lib/python3.8/site-packages/more_interfaces/msg/_address_book_s.c
[0.685s] -- Up-to-date: /home/joshikanamani/Ros2/ros2_ws1/install/more_interfaces/lib/python3.8/site-packages/more_interfaces/more_interfaces_s__rosidl_typesupport_fastrtps_c.cpython-38-x86_64-linux-gnu.so
[0.686s] -- Up-to-date: /home/joshikanamani/Ros2/ros2_ws1/install/more_interfaces/lib/python3.8/site-packages/more_interfaces/more_interfaces_s__rosidl_typesupport_introspection_c.cpython-38-x86_64-linux-gnu.so
[0.686s] -- Up-to-date: /home/joshikanamani/Ros2/ros2_ws1/install/more_interfaces/lib/python3.8/site-packages/more_interfaces/more_interfaces_s__rosidl_typesupport_c.cpython-38-x86_64-linux-gnu.so
[0.686s] -- Up-to-date: /home/joshikanamani/Ros2/ros2_ws1/install/more_interfaces/lib/libmore_interfaces__python.so
[0.686s] -- Up-to-date: /home/joshikanamani/Ros2/ros2_ws1/install/more_interfaces/share/more_interfaces/msg/AddressBook.idl
[0.686s] -- Up-to-date: /home/joshikanamani/Ros2/ros2_ws1/install/more_interfaces/share/more_interfaces/msg/AddressBook.msg
[0.686s] -- Up-to-date: /home/joshikanamani/Ros2/ros2_ws1/install/more_interfaces/share/ament_index/resource_index/package_run_dependencies/more_interfaces
[0.686s] -- Up-to-date: /home/joshikanamani/Ros2/ros2_ws1/install/more_interfaces/share/ament_index/resource_index/parent_prefix_path/more_interfaces
[0.686s] -- Up-to-date: /home/joshikanamani/Ros2/ros2_ws1/install/more_interfaces/share/more_interfaces/environment/ament_prefix_path.sh
[0.686s] -- Up-to-date: /home/joshikanamani/Ros2/ros2_ws1/install/more_interfaces/share/more_interfaces/environment/ament_prefix_path.dsv
[0.686s] -- Up-to-date: /home/joshikanamani/Ros2/ros2_ws1/install/more_interfaces/share/more_interfaces/environment/path.sh
[0.686s] -- Up-to-date: /home/joshikanamani/Ros2/ros2_ws1/install/more_interfaces/share/more_interfaces/environment/path.dsv
[0.687s] -- Up-to-date: /home/joshikanamani/Ros2/ros2_ws1/install/more_interfaces/share/more_interfaces/local_setup.bash
[0.687s] -- Up-to-date: /home/joshikanamani/Ros2/ros2_ws1/install/more_interfaces/share/more_interfaces/local_setup.sh
[0.687s] -- Up-to-date: /home/joshikanamani/Ros2/ros2_ws1/install/more_interfaces/share/more_interfaces/local_setup.zsh
[0.687s] -- Up-to-date: /home/joshikanamani/Ros2/ros2_ws1/install/more_interfaces/share/more_interfaces/local_setup.dsv
[0.687s] -- Installing: /home/joshikanamani/Ros2/ros2_ws1/install/more_interfaces/share/more_interfaces/package.dsv
[0.687s] -- Up-to-date: /home/joshikanamani/Ros2/ros2_ws1/install/more_interfaces/share/ament_index/resource_index/packages/more_interfaces
[0.687s] -- Up-to-date: /home/joshikanamani/Ros2/ros2_ws1/install/more_interfaces/share/more_interfaces/cmake/more_interfaces__rosidl_generator_cExport.cmake
[0.687s] -- Up-to-date: /home/joshikanamani/Ros2/ros2_ws1/install/more_interfaces/share/more_interfaces/cmake/more_interfaces__rosidl_generator_cExport-noconfig.cmake
[0.687s] -- Up-to-date: /home/joshikanamani/Ros2/ros2_ws1/install/more_interfaces/share/more_interfaces/cmake/more_interfaces__rosidl_typesupport_introspection_cExport.cmake
[0.688s] -- Up-to-date: /home/joshikanamani/Ros2/ros2_ws1/install/more_interfaces/share/more_interfaces/cmake/more_interfaces__rosidl_typesupport_introspection_cExport-noconfig.cmake
[0.688s] -- Up-to-date: /home/joshikanamani/Ros2/ros2_ws1/install/more_interfaces/share/more_interfaces/cmake/more_interfaces__rosidl_typesupport_cExport.cmake
[0.688s] -- Up-to-date: /home/joshikanamani/Ros2/ros2_ws1/install/more_interfaces/share/more_interfaces/cmake/more_interfaces__rosidl_typesupport_cExport-noconfig.cmake
[0.688s] -- Up-to-date: /home/joshikanamani/Ros2/ros2_ws1/install/more_interfaces/share/more_interfaces/cmake/more_interfaces__rosidl_generator_cppExport.cmake
[0.688s] -- Up-to-date: /home/joshikanamani/Ros2/ros2_ws1/install/more_interfaces/share/more_interfaces/cmake/more_interfaces__rosidl_typesupport_introspection_cppExport.cmake
[0.688s] -- Up-to-date: /home/joshikanamani/Ros2/ros2_ws1/install/more_interfaces/share/more_interfaces/cmake/more_interfaces__rosidl_typesupport_introspection_cppExport-noconfig.cmake
[0.688s] -- Up-to-date: /home/joshikanamani/Ros2/ros2_ws1/install/more_interfaces/share/more_interfaces/cmake/more_interfaces__rosidl_typesupport_cppExport.cmake
[0.689s] -- Up-to-date: /home/joshikanamani/Ros2/ros2_ws1/install/more_interfaces/share/more_interfaces/cmake/more_interfaces__rosidl_typesupport_cppExport-noconfig.cmake
[0.689s] -- Up-to-date: /home/joshikanamani/Ros2/ros2_ws1/install/more_interfaces/share/more_interfaces/cmake/rosidl_cmake-extras.cmake
[0.689s] -- Up-to-date: /home/joshikanamani/Ros2/ros2_ws1/install/more_interfaces/share/more_interfaces/cmake/ament_cmake_export_dependencies-extras.cmake
[0.689s] -- Up-to-date: /home/joshikanamani/Ros2/ros2_ws1/install/more_interfaces/share/more_interfaces/cmake/ament_cmake_export_libraries-extras.cmake
[0.689s] -- Up-to-date: /home/joshikanamani/Ros2/ros2_ws1/install/more_interfaces/share/more_interfaces/cmake/ament_cmake_export_targets-extras.cmake
[0.689s] -- Up-to-date: /home/joshikanamani/Ros2/ros2_ws1/install/more_interfaces/share/more_interfaces/cmake/ament_cmake_export_include_directories-extras.cmake
[0.689s] -- Up-to-date: /home/joshikanamani/Ros2/ros2_ws1/install/more_interfaces/share/more_interfaces/cmake/rosidl_cmake_export_typesupport_libraries-extras.cmake
[0.689s] -- Up-to-date: /home/joshikanamani/Ros2/ros2_ws1/install/more_interfaces/share/more_interfaces/cmake/rosidl_cmake_export_typesupport_targets-extras.cmake
[0.689s] -- Up-to-date: /home/joshikanamani/Ros2/ros2_ws1/install/more_interfaces/share/more_interfaces/cmake/more_interfacesConfig.cmake
[0.690s] -- Up-to-date: /home/joshikanamani/Ros2/ros2_ws1/install/more_interfaces/share/more_interfaces/cmake/more_interfacesConfig-version.cmake
[0.690s] -- Up-to-date: /home/joshikanamani/Ros2/ros2_ws1/install/more_interfaces/share/more_interfaces/package.xml
[0.690s] Invoked command in '/home/joshikanamani/Ros2/ros2_ws1/build/more_interfaces' returned '0': CMAKE_PREFIX_PATH=${CMAKE_PREFIX_PATH}:/opt/ros/foxy /usr/local/bin/cmake --install /home/joshikanamani/Ros2/ros2_ws1/build/more_interfaces
