[0.013s] Invoking command in '/home/joshikanamani/Ros2/ros2_ws1/build/cpp_parameters': CMAKE_PREFIX_PATH=${CMAKE_PREFIX_PATH}:/opt/ros/foxy /usr/local/bin/cmake --build /home/joshikanamani/Ros2/ros2_ws1/build/cpp_parameters -- -j8 -l8
[0.028s] -- Found ament_cmake: 0.9.12 (/opt/ros/foxy/share/ament_cmake/cmake)
[0.050s] -- Using PYTHON_EXECUTABLE: /usr/bin/python3
[0.239s] -- Found rclcpp: 2.4.3 (/opt/ros/foxy/share/rclcpp/cmake)
[0.282s] -- Using all available rosidl_typesupport_c: rosidl_typesupport_fastrtps_c;rosidl_typesupport_introspection_c
[0.285s] -- Found rosidl_adapter: 1.3.1 (/opt/ros/foxy/share/rosidl_adapter/cmake)
[0.430s] -- Using all available rosidl_typesupport_cpp: rosidl_typesupport_fastrtps_cpp;rosidl_typesupport_introspection_cpp
[0.472s] -- Found rmw_implementation_cmake: 1.0.4 (/opt/ros/foxy/share/rmw_implementation_cmake/cmake)
[0.474s] -- Using RMW implementation 'rmw_fastrtps_cpp' as default
[0.598s] -- Found ament_lint_auto: 0.9.8 (/opt/ros/foxy/share/ament_lint_auto/cmake)
[0.693s] -- Added test 'copyright' to check source files copyright and LICENSE
[0.693s] -- Added test 'cppcheck' to perform static code analysis on C / C++ code
[0.693s] -- Configured cppcheck include dirs: 
[0.693s] -- Configured cppcheck exclude dirs and/or files: 
[0.694s] -- Added test 'cpplint' to check C / C++ code against the Google style
[0.694s] -- Configured cpplint exclude dirs and/or files: 
[0.694s] -- Added test 'flake8' to check Python code syntax and style conventions
[0.695s] -- Added test 'lint_cmake' to check CMake code style
[0.695s] -- Added test 'pep257' to check Python code against some of the style conventions in PEP 257
[0.695s] -- Added test 'uncrustify' to check C / C++ code style
[0.695s] -- Configured uncrustify additional arguments: 
[0.696s] -- Added test 'xmllint' to check XML markup files
[0.696s] -- Configuring done
[0.707s] -- Generating done
[0.712s] -- Build files have been written to: /home/joshikanamani/Ros2/ros2_ws1/build/cpp_parameters
[0.751s] [ 50%] [32m[1mLinking CXX executable minimal_param_node[0m
[0.886s] [100%] Built target minimal_param_node
[0.891s] Invoked command in '/home/joshikanamani/Ros2/ros2_ws1/build/cpp_parameters' returned '0': CMAKE_PREFIX_PATH=${CMAKE_PREFIX_PATH}:/opt/ros/foxy /usr/local/bin/cmake --build /home/joshikanamani/Ros2/ros2_ws1/build/cpp_parameters -- -j8 -l8
[0.898s] Invoking command in '/home/joshikanamani/Ros2/ros2_ws1/build/cpp_parameters': CMAKE_PREFIX_PATH=${CMAKE_PREFIX_PATH}:/opt/ros/foxy /usr/local/bin/cmake --install /home/joshikanamani/Ros2/ros2_ws1/build/cpp_parameters
[0.901s] -- Install configuration: ""
[0.901s] -- Installing: /home/joshikanamani/Ros2/ros2_ws1/install/cpp_parameters/share/cpp_parameters/launch
[0.901s] -- Installing: /home/joshikanamani/Ros2/ros2_ws1/install/cpp_parameters/share/cpp_parameters/launch/launch.py
[0.901s] -- Up-to-date: /home/joshikanamani/Ros2/ros2_ws1/install/cpp_parameters/share/ament_index/resource_index/package_run_dependencies/cpp_parameters
[0.901s] -- Installing: /home/joshikanamani/Ros2/ros2_ws1/install/cpp_parameters/share/ament_index/resource_index/parent_prefix_path/cpp_parameters
[0.901s] -- Up-to-date: /home/joshikanamani/Ros2/ros2_ws1/install/cpp_parameters/share/cpp_parameters/environment/ament_prefix_path.sh
[0.901s] -- Installing: /home/joshikanamani/Ros2/ros2_ws1/install/cpp_parameters/share/cpp_parameters/environment/ament_prefix_path.dsv
[0.901s] -- Up-to-date: /home/joshikanamani/Ros2/ros2_ws1/install/cpp_parameters/share/cpp_parameters/environment/path.sh
[0.901s] -- Installing: /home/joshikanamani/Ros2/ros2_ws1/install/cpp_parameters/share/cpp_parameters/environment/path.dsv
[0.901s] -- Up-to-date: /home/joshikanamani/Ros2/ros2_ws1/install/cpp_parameters/share/cpp_parameters/local_setup.bash
[0.902s] -- Up-to-date: /home/joshikanamani/Ros2/ros2_ws1/install/cpp_parameters/share/cpp_parameters/local_setup.sh
[0.902s] -- Up-to-date: /home/joshikanamani/Ros2/ros2_ws1/install/cpp_parameters/share/cpp_parameters/local_setup.zsh
[0.902s] -- Installing: /home/joshikanamani/Ros2/ros2_ws1/install/cpp_parameters/share/cpp_parameters/local_setup.dsv
[0.902s] -- Installing: /home/joshikanamani/Ros2/ros2_ws1/install/cpp_parameters/share/cpp_parameters/package.dsv
[0.902s] -- Up-to-date: /home/joshikanamani/Ros2/ros2_ws1/install/cpp_parameters/share/ament_index/resource_index/packages/cpp_parameters
[0.902s] -- Up-to-date: /home/joshikanamani/Ros2/ros2_ws1/install/cpp_parameters/share/cpp_parameters/cmake/cpp_parametersConfig.cmake
[0.902s] -- Up-to-date: /home/joshikanamani/Ros2/ros2_ws1/install/cpp_parameters/share/cpp_parameters/cmake/cpp_parametersConfig-version.cmake
[0.902s] -- Up-to-date: /home/joshikanamani/Ros2/ros2_ws1/install/cpp_parameters/share/cpp_parameters/package.xml
[0.904s] Invoked command in '/home/joshikanamani/Ros2/ros2_ws1/build/cpp_parameters' returned '0': CMAKE_PREFIX_PATH=${CMAKE_PREFIX_PATH}:/opt/ros/foxy /usr/local/bin/cmake --install /home/joshikanamani/Ros2/ros2_ws1/build/cpp_parameters
