[0.045s] Invoking command in '/home/joshikanamani/Ros2/ros2_ws1/build/cpp_srvcli': CMAKE_PREFIX_PATH=${CMAKE_PREFIX_PATH}:/opt/ros/foxy /usr/local/bin/cmake --build /home/joshikanamani/Ros2/ros2_ws1/build/cpp_srvcli -- -j8 -l8
[0.087s] [ 50%] Built target client
[0.088s] [100%] Built target server
[0.136s] Invoked command in '/home/joshikanamani/Ros2/ros2_ws1/build/cpp_srvcli' returned '0': CMAKE_PREFIX_PATH=${CMAKE_PREFIX_PATH}:/opt/ros/foxy /usr/local/bin/cmake --build /home/joshikanamani/Ros2/ros2_ws1/build/cpp_srvcli -- -j8 -l8
[0.138s] Invoking command in '/home/joshikanamani/Ros2/ros2_ws1/build/cpp_srvcli': CMAKE_PREFIX_PATH=${CMAKE_PREFIX_PATH}:/opt/ros/foxy /usr/local/bin/cmake --install /home/joshikanamani/Ros2/ros2_ws1/build/cpp_srvcli
[0.146s] -- Install configuration: ""
[0.146s] -- Up-to-date: /home/joshikanamani/Ros2/ros2_ws1/install/cpp_srvcli/lib/cpp_srvcli/server
[0.146s] -- Up-to-date: /home/joshikanamani/Ros2/ros2_ws1/install/cpp_srvcli/lib/cpp_srvcli/client
[0.147s] -- Up-to-date: /home/joshikanamani/Ros2/ros2_ws1/install/cpp_srvcli/share/ament_index/resource_index/package_run_dependencies/cpp_srvcli
[0.147s] -- Up-to-date: /home/joshikanamani/Ros2/ros2_ws1/install/cpp_srvcli/share/ament_index/resource_index/parent_prefix_path/cpp_srvcli
[0.147s] -- Up-to-date: /home/joshikanamani/Ros2/ros2_ws1/install/cpp_srvcli/share/cpp_srvcli/environment/ament_prefix_path.sh
[0.147s] -- Up-to-date: /home/joshikanamani/Ros2/ros2_ws1/install/cpp_srvcli/share/cpp_srvcli/environment/ament_prefix_path.dsv
[0.147s] -- Up-to-date: /home/joshikanamani/Ros2/ros2_ws1/install/cpp_srvcli/share/cpp_srvcli/environment/path.sh
[0.147s] -- Up-to-date: /home/joshikanamani/Ros2/ros2_ws1/install/cpp_srvcli/share/cpp_srvcli/environment/path.dsv
[0.147s] -- Up-to-date: /home/joshikanamani/Ros2/ros2_ws1/install/cpp_srvcli/share/cpp_srvcli/local_setup.bash
[0.147s] -- Up-to-date: /home/joshikanamani/Ros2/ros2_ws1/install/cpp_srvcli/share/cpp_srvcli/local_setup.sh
[0.147s] -- Up-to-date: /home/joshikanamani/Ros2/ros2_ws1/install/cpp_srvcli/share/cpp_srvcli/local_setup.zsh
[0.148s] -- Up-to-date: /home/joshikanamani/Ros2/ros2_ws1/install/cpp_srvcli/share/cpp_srvcli/local_setup.dsv
[0.148s] -- Installing: /home/joshikanamani/Ros2/ros2_ws1/install/cpp_srvcli/share/cpp_srvcli/package.dsv
[0.148s] -- Up-to-date: /home/joshikanamani/Ros2/ros2_ws1/install/cpp_srvcli/share/ament_index/resource_index/packages/cpp_srvcli
[0.148s] -- Up-to-date: /home/joshikanamani/Ros2/ros2_ws1/install/cpp_srvcli/share/cpp_srvcli/cmake/cpp_srvcliConfig.cmake
[0.148s] -- Up-to-date: /home/joshikanamani/Ros2/ros2_ws1/install/cpp_srvcli/share/cpp_srvcli/cmake/cpp_srvcliConfig-version.cmake
[0.148s] -- Up-to-date: /home/joshikanamani/Ros2/ros2_ws1/install/cpp_srvcli/share/cpp_srvcli/package.xml
[0.200s] Invoked command in '/home/joshikanamani/Ros2/ros2_ws1/build/cpp_srvcli' returned '0': CMAKE_PREFIX_PATH=${CMAKE_PREFIX_PATH}:/opt/ros/foxy /usr/local/bin/cmake --install /home/joshikanamani/Ros2/ros2_ws1/build/cpp_srvcli
