[0.206s] DEBUG:colcon:Command line arguments: ['/usr/bin/colcon', 'build']
[0.206s] DEBUG:colcon:Parsed command line arguments: Namespace(allow_overriding=[], ament_cmake_args=None, base_paths=['.'], build_base='build', catkin_cmake_args=None, catkin_skip_building_tests=False, cmake_args=None, cmake_clean_cache=False, cmake_clean_first=False, cmake_force_configure=False, cmake_target=None, cmake_target_skip_unavailable=False, continue_on_error=False, event_handlers=None, executor='parallel', ignore_user_meta=False, install_base='install', log_base=None, log_level=None, main=<bound method BuildVerb.main of <colcon_core.verb.build.BuildVerb object at 0x7fba57158bb0>>, merge_install=False, metas=['./colcon.meta'], mixin=None, mixin_files=None, mixin_verb=('build',), packages_above=None, packages_above_and_dependencies=None, packages_above_depth=None, packages_end=None, packages_ignore=None, packages_ignore_regex=None, packages_select=None, packages_select_build_failed=False, packages_select_by_dep=None, packages_select_regex=None, packages_select_test_failures=False, packages_skip=None, packages_skip_build_finished=False, packages_skip_by_dep=None, packages_skip_regex=None, packages_skip_test_passed=False, packages_skip_up_to=None, packages_start=None, packages_up_to=None, packages_up_to_regex=None, parallel_workers=8, paths=None, symlink_install=False, test_result_base=None, verb_extension=<colcon_core.verb.build.BuildVerb object at 0x7fba57158bb0>, verb_name='build', verb_parser=<colcon_mixin.mixin.mixin_argument.MixinArgumentDecorator object at 0x7fba570e1340>)
[0.386s] Level 1:colcon.colcon_core.package_discovery:discover_packages(colcon_meta) check parameters
[0.386s] Level 1:colcon.colcon_core.package_discovery:discover_packages(recursive) check parameters
[0.386s] Level 1:colcon.colcon_core.package_discovery:discover_packages(ignore) check parameters
[0.386s] Level 1:colcon.colcon_core.package_discovery:discover_packages(path) check parameters
[0.386s] Level 1:colcon.colcon_core.package_discovery:discover_packages(colcon_meta) discover
[0.386s] Level 1:colcon.colcon_core.package_discovery:discover_packages(recursive) discover
[0.386s] INFO:colcon.colcon_core.package_discovery:Crawling recursively for packages in '/home/joshikanamani/Ros2/ros2_ws1'
[0.386s] Level 1:colcon.colcon_core.package_identification:_identify(.) by extensions ['ignore', 'ignore_ament_install']
[0.386s] Level 1:colcon.colcon_core.package_identification:_identify(.) by extension 'ignore'
[0.386s] Level 1:colcon.colcon_core.package_identification:_identify(.) by extension 'ignore_ament_install'
[0.386s] Level 1:colcon.colcon_core.package_identification:_identify(.) by extensions ['colcon_pkg']
[0.386s] Level 1:colcon.colcon_core.package_identification:_identify(.) by extension 'colcon_pkg'
[0.386s] Level 1:colcon.colcon_core.package_identification:_identify(.) by extensions ['colcon_meta']
[0.386s] Level 1:colcon.colcon_core.package_identification:_identify(.) by extension 'colcon_meta'
[0.387s] Level 1:colcon.colcon_core.package_identification:_identify(.) by extensions ['ros']
[0.387s] Level 1:colcon.colcon_core.package_identification:_identify(.) by extension 'ros'
[0.416s] Level 1:colcon.colcon_core.package_identification:_identify(.) by extensions ['cmake', 'python']
[0.416s] Level 1:colcon.colcon_core.package_identification:_identify(.) by extension 'cmake'
[0.416s] Level 1:colcon.colcon_core.package_identification:_identify(.) by extension 'python'
[0.416s] Level 1:colcon.colcon_core.package_identification:_identify(.) by extensions ['python_setup_py']
[0.416s] Level 1:colcon.colcon_core.package_identification:_identify(.) by extension 'python_setup_py'
[0.416s] Level 1:colcon.colcon_core.package_identification:_identify(build) by extensions ['ignore', 'ignore_ament_install']
[0.416s] Level 1:colcon.colcon_core.package_identification:_identify(build) by extension 'ignore'
[0.416s] Level 1:colcon.colcon_core.package_identification:_identify(build) ignored
[0.416s] Level 1:colcon.colcon_core.package_identification:_identify(install) by extensions ['ignore', 'ignore_ament_install']
[0.416s] Level 1:colcon.colcon_core.package_identification:_identify(install) by extension 'ignore'
[0.416s] Level 1:colcon.colcon_core.package_identification:_identify(install) ignored
[0.416s] Level 1:colcon.colcon_core.package_identification:_identify(log) by extensions ['ignore', 'ignore_ament_install']
[0.416s] Level 1:colcon.colcon_core.package_identification:_identify(log) by extension 'ignore'
[0.416s] Level 1:colcon.colcon_core.package_identification:_identify(log) ignored
[0.417s] Level 1:colcon.colcon_core.package_identification:_identify(src) by extensions ['ignore', 'ignore_ament_install']
[0.417s] Level 1:colcon.colcon_core.package_identification:_identify(src) by extension 'ignore'
[0.417s] Level 1:colcon.colcon_core.package_identification:_identify(src) by extension 'ignore_ament_install'
[0.417s] Level 1:colcon.colcon_core.package_identification:_identify(src) by extensions ['colcon_pkg']
[0.417s] Level 1:colcon.colcon_core.package_identification:_identify(src) by extension 'colcon_pkg'
[0.417s] Level 1:colcon.colcon_core.package_identification:_identify(src) by extensions ['colcon_meta']
[0.417s] Level 1:colcon.colcon_core.package_identification:_identify(src) by extension 'colcon_meta'
[0.417s] Level 1:colcon.colcon_core.package_identification:_identify(src) by extensions ['ros']
[0.417s] Level 1:colcon.colcon_core.package_identification:_identify(src) by extension 'ros'
[0.417s] Level 1:colcon.colcon_core.package_identification:_identify(src) by extensions ['cmake', 'python']
[0.417s] Level 1:colcon.colcon_core.package_identification:_identify(src) by extension 'cmake'
[0.417s] Level 1:colcon.colcon_core.package_identification:_identify(src) by extension 'python'
[0.417s] Level 1:colcon.colcon_core.package_identification:_identify(src) by extensions ['python_setup_py']
[0.417s] Level 1:colcon.colcon_core.package_identification:_identify(src) by extension 'python_setup_py'
[0.417s] Level 1:colcon.colcon_core.package_identification:_identify(src/cpp_pubsub) by extensions ['ignore', 'ignore_ament_install']
[0.417s] Level 1:colcon.colcon_core.package_identification:_identify(src/cpp_pubsub) by extension 'ignore'
[0.417s] Level 1:colcon.colcon_core.package_identification:_identify(src/cpp_pubsub) by extension 'ignore_ament_install'
[0.417s] Level 1:colcon.colcon_core.package_identification:_identify(src/cpp_pubsub) by extensions ['colcon_pkg']
[0.417s] Level 1:colcon.colcon_core.package_identification:_identify(src/cpp_pubsub) by extension 'colcon_pkg'
[0.417s] Level 1:colcon.colcon_core.package_identification:_identify(src/cpp_pubsub) by extensions ['colcon_meta']
[0.417s] Level 1:colcon.colcon_core.package_identification:_identify(src/cpp_pubsub) by extension 'colcon_meta'
[0.417s] Level 1:colcon.colcon_core.package_identification:_identify(src/cpp_pubsub) by extensions ['ros']
[0.417s] Level 1:colcon.colcon_core.package_identification:_identify(src/cpp_pubsub) by extension 'ros'
[0.420s] DEBUG:colcon.colcon_core.package_identification:Package 'src/cpp_pubsub' with type 'ros.ament_cmake' and name 'cpp_pubsub'
[0.420s] Level 1:colcon.colcon_core.package_identification:_identify(src/cpp_srvcli) by extensions ['ignore', 'ignore_ament_install']
[0.420s] Level 1:colcon.colcon_core.package_identification:_identify(src/cpp_srvcli) by extension 'ignore'
[0.420s] Level 1:colcon.colcon_core.package_identification:_identify(src/cpp_srvcli) by extension 'ignore_ament_install'
[0.420s] Level 1:colcon.colcon_core.package_identification:_identify(src/cpp_srvcli) by extensions ['colcon_pkg']
[0.420s] Level 1:colcon.colcon_core.package_identification:_identify(src/cpp_srvcli) by extension 'colcon_pkg'
[0.420s] Level 1:colcon.colcon_core.package_identification:_identify(src/cpp_srvcli) by extensions ['colcon_meta']
[0.420s] Level 1:colcon.colcon_core.package_identification:_identify(src/cpp_srvcli) by extension 'colcon_meta'
[0.420s] Level 1:colcon.colcon_core.package_identification:_identify(src/cpp_srvcli) by extensions ['ros']
[0.420s] Level 1:colcon.colcon_core.package_identification:_identify(src/cpp_srvcli) by extension 'ros'
[0.421s] DEBUG:colcon.colcon_core.package_identification:Package 'src/cpp_srvcli' with type 'ros.ament_cmake' and name 'cpp_srvcli'
[0.421s] Level 1:colcon.colcon_core.package_identification:_identify(src/joshika_package) by extensions ['ignore', 'ignore_ament_install']
[0.421s] Level 1:colcon.colcon_core.package_identification:_identify(src/joshika_package) by extension 'ignore'
[0.421s] Level 1:colcon.colcon_core.package_identification:_identify(src/joshika_package) by extension 'ignore_ament_install'
[0.421s] Level 1:colcon.colcon_core.package_identification:_identify(src/joshika_package) by extensions ['colcon_pkg']
[0.421s] Level 1:colcon.colcon_core.package_identification:_identify(src/joshika_package) by extension 'colcon_pkg'
[0.421s] Level 1:colcon.colcon_core.package_identification:_identify(src/joshika_package) by extensions ['colcon_meta']
[0.421s] Level 1:colcon.colcon_core.package_identification:_identify(src/joshika_package) by extension 'colcon_meta'
[0.421s] Level 1:colcon.colcon_core.package_identification:_identify(src/joshika_package) by extensions ['ros']
[0.421s] Level 1:colcon.colcon_core.package_identification:_identify(src/joshika_package) by extension 'ros'
[0.422s] DEBUG:colcon.colcon_core.package_identification:Package 'src/joshika_package' with type 'ros.ament_cmake' and name 'joshika_package'
[0.422s] Level 1:colcon.colcon_core.package_identification:_identify(src/more_interfaces) by extensions ['ignore', 'ignore_ament_install']
[0.422s] Level 1:colcon.colcon_core.package_identification:_identify(src/more_interfaces) by extension 'ignore'
[0.422s] Level 1:colcon.colcon_core.package_identification:_identify(src/more_interfaces) by extension 'ignore_ament_install'
[0.422s] Level 1:colcon.colcon_core.package_identification:_identify(src/more_interfaces) by extensions ['colcon_pkg']
[0.422s] Level 1:colcon.colcon_core.package_identification:_identify(src/more_interfaces) by extension 'colcon_pkg'
[0.422s] Level 1:colcon.colcon_core.package_identification:_identify(src/more_interfaces) by extensions ['colcon_meta']
[0.422s] Level 1:colcon.colcon_core.package_identification:_identify(src/more_interfaces) by extension 'colcon_meta'
[0.422s] Level 1:colcon.colcon_core.package_identification:_identify(src/more_interfaces) by extensions ['ros']
[0.422s] Level 1:colcon.colcon_core.package_identification:_identify(src/more_interfaces) by extension 'ros'
[0.423s] DEBUG:colcon.colcon_core.package_identification:Package 'src/more_interfaces' with type 'ros.ament_cmake' and name 'more_interfaces'
[0.423s] Level 1:colcon.colcon_core.package_identification:_identify(src/ros_tutorials) by extensions ['ignore', 'ignore_ament_install']
[0.423s] Level 1:colcon.colcon_core.package_identification:_identify(src/ros_tutorials) by extension 'ignore'
[0.423s] Level 1:colcon.colcon_core.package_identification:_identify(src/ros_tutorials) by extension 'ignore_ament_install'
[0.423s] Level 1:colcon.colcon_core.package_identification:_identify(src/ros_tutorials) by extensions ['colcon_pkg']
[0.423s] Level 1:colcon.colcon_core.package_identification:_identify(src/ros_tutorials) by extension 'colcon_pkg'
[0.423s] Level 1:colcon.colcon_core.package_identification:_identify(src/ros_tutorials) by extensions ['colcon_meta']
[0.423s] Level 1:colcon.colcon_core.package_identification:_identify(src/ros_tutorials) by extension 'colcon_meta'
[0.423s] Level 1:colcon.colcon_core.package_identification:_identify(src/ros_tutorials) by extensions ['ros']
[0.423s] Level 1:colcon.colcon_core.package_identification:_identify(src/ros_tutorials) by extension 'ros'
[0.423s] Level 1:colcon.colcon_core.package_identification:_identify(src/ros_tutorials) by extensions ['cmake', 'python']
[0.423s] Level 1:colcon.colcon_core.package_identification:_identify(src/ros_tutorials) by extension 'cmake'
[0.423s] Level 1:colcon.colcon_core.package_identification:_identify(src/ros_tutorials) by extension 'python'
[0.423s] Level 1:colcon.colcon_core.package_identification:_identify(src/ros_tutorials) by extensions ['python_setup_py']
[0.423s] Level 1:colcon.colcon_core.package_identification:_identify(src/ros_tutorials) by extension 'python_setup_py'
[0.423s] Level 1:colcon.colcon_core.package_identification:_identify(src/ros_tutorials/ros_tutorials) by extensions ['ignore', 'ignore_ament_install']
[0.423s] Level 1:colcon.colcon_core.package_identification:_identify(src/ros_tutorials/ros_tutorials) by extension 'ignore'
[0.423s] Level 1:colcon.colcon_core.package_identification:_identify(src/ros_tutorials/ros_tutorials) ignored
[0.423s] Level 1:colcon.colcon_core.package_identification:_identify(src/ros_tutorials/roscpp_tutorials) by extensions ['ignore', 'ignore_ament_install']
[0.424s] Level 1:colcon.colcon_core.package_identification:_identify(src/ros_tutorials/roscpp_tutorials) by extension 'ignore'
[0.424s] Level 1:colcon.colcon_core.package_identification:_identify(src/ros_tutorials/roscpp_tutorials) ignored
[0.424s] Level 1:colcon.colcon_core.package_identification:_identify(src/ros_tutorials/rospy_tutorials) by extensions ['ignore', 'ignore_ament_install']
[0.424s] Level 1:colcon.colcon_core.package_identification:_identify(src/ros_tutorials/rospy_tutorials) by extension 'ignore'
[0.424s] Level 1:colcon.colcon_core.package_identification:_identify(src/ros_tutorials/rospy_tutorials) ignored
[0.424s] Level 1:colcon.colcon_core.package_identification:_identify(src/ros_tutorials/turtlesim) by extensions ['ignore', 'ignore_ament_install']
[0.424s] Level 1:colcon.colcon_core.package_identification:_identify(src/ros_tutorials/turtlesim) by extension 'ignore'
[0.424s] Level 1:colcon.colcon_core.package_identification:_identify(src/ros_tutorials/turtlesim) by extension 'ignore_ament_install'
[0.424s] Level 1:colcon.colcon_core.package_identification:_identify(src/ros_tutorials/turtlesim) by extensions ['colcon_pkg']
[0.424s] Level 1:colcon.colcon_core.package_identification:_identify(src/ros_tutorials/turtlesim) by extension 'colcon_pkg'
[0.424s] Level 1:colcon.colcon_core.package_identification:_identify(src/ros_tutorials/turtlesim) by extensions ['colcon_meta']
[0.424s] Level 1:colcon.colcon_core.package_identification:_identify(src/ros_tutorials/turtlesim) by extension 'colcon_meta'
[0.424s] Level 1:colcon.colcon_core.package_identification:_identify(src/ros_tutorials/turtlesim) by extensions ['ros']
[0.424s] Level 1:colcon.colcon_core.package_identification:_identify(src/ros_tutorials/turtlesim) by extension 'ros'
[0.425s] DEBUG:colcon.colcon_core.package_identification:Package 'src/ros_tutorials/turtlesim' with type 'ros.ament_cmake' and name 'turtlesim'
[0.425s] Level 1:colcon.colcon_core.package_identification:_identify(src/tutorial_interfaces) by extensions ['ignore', 'ignore_ament_install']
[0.425s] Level 1:colcon.colcon_core.package_identification:_identify(src/tutorial_interfaces) by extension 'ignore'
[0.425s] Level 1:colcon.colcon_core.package_identification:_identify(src/tutorial_interfaces) by extension 'ignore_ament_install'
[0.425s] Level 1:colcon.colcon_core.package_identification:_identify(src/tutorial_interfaces) by extensions ['colcon_pkg']
[0.425s] Level 1:colcon.colcon_core.package_identification:_identify(src/tutorial_interfaces) by extension 'colcon_pkg'
[0.425s] Level 1:colcon.colcon_core.package_identification:_identify(src/tutorial_interfaces) by extensions ['colcon_meta']
[0.426s] Level 1:colcon.colcon_core.package_identification:_identify(src/tutorial_interfaces) by extension 'colcon_meta'
[0.426s] Level 1:colcon.colcon_core.package_identification:_identify(src/tutorial_interfaces) by extensions ['ros']
[0.426s] Level 1:colcon.colcon_core.package_identification:_identify(src/tutorial_interfaces) by extension 'ros'
[0.426s] DEBUG:colcon.colcon_core.package_identification:Found ROS schema reference in package manifest in 'src/tutorial_interfaces'
[0.426s] WARNING:colcon.colcon_core.package_identification:Failed to parse ROS package manifest in 'src/tutorial_interfaces': Error(s) in package 'src/tutorial_interfaces/package.xml':
The package "tutorial_interfaces" must not "build_depend" on a package with the same name as this package
The package "tutorial_interfaces" must not "build_export_depend" on a package with the same name as this package
The package "tutorial_interfaces" must not "exec_depend" on a package with the same name as this package
[0.426s] Level 1:colcon.colcon_core.package_identification:_identify(src/tutorial_interfaces) by extensions ['cmake', 'python']
[0.427s] Level 1:colcon.colcon_core.package_identification:_identify(src/tutorial_interfaces) by extension 'cmake'
[0.428s] Level 1:colcon.colcon_core.package_identification:_identify(src/tutorial_interfaces) by extension 'python'
[0.428s] DEBUG:colcon.colcon_core.package_identification:Package 'src/tutorial_interfaces' with type 'cmake' and name 'tutorial_interfaces'
[0.428s] Level 1:colcon.colcon_core.package_discovery:discover_packages(recursive) using defaults
[0.428s] Level 1:colcon.colcon_core.package_discovery:discover_packages(ignore) discover
[0.428s] Level 1:colcon.colcon_core.package_discovery:discover_packages(ignore) using defaults
[0.428s] Level 1:colcon.colcon_core.package_discovery:discover_packages(path) discover
[0.428s] Level 1:colcon.colcon_core.package_discovery:discover_packages(path) using defaults
[0.449s] Level 1:colcon.colcon_core.package_discovery:discover_packages(prefix_path) check parameters
[0.449s] Level 1:colcon.colcon_core.package_discovery:discover_packages(prefix_path) discover
[0.450s] WARNING:colcon.colcon_ros.prefix_path.ament:The path '/home/joshikanamani/Ros2/ros2_ws1/install/tutorial_interfaces' in the environment variable AMENT_PREFIX_PATH doesn't exist
[0.450s] WARNING:colcon.colcon_ros.prefix_path.catkin:The path '/home/joshikanamani/Ros2/ros2_ws1/install/tutorial_interfaces' in the environment variable CMAKE_PREFIX_PATH doesn't exist
[0.450s] DEBUG:colcon.colcon_installed_package_information.package_discovery:Found 5 installed packages in /home/joshikanamani/Ros2/ros2_ws1/install
[0.452s] DEBUG:colcon.colcon_installed_package_information.package_discovery:Found 263 installed packages in /opt/ros/foxy
[0.453s] Level 1:colcon.colcon_core.package_discovery:discover_packages(prefix_path) using defaults
[0.514s] WARNING:colcon.colcon_core.package_selection:Some selected packages are already built in one or more underlay workspaces:
	'turtlesim' is in: /home/joshikanamani/Ros2/ros2_ws1/install/turtlesim, /opt/ros/foxy
If a package in a merged underlay workspace is overridden and it installs headers, then all packages in the overlay must sort their include directories by workspace order. Failure to do so may result in build failures or undefined behavior at run time.
If the overridden package is used by another package in any underlay, then the overriding package in the overlay must be API and ABI compatible or undefined behavior at run time may occur.

If you understand the risks and want to override a package anyways, add the following to the command line:
	--allow-overriding turtlesim

This may be promoted to an error in a future release of colcon-override-check.
[0.514s] Level 5:colcon.colcon_core.verb:set package 'cpp_pubsub' build argument 'cmake_args' from command line to 'None'
[0.514s] Level 5:colcon.colcon_core.verb:set package 'cpp_pubsub' build argument 'cmake_target' from command line to 'None'
[0.514s] Level 5:colcon.colcon_core.verb:set package 'cpp_pubsub' build argument 'cmake_target_skip_unavailable' from command line to 'False'
[0.514s] Level 5:colcon.colcon_core.verb:set package 'cpp_pubsub' build argument 'cmake_clean_cache' from command line to 'False'
[0.514s] Level 5:colcon.colcon_core.verb:set package 'cpp_pubsub' build argument 'cmake_clean_first' from command line to 'False'
[0.514s] Level 5:colcon.colcon_core.verb:set package 'cpp_pubsub' build argument 'cmake_force_configure' from command line to 'False'
[0.514s] Level 5:colcon.colcon_core.verb:set package 'cpp_pubsub' build argument 'ament_cmake_args' from command line to 'None'
[0.514s] Level 5:colcon.colcon_core.verb:set package 'cpp_pubsub' build argument 'catkin_cmake_args' from command line to 'None'
[0.515s] Level 5:colcon.colcon_core.verb:set package 'cpp_pubsub' build argument 'catkin_skip_building_tests' from command line to 'False'
[0.515s] DEBUG:colcon.colcon_core.verb:Building package 'cpp_pubsub' with the following arguments: {'ament_cmake_args': None, 'build_base': '/home/joshikanamani/Ros2/ros2_ws1/build/cpp_pubsub', 'catkin_cmake_args': None, 'catkin_skip_building_tests': False, 'cmake_args': None, 'cmake_clean_cache': False, 'cmake_clean_first': False, 'cmake_force_configure': False, 'cmake_target': None, 'cmake_target_skip_unavailable': False, 'install_base': '/home/joshikanamani/Ros2/ros2_ws1/install/cpp_pubsub', 'merge_install': False, 'path': '/home/joshikanamani/Ros2/ros2_ws1/src/cpp_pubsub', 'symlink_install': False, 'test_result_base': None}
[0.515s] Level 5:colcon.colcon_core.verb:set package 'cpp_srvcli' build argument 'cmake_args' from command line to 'None'
[0.515s] Level 5:colcon.colcon_core.verb:set package 'cpp_srvcli' build argument 'cmake_target' from command line to 'None'
[0.515s] Level 5:colcon.colcon_core.verb:set package 'cpp_srvcli' build argument 'cmake_target_skip_unavailable' from command line to 'False'
[0.515s] Level 5:colcon.colcon_core.verb:set package 'cpp_srvcli' build argument 'cmake_clean_cache' from command line to 'False'
[0.515s] Level 5:colcon.colcon_core.verb:set package 'cpp_srvcli' build argument 'cmake_clean_first' from command line to 'False'
[0.515s] Level 5:colcon.colcon_core.verb:set package 'cpp_srvcli' build argument 'cmake_force_configure' from command line to 'False'
[0.515s] Level 5:colcon.colcon_core.verb:set package 'cpp_srvcli' build argument 'ament_cmake_args' from command line to 'None'
[0.515s] Level 5:colcon.colcon_core.verb:set package 'cpp_srvcli' build argument 'catkin_cmake_args' from command line to 'None'
[0.515s] Level 5:colcon.colcon_core.verb:set package 'cpp_srvcli' build argument 'catkin_skip_building_tests' from command line to 'False'
[0.515s] DEBUG:colcon.colcon_core.verb:Building package 'cpp_srvcli' with the following arguments: {'ament_cmake_args': None, 'build_base': '/home/joshikanamani/Ros2/ros2_ws1/build/cpp_srvcli', 'catkin_cmake_args': None, 'catkin_skip_building_tests': False, 'cmake_args': None, 'cmake_clean_cache': False, 'cmake_clean_first': False, 'cmake_force_configure': False, 'cmake_target': None, 'cmake_target_skip_unavailable': False, 'install_base': '/home/joshikanamani/Ros2/ros2_ws1/install/cpp_srvcli', 'merge_install': False, 'path': '/home/joshikanamani/Ros2/ros2_ws1/src/cpp_srvcli', 'symlink_install': False, 'test_result_base': None}
[0.515s] Level 5:colcon.colcon_core.verb:set package 'joshika_package' build argument 'cmake_args' from command line to 'None'
[0.516s] Level 5:colcon.colcon_core.verb:set package 'joshika_package' build argument 'cmake_target' from command line to 'None'
[0.516s] Level 5:colcon.colcon_core.verb:set package 'joshika_package' build argument 'cmake_target_skip_unavailable' from command line to 'False'
[0.516s] Level 5:colcon.colcon_core.verb:set package 'joshika_package' build argument 'cmake_clean_cache' from command line to 'False'
[0.516s] Level 5:colcon.colcon_core.verb:set package 'joshika_package' build argument 'cmake_clean_first' from command line to 'False'
[0.516s] Level 5:colcon.colcon_core.verb:set package 'joshika_package' build argument 'cmake_force_configure' from command line to 'False'
[0.516s] Level 5:colcon.colcon_core.verb:set package 'joshika_package' build argument 'ament_cmake_args' from command line to 'None'
[0.516s] Level 5:colcon.colcon_core.verb:set package 'joshika_package' build argument 'catkin_cmake_args' from command line to 'None'
[0.516s] Level 5:colcon.colcon_core.verb:set package 'joshika_package' build argument 'catkin_skip_building_tests' from command line to 'False'
[0.516s] DEBUG:colcon.colcon_core.verb:Building package 'joshika_package' with the following arguments: {'ament_cmake_args': None, 'build_base': '/home/joshikanamani/Ros2/ros2_ws1/build/joshika_package', 'catkin_cmake_args': None, 'catkin_skip_building_tests': False, 'cmake_args': None, 'cmake_clean_cache': False, 'cmake_clean_first': False, 'cmake_force_configure': False, 'cmake_target': None, 'cmake_target_skip_unavailable': False, 'install_base': '/home/joshikanamani/Ros2/ros2_ws1/install/joshika_package', 'merge_install': False, 'path': '/home/joshikanamani/Ros2/ros2_ws1/src/joshika_package', 'symlink_install': False, 'test_result_base': None}
[0.516s] Level 5:colcon.colcon_core.verb:set package 'more_interfaces' build argument 'cmake_args' from command line to 'None'
[0.516s] Level 5:colcon.colcon_core.verb:set package 'more_interfaces' build argument 'cmake_target' from command line to 'None'
[0.516s] Level 5:colcon.colcon_core.verb:set package 'more_interfaces' build argument 'cmake_target_skip_unavailable' from command line to 'False'
[0.516s] Level 5:colcon.colcon_core.verb:set package 'more_interfaces' build argument 'cmake_clean_cache' from command line to 'False'
[0.516s] Level 5:colcon.colcon_core.verb:set package 'more_interfaces' build argument 'cmake_clean_first' from command line to 'False'
[0.516s] Level 5:colcon.colcon_core.verb:set package 'more_interfaces' build argument 'cmake_force_configure' from command line to 'False'
[0.516s] Level 5:colcon.colcon_core.verb:set package 'more_interfaces' build argument 'ament_cmake_args' from command line to 'None'
[0.516s] Level 5:colcon.colcon_core.verb:set package 'more_interfaces' build argument 'catkin_cmake_args' from command line to 'None'
[0.516s] Level 5:colcon.colcon_core.verb:set package 'more_interfaces' build argument 'catkin_skip_building_tests' from command line to 'False'
[0.516s] DEBUG:colcon.colcon_core.verb:Building package 'more_interfaces' with the following arguments: {'ament_cmake_args': None, 'build_base': '/home/joshikanamani/Ros2/ros2_ws1/build/more_interfaces', 'catkin_cmake_args': None, 'catkin_skip_building_tests': False, 'cmake_args': None, 'cmake_clean_cache': False, 'cmake_clean_first': False, 'cmake_force_configure': False, 'cmake_target': None, 'cmake_target_skip_unavailable': False, 'install_base': '/home/joshikanamani/Ros2/ros2_ws1/install/more_interfaces', 'merge_install': False, 'path': '/home/joshikanamani/Ros2/ros2_ws1/src/more_interfaces', 'symlink_install': False, 'test_result_base': None}
[0.517s] Level 5:colcon.colcon_core.verb:set package 'turtlesim' build argument 'cmake_args' from command line to 'None'
[0.517s] Level 5:colcon.colcon_core.verb:set package 'turtlesim' build argument 'cmake_target' from command line to 'None'
[0.517s] Level 5:colcon.colcon_core.verb:set package 'turtlesim' build argument 'cmake_target_skip_unavailable' from command line to 'False'
[0.517s] Level 5:colcon.colcon_core.verb:set package 'turtlesim' build argument 'cmake_clean_cache' from command line to 'False'
[0.517s] Level 5:colcon.colcon_core.verb:set package 'turtlesim' build argument 'cmake_clean_first' from command line to 'False'
[0.517s] Level 5:colcon.colcon_core.verb:set package 'turtlesim' build argument 'cmake_force_configure' from command line to 'False'
[0.517s] Level 5:colcon.colcon_core.verb:set package 'turtlesim' build argument 'ament_cmake_args' from command line to 'None'
[0.517s] Level 5:colcon.colcon_core.verb:set package 'turtlesim' build argument 'catkin_cmake_args' from command line to 'None'
[0.517s] Level 5:colcon.colcon_core.verb:set package 'turtlesim' build argument 'catkin_skip_building_tests' from command line to 'False'
[0.517s] DEBUG:colcon.colcon_core.verb:Building package 'turtlesim' with the following arguments: {'ament_cmake_args': None, 'build_base': '/home/joshikanamani/Ros2/ros2_ws1/build/turtlesim', 'catkin_cmake_args': None, 'catkin_skip_building_tests': False, 'cmake_args': None, 'cmake_clean_cache': False, 'cmake_clean_first': False, 'cmake_force_configure': False, 'cmake_target': None, 'cmake_target_skip_unavailable': False, 'install_base': '/home/joshikanamani/Ros2/ros2_ws1/install/turtlesim', 'merge_install': False, 'path': '/home/joshikanamani/Ros2/ros2_ws1/src/ros_tutorials/turtlesim', 'symlink_install': False, 'test_result_base': None}
[0.517s] Level 5:colcon.colcon_core.verb:set package 'tutorial_interfaces' build argument 'cmake_args' from command line to 'None'
[0.517s] Level 5:colcon.colcon_core.verb:set package 'tutorial_interfaces' build argument 'cmake_target' from command line to 'None'
[0.517s] Level 5:colcon.colcon_core.verb:set package 'tutorial_interfaces' build argument 'cmake_target_skip_unavailable' from command line to 'False'
[0.517s] Level 5:colcon.colcon_core.verb:set package 'tutorial_interfaces' build argument 'cmake_clean_cache' from command line to 'False'
[0.517s] Level 5:colcon.colcon_core.verb:set package 'tutorial_interfaces' build argument 'cmake_clean_first' from command line to 'False'
[0.517s] Level 5:colcon.colcon_core.verb:set package 'tutorial_interfaces' build argument 'cmake_force_configure' from command line to 'False'
[0.517s] Level 5:colcon.colcon_core.verb:set package 'tutorial_interfaces' build argument 'ament_cmake_args' from command line to 'None'
[0.517s] Level 5:colcon.colcon_core.verb:set package 'tutorial_interfaces' build argument 'catkin_cmake_args' from command line to 'None'
[0.517s] Level 5:colcon.colcon_core.verb:set package 'tutorial_interfaces' build argument 'catkin_skip_building_tests' from command line to 'False'
[0.517s] DEBUG:colcon.colcon_core.verb:Building package 'tutorial_interfaces' with the following arguments: {'ament_cmake_args': None, 'build_base': '/home/joshikanamani/Ros2/ros2_ws1/build/tutorial_interfaces', 'catkin_cmake_args': None, 'catkin_skip_building_tests': False, 'cmake_args': None, 'cmake_clean_cache': False, 'cmake_clean_first': False, 'cmake_force_configure': False, 'cmake_target': None, 'cmake_target_skip_unavailable': False, 'install_base': '/home/joshikanamani/Ros2/ros2_ws1/install/tutorial_interfaces', 'merge_install': False, 'path': '/home/joshikanamani/Ros2/ros2_ws1/src/tutorial_interfaces', 'symlink_install': False, 'test_result_base': None}
[0.517s] INFO:colcon.colcon_core.executor:Executing jobs using 'parallel' executor
[0.518s] DEBUG:colcon.colcon_parallel_executor.executor.parallel:run_until_complete
[0.519s] INFO:colcon.colcon_ros.task.ament_cmake.build:Building ROS package in '/home/joshikanamani/Ros2/ros2_ws1/src/cpp_pubsub' with build type 'ament_cmake'
[0.519s] INFO:colcon.colcon_cmake.task.cmake.build:Building CMake package in '/home/joshikanamani/Ros2/ros2_ws1/src/cpp_pubsub'
[0.521s] INFO:colcon.colcon_core.plugin_system:Skipping extension 'colcon_core.shell.bat': Not used on non-Windows systems
[0.521s] INFO:colcon.colcon_core.shell:Skip shell extension 'powershell' for command environment: Not usable outside of PowerShell
[0.521s] DEBUG:colcon.colcon_core.shell:Skip shell extension 'dsv' for command environment
[0.526s] INFO:colcon.colcon_ros.task.ament_cmake.build:Building ROS package in '/home/joshikanamani/Ros2/ros2_ws1/src/cpp_srvcli' with build type 'ament_cmake'
[0.526s] INFO:colcon.colcon_cmake.task.cmake.build:Building CMake package in '/home/joshikanamani/Ros2/ros2_ws1/src/cpp_srvcli'
[0.526s] INFO:colcon.colcon_core.shell:Skip shell extension 'powershell' for command environment: Not usable outside of PowerShell
[0.526s] DEBUG:colcon.colcon_core.shell:Skip shell extension 'dsv' for command environment
[0.531s] INFO:colcon.colcon_ros.task.ament_cmake.build:Building ROS package in '/home/joshikanamani/Ros2/ros2_ws1/src/joshika_package' with build type 'ament_cmake'
[0.531s] INFO:colcon.colcon_cmake.task.cmake.build:Building CMake package in '/home/joshikanamani/Ros2/ros2_ws1/src/joshika_package'
[0.532s] INFO:colcon.colcon_core.shell:Skip shell extension 'powershell' for command environment: Not usable outside of PowerShell
[0.532s] DEBUG:colcon.colcon_core.shell:Skip shell extension 'dsv' for command environment
[0.536s] INFO:colcon.colcon_ros.task.ament_cmake.build:Building ROS package in '/home/joshikanamani/Ros2/ros2_ws1/src/more_interfaces' with build type 'ament_cmake'
[0.537s] INFO:colcon.colcon_cmake.task.cmake.build:Building CMake package in '/home/joshikanamani/Ros2/ros2_ws1/src/more_interfaces'
[0.537s] INFO:colcon.colcon_core.shell:Skip shell extension 'powershell' for command environment: Not usable outside of PowerShell
[0.537s] DEBUG:colcon.colcon_core.shell:Skip shell extension 'dsv' for command environment
[0.543s] INFO:colcon.colcon_ros.task.ament_cmake.build:Building ROS package in '/home/joshikanamani/Ros2/ros2_ws1/src/ros_tutorials/turtlesim' with build type 'ament_cmake'
[0.544s] INFO:colcon.colcon_cmake.task.cmake.build:Building CMake package in '/home/joshikanamani/Ros2/ros2_ws1/src/ros_tutorials/turtlesim'
[0.545s] INFO:colcon.colcon_core.shell:Skip shell extension 'powershell' for command environment: Not usable outside of PowerShell
[0.545s] DEBUG:colcon.colcon_core.shell:Skip shell extension 'dsv' for command environment
[0.551s] INFO:colcon.colcon_cmake.task.cmake.build:Building CMake package in '/home/joshikanamani/Ros2/ros2_ws1/src/tutorial_interfaces'
[0.551s] INFO:colcon.colcon_core.shell:Skip shell extension 'powershell' for command environment: Not usable outside of PowerShell
[0.551s] DEBUG:colcon.colcon_core.shell:Skip shell extension 'dsv' for command environment
[0.566s] DEBUG:colcon.colcon_core.event_handler.log_command:Invoking command in '/home/joshikanamani/Ros2/ros2_ws1/build/cpp_pubsub': CMAKE_PREFIX_PATH=${CMAKE_PREFIX_PATH}:/opt/ros/foxy /usr/local/bin/cmake --build /home/joshikanamani/Ros2/ros2_ws1/build/cpp_pubsub -- -j8 -l8
[0.573s] DEBUG:colcon.colcon_core.event_handler.log_command:Invoking command in '/home/joshikanamani/Ros2/ros2_ws1/build/cpp_srvcli': CMAKE_PREFIX_PATH=${CMAKE_PREFIX_PATH}:/opt/ros/foxy /usr/local/bin/cmake --build /home/joshikanamani/Ros2/ros2_ws1/build/cpp_srvcli -- -j8 -l8
[0.583s] DEBUG:colcon.colcon_core.event_handler.log_command:Invoking command in '/home/joshikanamani/Ros2/ros2_ws1/build/joshika_package': CMAKE_PREFIX_PATH=${CMAKE_PREFIX_PATH}:/opt/ros/foxy /usr/local/bin/cmake --build /home/joshikanamani/Ros2/ros2_ws1/build/joshika_package -- -j8 -l8
[0.589s] DEBUG:colcon.colcon_core.event_handler.log_command:Invoking command in '/home/joshikanamani/Ros2/ros2_ws1/build/more_interfaces': CMAKE_PREFIX_PATH=${CMAKE_PREFIX_PATH}:/opt/ros/foxy /usr/local/bin/cmake --build /home/joshikanamani/Ros2/ros2_ws1/build/more_interfaces -- -j8 -l8
[0.593s] DEBUG:colcon.colcon_core.event_handler.log_command:Invoking command in '/home/joshikanamani/Ros2/ros2_ws1/build/turtlesim': CMAKE_PREFIX_PATH=${CMAKE_PREFIX_PATH}:/opt/ros/foxy /usr/local/bin/cmake --build /home/joshikanamani/Ros2/ros2_ws1/build/turtlesim -- -j8 -l8
[0.605s] DEBUG:colcon.colcon_core.event_handler.log_command:Invoking command in '/home/joshikanamani/Ros2/ros2_ws1/build/tutorial_interfaces': /usr/local/bin/cmake /home/joshikanamani/Ros2/ros2_ws1/src/tutorial_interfaces -DCMAKE_INSTALL_PREFIX=/home/joshikanamani/Ros2/ros2_ws1/install/tutorial_interfaces
[0.619s] DEBUG:colcon.colcon_core.event_handler.log_command:Invoked command in '/home/joshikanamani/Ros2/ros2_ws1/build/cpp_pubsub' returned '0': CMAKE_PREFIX_PATH=${CMAKE_PREFIX_PATH}:/opt/ros/foxy /usr/local/bin/cmake --build /home/joshikanamani/Ros2/ros2_ws1/build/cpp_pubsub -- -j8 -l8
[0.636s] DEBUG:colcon.colcon_core.event_handler.log_command:Invoking command in '/home/joshikanamani/Ros2/ros2_ws1/build/cpp_pubsub': CMAKE_PREFIX_PATH=${CMAKE_PREFIX_PATH}:/opt/ros/foxy /usr/local/bin/cmake --install /home/joshikanamani/Ros2/ros2_ws1/build/cpp_pubsub
[0.644s] DEBUG:colcon.colcon_core.event_handler.log_command:Invoked command in '/home/joshikanamani/Ros2/ros2_ws1/build/joshika_package' returned '0': CMAKE_PREFIX_PATH=${CMAKE_PREFIX_PATH}:/opt/ros/foxy /usr/local/bin/cmake --build /home/joshikanamani/Ros2/ros2_ws1/build/joshika_package -- -j8 -l8
[0.649s] DEBUG:colcon.colcon_core.event_handler.log_command:Invoking command in '/home/joshikanamani/Ros2/ros2_ws1/build/joshika_package': CMAKE_PREFIX_PATH=${CMAKE_PREFIX_PATH}:/opt/ros/foxy /usr/local/bin/cmake --install /home/joshikanamani/Ros2/ros2_ws1/build/joshika_package
[0.663s] DEBUG:colcon.colcon_core.event_handler.log_command:Invoked command in '/home/joshikanamani/Ros2/ros2_ws1/build/cpp_srvcli' returned '0': CMAKE_PREFIX_PATH=${CMAKE_PREFIX_PATH}:/opt/ros/foxy /usr/local/bin/cmake --build /home/joshikanamani/Ros2/ros2_ws1/build/cpp_srvcli -- -j8 -l8
[0.667s] DEBUG:colcon.colcon_core.event_handler.log_command:Invoking command in '/home/joshikanamani/Ros2/ros2_ws1/build/cpp_srvcli': CMAKE_PREFIX_PATH=${CMAKE_PREFIX_PATH}:/opt/ros/foxy /usr/local/bin/cmake --install /home/joshikanamani/Ros2/ros2_ws1/build/cpp_srvcli
[0.675s] Level 1:colcon.colcon_core.environment:create_environment_scripts_only(cpp_pubsub)
[0.678s] DEBUG:colcon.colcon_core.event_handler.log_command:Invoked command in '/home/joshikanamani/Ros2/ros2_ws1/build/cpp_pubsub' returned '0': CMAKE_PREFIX_PATH=${CMAKE_PREFIX_PATH}:/opt/ros/foxy /usr/local/bin/cmake --install /home/joshikanamani/Ros2/ros2_ws1/build/cpp_pubsub
[0.682s] Level 1:colcon.colcon_core.environment:checking '/home/joshikanamani/Ros2/ros2_ws1/install/cpp_pubsub' for CMake module files
[0.684s] Level 1:colcon.colcon_core.environment:checking '/home/joshikanamani/Ros2/ros2_ws1/install/cpp_pubsub' for CMake config files
[0.685s] Level 1:colcon.colcon_core.shell:create_environment_hook('cpp_pubsub', 'cmake_prefix_path')
[0.685s] INFO:colcon.colcon_core.shell:Creating environment hook '/home/joshikanamani/Ros2/ros2_ws1/install/cpp_pubsub/share/cpp_pubsub/hook/cmake_prefix_path.ps1'
[0.686s] INFO:colcon.colcon_core.shell:Creating environment descriptor '/home/joshikanamani/Ros2/ros2_ws1/install/cpp_pubsub/share/cpp_pubsub/hook/cmake_prefix_path.dsv'
[0.687s] INFO:colcon.colcon_core.shell:Creating environment hook '/home/joshikanamani/Ros2/ros2_ws1/install/cpp_pubsub/share/cpp_pubsub/hook/cmake_prefix_path.sh'
[0.689s] Level 1:colcon.colcon_core.environment:checking '/home/joshikanamani/Ros2/ros2_ws1/install/cpp_pubsub/lib'
[0.690s] Level 1:colcon.colcon_core.environment:checking '/home/joshikanamani/Ros2/ros2_ws1/install/cpp_pubsub/bin'
[0.690s] Level 1:colcon.colcon_core.environment:checking '/home/joshikanamani/Ros2/ros2_ws1/install/cpp_pubsub/lib/pkgconfig/cpp_pubsub.pc'
[0.690s] Level 1:colcon.colcon_core.environment:checking '/home/joshikanamani/Ros2/ros2_ws1/install/cpp_pubsub/lib/python3.8/site-packages'
[0.691s] Level 1:colcon.colcon_core.environment:checking '/home/joshikanamani/Ros2/ros2_ws1/install/cpp_pubsub/bin'
[0.691s] INFO:colcon.colcon_core.shell:Creating package script '/home/joshikanamani/Ros2/ros2_ws1/install/cpp_pubsub/share/cpp_pubsub/package.ps1'
[0.693s] INFO:colcon.colcon_core.shell:Creating package descriptor '/home/joshikanamani/Ros2/ros2_ws1/install/cpp_pubsub/share/cpp_pubsub/package.dsv'
[0.694s] INFO:colcon.colcon_core.shell:Creating package script '/home/joshikanamani/Ros2/ros2_ws1/install/cpp_pubsub/share/cpp_pubsub/package.sh'
[0.695s] INFO:colcon.colcon_core.shell:Creating package script '/home/joshikanamani/Ros2/ros2_ws1/install/cpp_pubsub/share/cpp_pubsub/package.bash'
[0.697s] INFO:colcon.colcon_core.shell:Creating package script '/home/joshikanamani/Ros2/ros2_ws1/install/cpp_pubsub/share/cpp_pubsub/package.zsh'
[0.698s] Level 1:colcon.colcon_core.environment:create_file_with_runtime_dependencies(/home/joshikanamani/Ros2/ros2_ws1/install/cpp_pubsub/share/colcon-core/packages/cpp_pubsub)
[0.699s] Level 1:colcon.colcon_core.environment:create_environment_scripts_only(cpp_pubsub)
[0.699s] Level 1:colcon.colcon_core.environment:checking '/home/joshikanamani/Ros2/ros2_ws1/install/cpp_pubsub' for CMake module files
[0.700s] Level 1:colcon.colcon_core.environment:checking '/home/joshikanamani/Ros2/ros2_ws1/install/cpp_pubsub' for CMake config files
[0.700s] Level 1:colcon.colcon_core.shell:create_environment_hook('cpp_pubsub', 'cmake_prefix_path')
[0.700s] INFO:colcon.colcon_core.shell:Creating environment hook '/home/joshikanamani/Ros2/ros2_ws1/install/cpp_pubsub/share/cpp_pubsub/hook/cmake_prefix_path.ps1'
[0.701s] INFO:colcon.colcon_core.shell:Creating environment descriptor '/home/joshikanamani/Ros2/ros2_ws1/install/cpp_pubsub/share/cpp_pubsub/hook/cmake_prefix_path.dsv'
[0.701s] INFO:colcon.colcon_core.shell:Creating environment hook '/home/joshikanamani/Ros2/ros2_ws1/install/cpp_pubsub/share/cpp_pubsub/hook/cmake_prefix_path.sh'
[0.702s] Level 1:colcon.colcon_core.environment:checking '/home/joshikanamani/Ros2/ros2_ws1/install/cpp_pubsub/lib'
[0.702s] Level 1:colcon.colcon_core.environment:checking '/home/joshikanamani/Ros2/ros2_ws1/install/cpp_pubsub/bin'
[0.702s] Level 1:colcon.colcon_core.environment:checking '/home/joshikanamani/Ros2/ros2_ws1/install/cpp_pubsub/lib/pkgconfig/cpp_pubsub.pc'
[0.702s] Level 1:colcon.colcon_core.environment:checking '/home/joshikanamani/Ros2/ros2_ws1/install/cpp_pubsub/lib/python3.8/site-packages'
[0.702s] Level 1:colcon.colcon_core.environment:checking '/home/joshikanamani/Ros2/ros2_ws1/install/cpp_pubsub/bin'
[0.703s] INFO:colcon.colcon_core.shell:Creating package script '/home/joshikanamani/Ros2/ros2_ws1/install/cpp_pubsub/share/cpp_pubsub/package.ps1'
[0.703s] INFO:colcon.colcon_core.shell:Creating package descriptor '/home/joshikanamani/Ros2/ros2_ws1/install/cpp_pubsub/share/cpp_pubsub/package.dsv'
[0.704s] INFO:colcon.colcon_core.shell:Creating package script '/home/joshikanamani/Ros2/ros2_ws1/install/cpp_pubsub/share/cpp_pubsub/package.sh'
[0.704s] INFO:colcon.colcon_core.shell:Creating package script '/home/joshikanamani/Ros2/ros2_ws1/install/cpp_pubsub/share/cpp_pubsub/package.bash'
[0.705s] INFO:colcon.colcon_core.shell:Creating package script '/home/joshikanamani/Ros2/ros2_ws1/install/cpp_pubsub/share/cpp_pubsub/package.zsh'
[0.705s] Level 1:colcon.colcon_core.environment:create_file_with_runtime_dependencies(/home/joshikanamani/Ros2/ros2_ws1/install/cpp_pubsub/share/colcon-core/packages/cpp_pubsub)
[0.706s] Level 1:colcon.colcon_core.environment:create_environment_scripts_only(joshika_package)
[0.706s] Level 1:colcon.colcon_core.environment:checking '/home/joshikanamani/Ros2/ros2_ws1/install/joshika_package' for CMake module files
[0.707s] Level 1:colcon.colcon_core.environment:checking '/home/joshikanamani/Ros2/ros2_ws1/install/joshika_package' for CMake config files
[0.708s] DEBUG:colcon.colcon_core.event_handler.log_command:Invoked command in '/home/joshikanamani/Ros2/ros2_ws1/build/joshika_package' returned '0': CMAKE_PREFIX_PATH=${CMAKE_PREFIX_PATH}:/opt/ros/foxy /usr/local/bin/cmake --install /home/joshikanamani/Ros2/ros2_ws1/build/joshika_package
[0.709s] Level 1:colcon.colcon_core.shell:create_environment_hook('joshika_package', 'cmake_prefix_path')
[0.710s] INFO:colcon.colcon_core.shell:Creating environment hook '/home/joshikanamani/Ros2/ros2_ws1/install/joshika_package/share/joshika_package/hook/cmake_prefix_path.ps1'
[0.710s] INFO:colcon.colcon_core.shell:Creating environment descriptor '/home/joshikanamani/Ros2/ros2_ws1/install/joshika_package/share/joshika_package/hook/cmake_prefix_path.dsv'
[0.710s] INFO:colcon.colcon_core.shell:Creating environment hook '/home/joshikanamani/Ros2/ros2_ws1/install/joshika_package/share/joshika_package/hook/cmake_prefix_path.sh'
[0.711s] Level 1:colcon.colcon_core.environment:checking '/home/joshikanamani/Ros2/ros2_ws1/install/joshika_package/lib'
[0.711s] Level 1:colcon.colcon_core.environment:checking '/home/joshikanamani/Ros2/ros2_ws1/install/joshika_package/bin'
[0.711s] Level 1:colcon.colcon_core.environment:checking '/home/joshikanamani/Ros2/ros2_ws1/install/joshika_package/lib/pkgconfig/joshika_package.pc'
[0.711s] Level 1:colcon.colcon_core.environment:checking '/home/joshikanamani/Ros2/ros2_ws1/install/joshika_package/lib/python3.8/site-packages'
[0.712s] Level 1:colcon.colcon_core.environment:checking '/home/joshikanamani/Ros2/ros2_ws1/install/joshika_package/bin'
[0.712s] INFO:colcon.colcon_core.shell:Creating package script '/home/joshikanamani/Ros2/ros2_ws1/install/joshika_package/share/joshika_package/package.ps1'
[0.712s] INFO:colcon.colcon_core.shell:Creating package descriptor '/home/joshikanamani/Ros2/ros2_ws1/install/joshika_package/share/joshika_package/package.dsv'
[0.713s] INFO:colcon.colcon_core.shell:Creating package script '/home/joshikanamani/Ros2/ros2_ws1/install/joshika_package/share/joshika_package/package.sh'
[0.713s] INFO:colcon.colcon_core.shell:Creating package script '/home/joshikanamani/Ros2/ros2_ws1/install/joshika_package/share/joshika_package/package.bash'
[0.714s] INFO:colcon.colcon_core.shell:Creating package script '/home/joshikanamani/Ros2/ros2_ws1/install/joshika_package/share/joshika_package/package.zsh'
[0.714s] Level 1:colcon.colcon_core.environment:create_file_with_runtime_dependencies(/home/joshikanamani/Ros2/ros2_ws1/install/joshika_package/share/colcon-core/packages/joshika_package)
[0.715s] Level 1:colcon.colcon_core.environment:create_environment_scripts_only(joshika_package)
[0.715s] Level 1:colcon.colcon_core.environment:checking '/home/joshikanamani/Ros2/ros2_ws1/install/joshika_package' for CMake module files
[0.715s] Level 1:colcon.colcon_core.environment:checking '/home/joshikanamani/Ros2/ros2_ws1/install/joshika_package' for CMake config files
[0.715s] Level 1:colcon.colcon_core.shell:create_environment_hook('joshika_package', 'cmake_prefix_path')
[0.716s] INFO:colcon.colcon_core.shell:Creating environment hook '/home/joshikanamani/Ros2/ros2_ws1/install/joshika_package/share/joshika_package/hook/cmake_prefix_path.ps1'
[0.716s] INFO:colcon.colcon_core.shell:Creating environment descriptor '/home/joshikanamani/Ros2/ros2_ws1/install/joshika_package/share/joshika_package/hook/cmake_prefix_path.dsv'
[0.716s] INFO:colcon.colcon_core.shell:Creating environment hook '/home/joshikanamani/Ros2/ros2_ws1/install/joshika_package/share/joshika_package/hook/cmake_prefix_path.sh'
[0.717s] Level 1:colcon.colcon_core.environment:checking '/home/joshikanamani/Ros2/ros2_ws1/install/joshika_package/lib'
[0.717s] Level 1:colcon.colcon_core.environment:checking '/home/joshikanamani/Ros2/ros2_ws1/install/joshika_package/bin'
[0.717s] Level 1:colcon.colcon_core.environment:checking '/home/joshikanamani/Ros2/ros2_ws1/install/joshika_package/lib/pkgconfig/joshika_package.pc'
[0.717s] Level 1:colcon.colcon_core.environment:checking '/home/joshikanamani/Ros2/ros2_ws1/install/joshika_package/lib/python3.8/site-packages'
[0.718s] Level 1:colcon.colcon_core.environment:checking '/home/joshikanamani/Ros2/ros2_ws1/install/joshika_package/bin'
[0.718s] INFO:colcon.colcon_core.shell:Creating package script '/home/joshikanamani/Ros2/ros2_ws1/install/joshika_package/share/joshika_package/package.ps1'
[0.719s] INFO:colcon.colcon_core.shell:Creating package descriptor '/home/joshikanamani/Ros2/ros2_ws1/install/joshika_package/share/joshika_package/package.dsv'
[0.722s] INFO:colcon.colcon_core.shell:Creating package script '/home/joshikanamani/Ros2/ros2_ws1/install/joshika_package/share/joshika_package/package.sh'
[0.722s] INFO:colcon.colcon_core.shell:Creating package script '/home/joshikanamani/Ros2/ros2_ws1/install/joshika_package/share/joshika_package/package.bash'
[0.723s] INFO:colcon.colcon_core.shell:Creating package script '/home/joshikanamani/Ros2/ros2_ws1/install/joshika_package/share/joshika_package/package.zsh'
[0.724s] Level 1:colcon.colcon_core.environment:create_file_with_runtime_dependencies(/home/joshikanamani/Ros2/ros2_ws1/install/joshika_package/share/colcon-core/packages/joshika_package)
[0.726s] Level 1:colcon.colcon_core.environment:create_environment_scripts_only(cpp_srvcli)
[0.727s] DEBUG:colcon.colcon_core.event_handler.log_command:Invoked command in '/home/joshikanamani/Ros2/ros2_ws1/build/cpp_srvcli' returned '0': CMAKE_PREFIX_PATH=${CMAKE_PREFIX_PATH}:/opt/ros/foxy /usr/local/bin/cmake --install /home/joshikanamani/Ros2/ros2_ws1/build/cpp_srvcli
[0.727s] Level 1:colcon.colcon_core.environment:checking '/home/joshikanamani/Ros2/ros2_ws1/install/cpp_srvcli' for CMake module files
[0.728s] Level 1:colcon.colcon_core.environment:checking '/home/joshikanamani/Ros2/ros2_ws1/install/cpp_srvcli' for CMake config files
[0.729s] Level 1:colcon.colcon_core.shell:create_environment_hook('cpp_srvcli', 'cmake_prefix_path')
[0.730s] INFO:colcon.colcon_core.shell:Creating environment hook '/home/joshikanamani/Ros2/ros2_ws1/install/cpp_srvcli/share/cpp_srvcli/hook/cmake_prefix_path.ps1'
[0.731s] INFO:colcon.colcon_core.shell:Creating environment descriptor '/home/joshikanamani/Ros2/ros2_ws1/install/cpp_srvcli/share/cpp_srvcli/hook/cmake_prefix_path.dsv'
[0.732s] INFO:colcon.colcon_core.shell:Creating environment hook '/home/joshikanamani/Ros2/ros2_ws1/install/cpp_srvcli/share/cpp_srvcli/hook/cmake_prefix_path.sh'
[0.733s] Level 1:colcon.colcon_core.environment:checking '/home/joshikanamani/Ros2/ros2_ws1/install/cpp_srvcli/lib'
[0.733s] Level 1:colcon.colcon_core.environment:checking '/home/joshikanamani/Ros2/ros2_ws1/install/cpp_srvcli/bin'
[0.733s] Level 1:colcon.colcon_core.environment:checking '/home/joshikanamani/Ros2/ros2_ws1/install/cpp_srvcli/lib/pkgconfig/cpp_srvcli.pc'
[0.733s] Level 1:colcon.colcon_core.environment:checking '/home/joshikanamani/Ros2/ros2_ws1/install/cpp_srvcli/lib/python3.8/site-packages'
[0.734s] Level 1:colcon.colcon_core.environment:checking '/home/joshikanamani/Ros2/ros2_ws1/install/cpp_srvcli/bin'
[0.734s] INFO:colcon.colcon_core.shell:Creating package script '/home/joshikanamani/Ros2/ros2_ws1/install/cpp_srvcli/share/cpp_srvcli/package.ps1'
[0.735s] INFO:colcon.colcon_core.shell:Creating package descriptor '/home/joshikanamani/Ros2/ros2_ws1/install/cpp_srvcli/share/cpp_srvcli/package.dsv'
[0.736s] INFO:colcon.colcon_core.shell:Creating package script '/home/joshikanamani/Ros2/ros2_ws1/install/cpp_srvcli/share/cpp_srvcli/package.sh'
[0.737s] INFO:colcon.colcon_core.shell:Creating package script '/home/joshikanamani/Ros2/ros2_ws1/install/cpp_srvcli/share/cpp_srvcli/package.bash'
[0.738s] INFO:colcon.colcon_core.shell:Creating package script '/home/joshikanamani/Ros2/ros2_ws1/install/cpp_srvcli/share/cpp_srvcli/package.zsh'
[0.739s] Level 1:colcon.colcon_core.environment:create_file_with_runtime_dependencies(/home/joshikanamani/Ros2/ros2_ws1/install/cpp_srvcli/share/colcon-core/packages/cpp_srvcli)
[0.741s] Level 1:colcon.colcon_core.environment:create_environment_scripts_only(cpp_srvcli)
[0.742s] Level 1:colcon.colcon_core.environment:checking '/home/joshikanamani/Ros2/ros2_ws1/install/cpp_srvcli' for CMake module files
[0.743s] Level 1:colcon.colcon_core.environment:checking '/home/joshikanamani/Ros2/ros2_ws1/install/cpp_srvcli' for CMake config files
[0.744s] Level 1:colcon.colcon_core.shell:create_environment_hook('cpp_srvcli', 'cmake_prefix_path')
[0.744s] INFO:colcon.colcon_core.shell:Creating environment hook '/home/joshikanamani/Ros2/ros2_ws1/install/cpp_srvcli/share/cpp_srvcli/hook/cmake_prefix_path.ps1'
[0.747s] INFO:colcon.colcon_core.shell:Creating environment descriptor '/home/joshikanamani/Ros2/ros2_ws1/install/cpp_srvcli/share/cpp_srvcli/hook/cmake_prefix_path.dsv'
[0.748s] INFO:colcon.colcon_core.shell:Creating environment hook '/home/joshikanamani/Ros2/ros2_ws1/install/cpp_srvcli/share/cpp_srvcli/hook/cmake_prefix_path.sh'
[0.749s] Level 1:colcon.colcon_core.environment:checking '/home/joshikanamani/Ros2/ros2_ws1/install/cpp_srvcli/lib'
[0.749s] Level 1:colcon.colcon_core.environment:checking '/home/joshikanamani/Ros2/ros2_ws1/install/cpp_srvcli/bin'
[0.750s] Level 1:colcon.colcon_core.environment:checking '/home/joshikanamani/Ros2/ros2_ws1/install/cpp_srvcli/lib/pkgconfig/cpp_srvcli.pc'
[0.750s] Level 1:colcon.colcon_core.environment:checking '/home/joshikanamani/Ros2/ros2_ws1/install/cpp_srvcli/lib/python3.8/site-packages'
[0.750s] Level 1:colcon.colcon_core.environment:checking '/home/joshikanamani/Ros2/ros2_ws1/install/cpp_srvcli/bin'
[0.751s] INFO:colcon.colcon_core.shell:Creating package script '/home/joshikanamani/Ros2/ros2_ws1/install/cpp_srvcli/share/cpp_srvcli/package.ps1'
[0.752s] INFO:colcon.colcon_core.shell:Creating package descriptor '/home/joshikanamani/Ros2/ros2_ws1/install/cpp_srvcli/share/cpp_srvcli/package.dsv'
[0.753s] INFO:colcon.colcon_core.shell:Creating package script '/home/joshikanamani/Ros2/ros2_ws1/install/cpp_srvcli/share/cpp_srvcli/package.sh'
[0.754s] INFO:colcon.colcon_core.shell:Creating package script '/home/joshikanamani/Ros2/ros2_ws1/install/cpp_srvcli/share/cpp_srvcli/package.bash'
[0.757s] INFO:colcon.colcon_core.shell:Creating package script '/home/joshikanamani/Ros2/ros2_ws1/install/cpp_srvcli/share/cpp_srvcli/package.zsh'
[0.758s] Level 1:colcon.colcon_core.environment:create_file_with_runtime_dependencies(/home/joshikanamani/Ros2/ros2_ws1/install/cpp_srvcli/share/colcon-core/packages/cpp_srvcli)
[0.765s] DEBUG:colcon.colcon_core.event_handler.log_command:Invoked command in '/home/joshikanamani/Ros2/ros2_ws1/build/more_interfaces' returned '0': CMAKE_PREFIX_PATH=${CMAKE_PREFIX_PATH}:/opt/ros/foxy /usr/local/bin/cmake --build /home/joshikanamani/Ros2/ros2_ws1/build/more_interfaces -- -j8 -l8
[0.769s] DEBUG:colcon.colcon_core.event_handler.log_command:Invoking command in '/home/joshikanamani/Ros2/ros2_ws1/build/more_interfaces': CMAKE_PREFIX_PATH=${CMAKE_PREFIX_PATH}:/opt/ros/foxy /usr/local/bin/cmake --install /home/joshikanamani/Ros2/ros2_ws1/build/more_interfaces
[0.802s] DEBUG:colcon.colcon_core.event_handler.log_command:Invoked command in '/home/joshikanamani/Ros2/ros2_ws1/build/turtlesim' returned '0': CMAKE_PREFIX_PATH=${CMAKE_PREFIX_PATH}:/opt/ros/foxy /usr/local/bin/cmake --build /home/joshikanamani/Ros2/ros2_ws1/build/turtlesim -- -j8 -l8
[0.804s] DEBUG:colcon.colcon_core.event_handler.log_command:Invoking command in '/home/joshikanamani/Ros2/ros2_ws1/build/turtlesim': CMAKE_PREFIX_PATH=${CMAKE_PREFIX_PATH}:/opt/ros/foxy /usr/local/bin/cmake --install /home/joshikanamani/Ros2/ros2_ws1/build/turtlesim
[0.837s] Level 1:colcon.colcon_core.environment:create_environment_scripts_only(more_interfaces)
[0.837s] Level 1:colcon.colcon_core.environment:checking '/home/joshikanamani/Ros2/ros2_ws1/install/more_interfaces' for CMake module files
[0.839s] DEBUG:colcon.colcon_core.event_handler.log_command:Invoked command in '/home/joshikanamani/Ros2/ros2_ws1/build/more_interfaces' returned '0': CMAKE_PREFIX_PATH=${CMAKE_PREFIX_PATH}:/opt/ros/foxy /usr/local/bin/cmake --install /home/joshikanamani/Ros2/ros2_ws1/build/more_interfaces
[0.839s] Level 1:colcon.colcon_core.environment:checking '/home/joshikanamani/Ros2/ros2_ws1/install/more_interfaces' for CMake config files
[0.841s] Level 1:colcon.colcon_core.shell:create_environment_hook('more_interfaces', 'cmake_prefix_path')
[0.841s] INFO:colcon.colcon_core.shell:Creating environment hook '/home/joshikanamani/Ros2/ros2_ws1/install/more_interfaces/share/more_interfaces/hook/cmake_prefix_path.ps1'
[0.842s] INFO:colcon.colcon_core.shell:Creating environment descriptor '/home/joshikanamani/Ros2/ros2_ws1/install/more_interfaces/share/more_interfaces/hook/cmake_prefix_path.dsv'
[0.842s] INFO:colcon.colcon_core.shell:Creating environment hook '/home/joshikanamani/Ros2/ros2_ws1/install/more_interfaces/share/more_interfaces/hook/cmake_prefix_path.sh'
[0.843s] Level 1:colcon.colcon_core.environment:checking '/home/joshikanamani/Ros2/ros2_ws1/install/more_interfaces/lib'
[0.843s] Level 1:colcon.colcon_core.shell:create_environment_hook('more_interfaces', 'ld_library_path_lib')
[0.843s] INFO:colcon.colcon_core.shell:Creating environment hook '/home/joshikanamani/Ros2/ros2_ws1/install/more_interfaces/share/more_interfaces/hook/ld_library_path_lib.ps1'
[0.844s] INFO:colcon.colcon_core.shell:Creating environment descriptor '/home/joshikanamani/Ros2/ros2_ws1/install/more_interfaces/share/more_interfaces/hook/ld_library_path_lib.dsv'
[0.844s] INFO:colcon.colcon_core.shell:Creating environment hook '/home/joshikanamani/Ros2/ros2_ws1/install/more_interfaces/share/more_interfaces/hook/ld_library_path_lib.sh'
[0.845s] Level 1:colcon.colcon_core.environment:checking '/home/joshikanamani/Ros2/ros2_ws1/install/more_interfaces/bin'
[0.845s] Level 1:colcon.colcon_core.environment:checking '/home/joshikanamani/Ros2/ros2_ws1/install/more_interfaces/lib/pkgconfig/more_interfaces.pc'
[0.845s] Level 1:colcon.colcon_core.environment:checking '/home/joshikanamani/Ros2/ros2_ws1/install/more_interfaces/lib/python3.8/site-packages'
[0.845s] Level 1:colcon.colcon_core.shell:create_environment_hook('more_interfaces', 'pythonpath')
[0.845s] INFO:colcon.colcon_core.shell:Creating environment hook '/home/joshikanamani/Ros2/ros2_ws1/install/more_interfaces/share/more_interfaces/hook/pythonpath.ps1'
[0.846s] INFO:colcon.colcon_core.shell:Creating environment descriptor '/home/joshikanamani/Ros2/ros2_ws1/install/more_interfaces/share/more_interfaces/hook/pythonpath.dsv'
[0.846s] INFO:colcon.colcon_core.shell:Creating environment hook '/home/joshikanamani/Ros2/ros2_ws1/install/more_interfaces/share/more_interfaces/hook/pythonpath.sh'
[0.847s] Level 1:colcon.colcon_core.environment:checking '/home/joshikanamani/Ros2/ros2_ws1/install/more_interfaces/bin'
[0.847s] INFO:colcon.colcon_core.shell:Creating package script '/home/joshikanamani/Ros2/ros2_ws1/install/more_interfaces/share/more_interfaces/package.ps1'
[0.849s] INFO:colcon.colcon_core.shell:Creating package descriptor '/home/joshikanamani/Ros2/ros2_ws1/install/more_interfaces/share/more_interfaces/package.dsv'
[0.849s] INFO:colcon.colcon_core.shell:Creating package script '/home/joshikanamani/Ros2/ros2_ws1/install/more_interfaces/share/more_interfaces/package.sh'
[0.850s] INFO:colcon.colcon_core.shell:Creating package script '/home/joshikanamani/Ros2/ros2_ws1/install/more_interfaces/share/more_interfaces/package.bash'
[0.850s] INFO:colcon.colcon_core.shell:Creating package script '/home/joshikanamani/Ros2/ros2_ws1/install/more_interfaces/share/more_interfaces/package.zsh'
[0.851s] Level 1:colcon.colcon_core.environment:create_file_with_runtime_dependencies(/home/joshikanamani/Ros2/ros2_ws1/install/more_interfaces/share/colcon-core/packages/more_interfaces)
[0.852s] Level 1:colcon.colcon_core.environment:create_environment_scripts_only(more_interfaces)
[0.852s] Level 1:colcon.colcon_core.environment:checking '/home/joshikanamani/Ros2/ros2_ws1/install/more_interfaces' for CMake module files
[0.853s] Level 1:colcon.colcon_core.environment:checking '/home/joshikanamani/Ros2/ros2_ws1/install/more_interfaces' for CMake config files
[0.853s] Level 1:colcon.colcon_core.shell:create_environment_hook('more_interfaces', 'cmake_prefix_path')
[0.853s] INFO:colcon.colcon_core.shell:Creating environment hook '/home/joshikanamani/Ros2/ros2_ws1/install/more_interfaces/share/more_interfaces/hook/cmake_prefix_path.ps1'
[0.854s] INFO:colcon.colcon_core.shell:Creating environment descriptor '/home/joshikanamani/Ros2/ros2_ws1/install/more_interfaces/share/more_interfaces/hook/cmake_prefix_path.dsv'
[0.854s] INFO:colcon.colcon_core.shell:Creating environment hook '/home/joshikanamani/Ros2/ros2_ws1/install/more_interfaces/share/more_interfaces/hook/cmake_prefix_path.sh'
[0.855s] Level 1:colcon.colcon_core.environment:checking '/home/joshikanamani/Ros2/ros2_ws1/install/more_interfaces/lib'
[0.855s] Level 1:colcon.colcon_core.shell:create_environment_hook('more_interfaces', 'ld_library_path_lib')
[0.855s] INFO:colcon.colcon_core.shell:Creating environment hook '/home/joshikanamani/Ros2/ros2_ws1/install/more_interfaces/share/more_interfaces/hook/ld_library_path_lib.ps1'
[0.856s] INFO:colcon.colcon_core.shell:Creating environment descriptor '/home/joshikanamani/Ros2/ros2_ws1/install/more_interfaces/share/more_interfaces/hook/ld_library_path_lib.dsv'
[0.857s] INFO:colcon.colcon_core.shell:Creating environment hook '/home/joshikanamani/Ros2/ros2_ws1/install/more_interfaces/share/more_interfaces/hook/ld_library_path_lib.sh'
[0.857s] Level 1:colcon.colcon_core.environment:checking '/home/joshikanamani/Ros2/ros2_ws1/install/more_interfaces/bin'
[0.857s] Level 1:colcon.colcon_core.environment:checking '/home/joshikanamani/Ros2/ros2_ws1/install/more_interfaces/lib/pkgconfig/more_interfaces.pc'
[0.858s] Level 1:colcon.colcon_core.environment:checking '/home/joshikanamani/Ros2/ros2_ws1/install/more_interfaces/lib/python3.8/site-packages'
[0.858s] Level 1:colcon.colcon_core.shell:create_environment_hook('more_interfaces', 'pythonpath')
[0.858s] INFO:colcon.colcon_core.shell:Creating environment hook '/home/joshikanamani/Ros2/ros2_ws1/install/more_interfaces/share/more_interfaces/hook/pythonpath.ps1'
[0.859s] INFO:colcon.colcon_core.shell:Creating environment descriptor '/home/joshikanamani/Ros2/ros2_ws1/install/more_interfaces/share/more_interfaces/hook/pythonpath.dsv'
[0.859s] INFO:colcon.colcon_core.shell:Creating environment hook '/home/joshikanamani/Ros2/ros2_ws1/install/more_interfaces/share/more_interfaces/hook/pythonpath.sh'
[0.860s] Level 1:colcon.colcon_core.environment:checking '/home/joshikanamani/Ros2/ros2_ws1/install/more_interfaces/bin'
[0.860s] INFO:colcon.colcon_core.shell:Creating package script '/home/joshikanamani/Ros2/ros2_ws1/install/more_interfaces/share/more_interfaces/package.ps1'
[0.861s] INFO:colcon.colcon_core.shell:Creating package descriptor '/home/joshikanamani/Ros2/ros2_ws1/install/more_interfaces/share/more_interfaces/package.dsv'
[0.861s] INFO:colcon.colcon_core.shell:Creating package script '/home/joshikanamani/Ros2/ros2_ws1/install/more_interfaces/share/more_interfaces/package.sh'
[0.862s] INFO:colcon.colcon_core.shell:Creating package script '/home/joshikanamani/Ros2/ros2_ws1/install/more_interfaces/share/more_interfaces/package.bash'
[0.862s] INFO:colcon.colcon_core.shell:Creating package script '/home/joshikanamani/Ros2/ros2_ws1/install/more_interfaces/share/more_interfaces/package.zsh'
[0.863s] Level 1:colcon.colcon_core.environment:create_file_with_runtime_dependencies(/home/joshikanamani/Ros2/ros2_ws1/install/more_interfaces/share/colcon-core/packages/more_interfaces)
[0.878s] Level 1:colcon.colcon_core.environment:create_environment_scripts_only(turtlesim)
[0.878s] Level 1:colcon.colcon_core.environment:checking '/home/joshikanamani/Ros2/ros2_ws1/install/turtlesim' for CMake module files
[0.879s] DEBUG:colcon.colcon_core.event_handler.log_command:Invoked command in '/home/joshikanamani/Ros2/ros2_ws1/build/turtlesim' returned '0': CMAKE_PREFIX_PATH=${CMAKE_PREFIX_PATH}:/opt/ros/foxy /usr/local/bin/cmake --install /home/joshikanamani/Ros2/ros2_ws1/build/turtlesim
[0.880s] Level 1:colcon.colcon_core.environment:checking '/home/joshikanamani/Ros2/ros2_ws1/install/turtlesim' for CMake config files
[0.882s] Level 1:colcon.colcon_core.shell:create_environment_hook('turtlesim', 'cmake_prefix_path')
[0.882s] INFO:colcon.colcon_core.shell:Creating environment hook '/home/joshikanamani/Ros2/ros2_ws1/install/turtlesim/share/turtlesim/hook/cmake_prefix_path.ps1'
[0.882s] INFO:colcon.colcon_core.shell:Creating environment descriptor '/home/joshikanamani/Ros2/ros2_ws1/install/turtlesim/share/turtlesim/hook/cmake_prefix_path.dsv'
[0.883s] INFO:colcon.colcon_core.shell:Creating environment hook '/home/joshikanamani/Ros2/ros2_ws1/install/turtlesim/share/turtlesim/hook/cmake_prefix_path.sh'
[0.884s] Level 1:colcon.colcon_core.environment:checking '/home/joshikanamani/Ros2/ros2_ws1/install/turtlesim/lib'
[0.884s] Level 1:colcon.colcon_core.shell:create_environment_hook('turtlesim', 'ld_library_path_lib')
[0.884s] INFO:colcon.colcon_core.shell:Creating environment hook '/home/joshikanamani/Ros2/ros2_ws1/install/turtlesim/share/turtlesim/hook/ld_library_path_lib.ps1'
[0.884s] INFO:colcon.colcon_core.shell:Creating environment descriptor '/home/joshikanamani/Ros2/ros2_ws1/install/turtlesim/share/turtlesim/hook/ld_library_path_lib.dsv'
[0.885s] INFO:colcon.colcon_core.shell:Creating environment hook '/home/joshikanamani/Ros2/ros2_ws1/install/turtlesim/share/turtlesim/hook/ld_library_path_lib.sh'
[0.885s] Level 1:colcon.colcon_core.environment:checking '/home/joshikanamani/Ros2/ros2_ws1/install/turtlesim/bin'
[0.885s] Level 1:colcon.colcon_core.environment:checking '/home/joshikanamani/Ros2/ros2_ws1/install/turtlesim/lib/pkgconfig/turtlesim.pc'
[0.885s] Level 1:colcon.colcon_core.environment:checking '/home/joshikanamani/Ros2/ros2_ws1/install/turtlesim/lib/python3.8/site-packages'
[0.885s] Level 1:colcon.colcon_core.shell:create_environment_hook('turtlesim', 'pythonpath')
[0.886s] INFO:colcon.colcon_core.shell:Creating environment hook '/home/joshikanamani/Ros2/ros2_ws1/install/turtlesim/share/turtlesim/hook/pythonpath.ps1'
[0.886s] INFO:colcon.colcon_core.shell:Creating environment descriptor '/home/joshikanamani/Ros2/ros2_ws1/install/turtlesim/share/turtlesim/hook/pythonpath.dsv'
[0.886s] INFO:colcon.colcon_core.shell:Creating environment hook '/home/joshikanamani/Ros2/ros2_ws1/install/turtlesim/share/turtlesim/hook/pythonpath.sh'
[0.887s] Level 1:colcon.colcon_core.environment:checking '/home/joshikanamani/Ros2/ros2_ws1/install/turtlesim/bin'
[0.887s] INFO:colcon.colcon_core.shell:Creating package script '/home/joshikanamani/Ros2/ros2_ws1/install/turtlesim/share/turtlesim/package.ps1'
[0.887s] INFO:colcon.colcon_core.shell:Creating package descriptor '/home/joshikanamani/Ros2/ros2_ws1/install/turtlesim/share/turtlesim/package.dsv'
[0.888s] INFO:colcon.colcon_core.shell:Creating package script '/home/joshikanamani/Ros2/ros2_ws1/install/turtlesim/share/turtlesim/package.sh'
[0.889s] INFO:colcon.colcon_core.shell:Creating package script '/home/joshikanamani/Ros2/ros2_ws1/install/turtlesim/share/turtlesim/package.bash'
[0.890s] INFO:colcon.colcon_core.shell:Creating package script '/home/joshikanamani/Ros2/ros2_ws1/install/turtlesim/share/turtlesim/package.zsh'
[0.890s] Level 1:colcon.colcon_core.environment:create_file_with_runtime_dependencies(/home/joshikanamani/Ros2/ros2_ws1/install/turtlesim/share/colcon-core/packages/turtlesim)
[0.891s] Level 1:colcon.colcon_core.environment:create_environment_scripts_only(turtlesim)
[0.891s] Level 1:colcon.colcon_core.environment:checking '/home/joshikanamani/Ros2/ros2_ws1/install/turtlesim' for CMake module files
[0.892s] Level 1:colcon.colcon_core.environment:checking '/home/joshikanamani/Ros2/ros2_ws1/install/turtlesim' for CMake config files
[0.893s] Level 1:colcon.colcon_core.shell:create_environment_hook('turtlesim', 'cmake_prefix_path')
[0.894s] INFO:colcon.colcon_core.shell:Creating environment hook '/home/joshikanamani/Ros2/ros2_ws1/install/turtlesim/share/turtlesim/hook/cmake_prefix_path.ps1'
[0.894s] INFO:colcon.colcon_core.shell:Creating environment descriptor '/home/joshikanamani/Ros2/ros2_ws1/install/turtlesim/share/turtlesim/hook/cmake_prefix_path.dsv'
[0.894s] INFO:colcon.colcon_core.shell:Creating environment hook '/home/joshikanamani/Ros2/ros2_ws1/install/turtlesim/share/turtlesim/hook/cmake_prefix_path.sh'
[0.895s] Level 1:colcon.colcon_core.environment:checking '/home/joshikanamani/Ros2/ros2_ws1/install/turtlesim/lib'
[0.895s] Level 1:colcon.colcon_core.shell:create_environment_hook('turtlesim', 'ld_library_path_lib')
[0.895s] INFO:colcon.colcon_core.shell:Creating environment hook '/home/joshikanamani/Ros2/ros2_ws1/install/turtlesim/share/turtlesim/hook/ld_library_path_lib.ps1'
[0.895s] INFO:colcon.colcon_core.shell:Creating environment descriptor '/home/joshikanamani/Ros2/ros2_ws1/install/turtlesim/share/turtlesim/hook/ld_library_path_lib.dsv'
[0.896s] INFO:colcon.colcon_core.shell:Creating environment hook '/home/joshikanamani/Ros2/ros2_ws1/install/turtlesim/share/turtlesim/hook/ld_library_path_lib.sh'
[0.896s] Level 1:colcon.colcon_core.environment:checking '/home/joshikanamani/Ros2/ros2_ws1/install/turtlesim/bin'
[0.896s] Level 1:colcon.colcon_core.environment:checking '/home/joshikanamani/Ros2/ros2_ws1/install/turtlesim/lib/pkgconfig/turtlesim.pc'
[0.897s] Level 1:colcon.colcon_core.environment:checking '/home/joshikanamani/Ros2/ros2_ws1/install/turtlesim/lib/python3.8/site-packages'
[0.897s] Level 1:colcon.colcon_core.shell:create_environment_hook('turtlesim', 'pythonpath')
[0.897s] INFO:colcon.colcon_core.shell:Creating environment hook '/home/joshikanamani/Ros2/ros2_ws1/install/turtlesim/share/turtlesim/hook/pythonpath.ps1'
[0.897s] INFO:colcon.colcon_core.shell:Creating environment descriptor '/home/joshikanamani/Ros2/ros2_ws1/install/turtlesim/share/turtlesim/hook/pythonpath.dsv'
[0.898s] INFO:colcon.colcon_core.shell:Creating environment hook '/home/joshikanamani/Ros2/ros2_ws1/install/turtlesim/share/turtlesim/hook/pythonpath.sh'
[0.898s] Level 1:colcon.colcon_core.environment:checking '/home/joshikanamani/Ros2/ros2_ws1/install/turtlesim/bin'
[0.899s] INFO:colcon.colcon_core.shell:Creating package script '/home/joshikanamani/Ros2/ros2_ws1/install/turtlesim/share/turtlesim/package.ps1'
[0.899s] INFO:colcon.colcon_core.shell:Creating package descriptor '/home/joshikanamani/Ros2/ros2_ws1/install/turtlesim/share/turtlesim/package.dsv'
[0.900s] INFO:colcon.colcon_core.shell:Creating package script '/home/joshikanamani/Ros2/ros2_ws1/install/turtlesim/share/turtlesim/package.sh'
[0.900s] INFO:colcon.colcon_core.shell:Creating package script '/home/joshikanamani/Ros2/ros2_ws1/install/turtlesim/share/turtlesim/package.bash'
[0.900s] INFO:colcon.colcon_core.shell:Creating package script '/home/joshikanamani/Ros2/ros2_ws1/install/turtlesim/share/turtlesim/package.zsh'
[0.901s] Level 1:colcon.colcon_core.environment:create_file_with_runtime_dependencies(/home/joshikanamani/Ros2/ros2_ws1/install/turtlesim/share/colcon-core/packages/turtlesim)
[1.569s] DEBUG:colcon.colcon_core.event_handler.log_command:Invoked command in '/home/joshikanamani/Ros2/ros2_ws1/build/tutorial_interfaces' returned '1': /usr/local/bin/cmake /home/joshikanamani/Ros2/ros2_ws1/src/tutorial_interfaces -DCMAKE_INSTALL_PREFIX=/home/joshikanamani/Ros2/ros2_ws1/install/tutorial_interfaces
[1.578s] DEBUG:colcon.colcon_parallel_executor.executor.parallel:closing loop
[1.579s] DEBUG:colcon.colcon_parallel_executor.executor.parallel:loop closed
[1.579s] DEBUG:colcon.colcon_parallel_executor.executor.parallel:run_until_complete finished with '1'
[1.579s] DEBUG:colcon.colcon_core.event_reactor:joining thread
[1.586s] INFO:colcon.colcon_core.plugin_system:Skipping extension 'colcon_notification.desktop_notification.terminal_notifier': Not used on non-Darwin systems
[1.586s] INFO:colcon.colcon_core.plugin_system:Skipping extension 'colcon_notification.desktop_notification.win32': Not used on non-Windows systems
[1.586s] INFO:colcon.colcon_notification.desktop_notification:Sending desktop notification using 'notify2'
[1.611s] DEBUG:colcon.colcon_core.event_reactor:joined thread
[1.611s] INFO:colcon.colcon_core.shell:Creating prefix script '/home/joshikanamani/Ros2/ros2_ws1/install/local_setup.ps1'
[1.614s] INFO:colcon.colcon_core.shell:Creating prefix util module '/home/joshikanamani/Ros2/ros2_ws1/install/_local_setup_util_ps1.py'
[1.617s] INFO:colcon.colcon_core.shell:Creating prefix chain script '/home/joshikanamani/Ros2/ros2_ws1/install/setup.ps1'
[1.621s] INFO:colcon.colcon_core.shell:Creating prefix script '/home/joshikanamani/Ros2/ros2_ws1/install/local_setup.sh'
[1.622s] INFO:colcon.colcon_core.shell:Creating prefix util module '/home/joshikanamani/Ros2/ros2_ws1/install/_local_setup_util_sh.py'
[1.623s] INFO:colcon.colcon_core.shell:Creating prefix chain script '/home/joshikanamani/Ros2/ros2_ws1/install/setup.sh'
[1.625s] INFO:colcon.colcon_core.shell:Creating prefix script '/home/joshikanamani/Ros2/ros2_ws1/install/local_setup.bash'
[1.626s] INFO:colcon.colcon_core.shell:Creating prefix chain script '/home/joshikanamani/Ros2/ros2_ws1/install/setup.bash'
[1.628s] INFO:colcon.colcon_core.shell:Creating prefix script '/home/joshikanamani/Ros2/ros2_ws1/install/local_setup.zsh'
[1.629s] INFO:colcon.colcon_core.shell:Creating prefix chain script '/home/joshikanamani/Ros2/ros2_ws1/install/setup.zsh'
