[0.013s] Invoking command in '/home/joshikanamani/Ros2/ros2_ws1/build/cpp_parameters': CMAKE_PREFIX_PATH=${CMAKE_PREFIX_PATH}:/opt/ros/foxy /usr/local/bin/cmake --build /home/joshikanamani/Ros2/ros2_ws1/build/cpp_parameters -- -j8 -l8
[0.027s] -- Found ament_cmake: 0.9.12 (/opt/ros/foxy/share/ament_cmake/cmake)
[0.058s] -- Using PYTHON_EXECUTABLE: /usr/bin/python3
[0.269s] -- Found rclcpp: 2.4.3 (/opt/ros/foxy/share/rclcpp/cmake)
[0.316s] -- Using all available rosidl_typesupport_c: rosidl_typesupport_fastrtps_c;rosidl_typesupport_introspection_c
[0.321s] -- Found rosidl_adapter: 1.3.1 (/opt/ros/foxy/share/rosidl_adapter/cmake)
[0.449s] -- Using all available rosidl_typesupport_cpp: rosidl_typesupport_fastrtps_cpp;rosidl_typesupport_introspection_cpp
[0.492s] -- Found rmw_implementation_cmake: 1.0.4 (/opt/ros/foxy/share/rmw_implementation_cmake/cmake)
[0.494s] -- Using RMW implementation 'rmw_fastrtps_cpp' as default
[0.618s] CMake Error at CMakeLists.txt:24 (install):
[0.618s]   install TARGETS given target "DIRECTORY" which does not exist.
[0.618s] 
[0.618s] 
[0.618s] -- Found ament_lint_auto: 0.9.8 (/opt/ros/foxy/share/ament_lint_auto/cmake)
[0.711s] -- Added test 'copyright' to check source files copyright and LICENSE
[0.711s] -- Added test 'cppcheck' to perform static code analysis on C / C++ code
[0.711s] -- Configured cppcheck include dirs: 
[0.711s] -- Configured cppcheck exclude dirs and/or files: 
[0.712s] -- Added test 'cpplint' to check C / C++ code against the Google style
[0.712s] -- Configured cpplint exclude dirs and/or files: 
[0.712s] -- Added test 'flake8' to check Python code syntax and style conventions
[0.713s] -- Added test 'lint_cmake' to check CMake code style
[0.713s] -- Added test 'pep257' to check Python code against some of the style conventions in PEP 257
[0.714s] -- Added test 'uncrustify' to check C / C++ code style
[0.714s] -- Configured uncrustify additional arguments: 
[0.714s] -- Added test 'xmllint' to check XML markup files
[0.716s] -- Configuring incomplete, errors occurred!
[0.716s] See also "/home/joshikanamani/Ros2/ros2_ws1/build/cpp_parameters/CMakeFiles/CMakeOutput.log".
[0.716s] See also "/home/joshikanamani/Ros2/ros2_ws1/build/cpp_parameters/CMakeFiles/CMakeError.log".
[0.723s] make: *** [Makefile:285: cmake_check_build_system] Error 1
[0.726s] Invoked command in '/home/joshikanamani/Ros2/ros2_ws1/build/cpp_parameters' returned '2': CMAKE_PREFIX_PATH=${CMAKE_PREFIX_PATH}:/opt/ros/foxy /usr/local/bin/cmake --build /home/joshikanamani/Ros2/ros2_ws1/build/cpp_parameters -- -j8 -l8
