[0.016s] Invoking command in '/home/joshikanamani/Ros2/ros2_ws1/build/more_interfaces': CMAKE_PREFIX_PATH=${CMAKE_PREFIX_PATH}:/opt/ros/foxy /usr/local/bin/cmake --build /home/joshikanamani/Ros2/ros2_ws1/build/more_interfaces -- -j8 -l8
[0.035s] -- Found ament_cmake: 0.9.12 (/opt/ros/foxy/share/ament_cmake/cmake)
[0.072s] -- Found PythonInterp: /usr/bin/python3 (found suitable version "3.8.10", minimum required is "3") 
[0.073s] -- Using PYTHON_EXECUTABLE: /usr/bin/python3
[0.285s] -- Found rosidl_default_generators: 1.0.1 (/opt/ros/foxy/share/rosidl_default_generators/cmake)
[0.287s] -- Using all available rosidl_typesupport_c: rosidl_typesupport_fastrtps_c;rosidl_typesupport_introspection_c
[0.290s] -- Found rosidl_adapter: 1.3.1 (/opt/ros/foxy/share/rosidl_adapter/cmake)
[0.453s] -- Using all available rosidl_typesupport_cpp: rosidl_typesupport_fastrtps_cpp;rosidl_typesupport_introspection_cpp
[0.473s] -- Found rclcpp: 2.4.3 (/opt/ros/foxy/share/rclcpp/cmake)
[0.518s] -- Found rmw_implementation_cmake: 1.0.4 (/opt/ros/foxy/share/rmw_implementation_cmake/cmake)
[0.519s] -- Using RMW implementation 'rmw_fastrtps_cpp' as default
[0.668s] -- Found PythonInterp: /usr/bin/python3 (found version "3.8.10") 
[0.825s] -- Found ament_cmake_ros: 0.9.2 (/opt/ros/foxy/share/ament_cmake_ros/cmake)
[0.954s] -- Using all available rosidl_typesupport_c: rosidl_typesupport_fastrtps_c;rosidl_typesupport_introspection_c
[0.959s] -- Using all available rosidl_typesupport_cpp: rosidl_typesupport_fastrtps_cpp;rosidl_typesupport_introspection_cpp
[0.983s] -- Found PythonInterp: /usr/bin/python3 (found suitable version "3.8.10", minimum required is "3.5") 
[0.983s] -- Found python_cmake_module: 0.8.1 (/opt/ros/foxy/share/python_cmake_module/cmake)
[1.024s] -- Using PYTHON_EXECUTABLE: /usr/bin/python3
[1.024s] -- Using PYTHON_INCLUDE_DIRS: /usr/include/python3.8
[1.024s] -- Using PYTHON_LIBRARIES: /usr/lib/x86_64-linux-gnu/libpython3.8.so
[1.052s] -- Found ament_lint_auto: 0.9.8 (/opt/ros/foxy/share/ament_lint_auto/cmake)
[1.062s] -- Configuring done
[1.091s] -- Generating done
[1.101s] -- Build files have been written to: /home/joshikanamani/Ros2/ros2_ws1/build/more_interfaces
[1.122s] [  9%] Built target more_interfaces__rosidl_generator_c
[1.123s] [ 12%] Built target more_interfaces__cpp
[1.135s] [ 21%] Built target more_interfaces__rosidl_typesupport_c
[1.135s] [ 30%] Built target more_interfaces__rosidl_typesupport_introspection_cpp
[1.135s] [ 39%] Built target more_interfaces__rosidl_typesupport_introspection_c
[1.136s] [ 48%] Built target more_interfaces__rosidl_typesupport_cpp
[1.138s] [ 57%] Built target more_interfaces__rosidl_typesupport_fastrtps_cpp
[1.148s] [ 66%] Built target more_interfaces__rosidl_typesupport_fastrtps_c
[1.160s] [ 66%] Built target more_interfaces
[1.172s] [35m[1mScanning dependencies of target publish_address_book[0m
[1.177s] [ 69%] Built target more_interfaces__py
[1.186s] [ 72%] [32mBuilding CXX object CMakeFiles/publish_address_book.dir/src/publish_address_book.cpp.o[0m
[1.195s] [ 78%] Built target more_interfaces__python
[1.214s] [ 84%] Built target more_interfaces__rosidl_typesupport_c__pyext
[1.214s] [ 90%] Built target more_interfaces__rosidl_typesupport_introspection_c__pyext
[1.214s] [ 96%] Built target more_interfaces__rosidl_typesupport_fastrtps_c__pyext
[4.040s] [100%] [32m[1mLinking CXX executable publish_address_book[0m
[4.201s] [100%] Built target publish_address_book
[4.207s] Invoked command in '/home/joshikanamani/Ros2/ros2_ws1/build/more_interfaces' returned '0': CMAKE_PREFIX_PATH=${CMAKE_PREFIX_PATH}:/opt/ros/foxy /usr/local/bin/cmake --build /home/joshikanamani/Ros2/ros2_ws1/build/more_interfaces -- -j8 -l8
[4.214s] Invoking command in '/home/joshikanamani/Ros2/ros2_ws1/build/more_interfaces': CMAKE_PREFIX_PATH=${CMAKE_PREFIX_PATH}:/opt/ros/foxy /usr/local/bin/cmake --install /home/joshikanamani/Ros2/ros2_ws1/build/more_interfaces
[4.219s] -- Install configuration: ""
[4.219s] -- Up-to-date: /home/joshikanamani/Ros2/ros2_ws1/install/more_interfaces/share/ament_index/resource_index/rosidl_interfaces/more_interfaces
[4.219s] -- Up-to-date: /home/joshikanamani/Ros2/ros2_ws1/install/more_interfaces/include/more_interfaces
[4.219s] -- Up-to-date: /home/joshikanamani/Ros2/ros2_ws1/install/more_interfaces/include/more_interfaces/msg
[4.220s] -- Up-to-date: /home/joshikanamani/Ros2/ros2_ws1/install/more_interfaces/include/more_interfaces/msg/detail
[4.220s] -- Up-to-date: /home/joshikanamani/Ros2/ros2_ws1/install/more_interfaces/include/more_interfaces/msg/detail/address_book__functions.h
[4.220s] -- Up-to-date: /home/joshikanamani/Ros2/ros2_ws1/install/more_interfaces/include/more_interfaces/msg/detail/address_book__functions.c
[4.220s] -- Up-to-date: /home/joshikanamani/Ros2/ros2_ws1/install/more_interfaces/include/more_interfaces/msg/detail/address_book__type_support.h
[4.220s] -- Up-to-date: /home/joshikanamani/Ros2/ros2_ws1/install/more_interfaces/include/more_interfaces/msg/detail/address_book__struct.h
[4.220s] -- Up-to-date: /home/joshikanamani/Ros2/ros2_ws1/install/more_interfaces/include/more_interfaces/msg/address_book.h
[4.220s] -- Up-to-date: /home/joshikanamani/Ros2/ros2_ws1/install/more_interfaces/include/more_interfaces/msg/rosidl_generator_c__visibility_control.h
[4.220s] -- Up-to-date: /home/joshikanamani/Ros2/ros2_ws1/install/more_interfaces/share/more_interfaces/environment/library_path.sh
[4.220s] -- Installing: /home/joshikanamani/Ros2/ros2_ws1/install/more_interfaces/share/more_interfaces/environment/library_path.dsv
[4.220s] -- Up-to-date: /home/joshikanamani/Ros2/ros2_ws1/install/more_interfaces/lib/libmore_interfaces__rosidl_generator_c.so
[4.221s] -- Up-to-date: /home/joshikanamani/Ros2/ros2_ws1/install/more_interfaces/include/more_interfaces
[4.221s] -- Up-to-date: /home/joshikanamani/Ros2/ros2_ws1/install/more_interfaces/include/more_interfaces/msg
[4.221s] -- Up-to-date: /home/joshikanamani/Ros2/ros2_ws1/install/more_interfaces/include/more_interfaces/msg/detail
[4.221s] -- Up-to-date: /home/joshikanamani/Ros2/ros2_ws1/install/more_interfaces/include/more_interfaces/msg/detail/address_book__rosidl_typesupport_fastrtps_c.h
[4.221s] -- Up-to-date: /home/joshikanamani/Ros2/ros2_ws1/install/more_interfaces/include/more_interfaces/msg/rosidl_typesupport_fastrtps_c__visibility_control.h
[4.221s] -- Up-to-date: /home/joshikanamani/Ros2/ros2_ws1/install/more_interfaces/lib/libmore_interfaces__rosidl_typesupport_fastrtps_c.so
[4.221s] -- Up-to-date: /home/joshikanamani/Ros2/ros2_ws1/install/more_interfaces/include/more_interfaces
[4.221s] -- Up-to-date: /home/joshikanamani/Ros2/ros2_ws1/install/more_interfaces/include/more_interfaces/msg
[4.221s] -- Up-to-date: /home/joshikanamani/Ros2/ros2_ws1/install/more_interfaces/include/more_interfaces/msg/detail
[4.222s] -- Up-to-date: /home/joshikanamani/Ros2/ros2_ws1/install/more_interfaces/include/more_interfaces/msg/detail/address_book__rosidl_typesupport_fastrtps_cpp.hpp
[4.222s] -- Up-to-date: /home/joshikanamani/Ros2/ros2_ws1/install/more_interfaces/include/more_interfaces/msg/detail/dds_fastrtps
[4.222s] -- Up-to-date: /home/joshikanamani/Ros2/ros2_ws1/install/more_interfaces/include/more_interfaces/msg/rosidl_typesupport_fastrtps_cpp__visibility_control.h
[4.222s] -- Up-to-date: /home/joshikanamani/Ros2/ros2_ws1/install/more_interfaces/lib/libmore_interfaces__rosidl_typesupport_fastrtps_cpp.so
[4.222s] -- Up-to-date: /home/joshikanamani/Ros2/ros2_ws1/install/more_interfaces/include/more_interfaces
[4.222s] -- Up-to-date: /home/joshikanamani/Ros2/ros2_ws1/install/more_interfaces/include/more_interfaces/msg
[4.222s] -- Up-to-date: /home/joshikanamani/Ros2/ros2_ws1/install/more_interfaces/include/more_interfaces/msg/detail
[4.222s] -- Up-to-date: /home/joshikanamani/Ros2/ros2_ws1/install/more_interfaces/include/more_interfaces/msg/detail/address_book__rosidl_typesupport_introspection_c.h
[4.222s] -- Up-to-date: /home/joshikanamani/Ros2/ros2_ws1/install/more_interfaces/include/more_interfaces/msg/detail/address_book__type_support.c
[4.222s] -- Up-to-date: /home/joshikanamani/Ros2/ros2_ws1/install/more_interfaces/include/more_interfaces/msg/rosidl_typesupport_introspection_c__visibility_control.h
[4.222s] -- Up-to-date: /home/joshikanamani/Ros2/ros2_ws1/install/more_interfaces/lib/libmore_interfaces__rosidl_typesupport_introspection_c.so
[4.223s] -- Up-to-date: /home/joshikanamani/Ros2/ros2_ws1/install/more_interfaces/lib/libmore_interfaces__rosidl_typesupport_c.so
[4.223s] -- Up-to-date: /home/joshikanamani/Ros2/ros2_ws1/install/more_interfaces/include/more_interfaces
[4.223s] -- Up-to-date: /home/joshikanamani/Ros2/ros2_ws1/install/more_interfaces/include/more_interfaces/msg
[4.223s] -- Up-to-date: /home/joshikanamani/Ros2/ros2_ws1/install/more_interfaces/include/more_interfaces/msg/detail
[4.223s] -- Up-to-date: /home/joshikanamani/Ros2/ros2_ws1/install/more_interfaces/include/more_interfaces/msg/detail/address_book__type_support.hpp
[4.223s] -- Up-to-date: /home/joshikanamani/Ros2/ros2_ws1/install/more_interfaces/include/more_interfaces/msg/detail/address_book__struct.hpp
[4.223s] -- Up-to-date: /home/joshikanamani/Ros2/ros2_ws1/install/more_interfaces/include/more_interfaces/msg/detail/address_book__builder.hpp
[4.223s] -- Up-to-date: /home/joshikanamani/Ros2/ros2_ws1/install/more_interfaces/include/more_interfaces/msg/detail/address_book__traits.hpp
[4.224s] -- Up-to-date: /home/joshikanamani/Ros2/ros2_ws1/install/more_interfaces/include/more_interfaces/msg/address_book.hpp
[4.224s] -- Up-to-date: /home/joshikanamani/Ros2/ros2_ws1/install/more_interfaces/include/more_interfaces/msg/rosidl_generator_cpp__visibility_control.hpp
[4.224s] -- Up-to-date: /home/joshikanamani/Ros2/ros2_ws1/install/more_interfaces/include/more_interfaces
[4.224s] -- Up-to-date: /home/joshikanamani/Ros2/ros2_ws1/install/more_interfaces/include/more_interfaces/msg
[4.224s] -- Up-to-date: /home/joshikanamani/Ros2/ros2_ws1/install/more_interfaces/include/more_interfaces/msg/detail
[4.224s] -- Up-to-date: /home/joshikanamani/Ros2/ros2_ws1/install/more_interfaces/include/more_interfaces/msg/detail/address_book__rosidl_typesupport_introspection_cpp.hpp
[4.224s] -- Up-to-date: /home/joshikanamani/Ros2/ros2_ws1/install/more_interfaces/include/more_interfaces/msg/detail/address_book__type_support.cpp
[4.224s] -- Up-to-date: /home/joshikanamani/Ros2/ros2_ws1/install/more_interfaces/lib/libmore_interfaces__rosidl_typesupport_introspection_cpp.so
[4.225s] -- Up-to-date: /home/joshikanamani/Ros2/ros2_ws1/install/more_interfaces/lib/libmore_interfaces__rosidl_typesupport_cpp.so
[4.225s] -- Up-to-date: /home/joshikanamani/Ros2/ros2_ws1/install/more_interfaces/share/more_interfaces/environment/pythonpath.sh
[4.225s] -- Installing: /home/joshikanamani/Ros2/ros2_ws1/install/more_interfaces/share/more_interfaces/environment/pythonpath.dsv
[4.225s] -- Installing: /home/joshikanamani/Ros2/ros2_ws1/install/more_interfaces/lib/python3.8/site-packages/more_interfaces/__init__.py
[4.258s] Compiling '/home/joshikanamani/Ros2/ros2_ws1/install/more_interfaces/lib/python3.8/site-packages/more_interfaces/__init__.py'...
[4.262s] -- Up-to-date: /home/joshikanamani/Ros2/ros2_ws1/install/more_interfaces/lib/python3.8/site-packages/more_interfaces/msg
[4.262s] -- Up-to-date: /home/joshikanamani/Ros2/ros2_ws1/install/more_interfaces/lib/python3.8/site-packages/more_interfaces/msg/_address_book.py
[4.262s] -- Up-to-date: /home/joshikanamani/Ros2/ros2_ws1/install/more_interfaces/lib/python3.8/site-packages/more_interfaces/msg/__init__.py
[4.262s] -- Up-to-date: /home/joshikanamani/Ros2/ros2_ws1/install/more_interfaces/lib/python3.8/site-packages/more_interfaces/msg/_address_book_s.c
[4.263s] -- Up-to-date: /home/joshikanamani/Ros2/ros2_ws1/install/more_interfaces/lib/python3.8/site-packages/more_interfaces/more_interfaces_s__rosidl_typesupport_fastrtps_c.cpython-38-x86_64-linux-gnu.so
[4.263s] -- Up-to-date: /home/joshikanamani/Ros2/ros2_ws1/install/more_interfaces/lib/python3.8/site-packages/more_interfaces/more_interfaces_s__rosidl_typesupport_introspection_c.cpython-38-x86_64-linux-gnu.so
[4.264s] -- Up-to-date: /home/joshikanamani/Ros2/ros2_ws1/install/more_interfaces/lib/python3.8/site-packages/more_interfaces/more_interfaces_s__rosidl_typesupport_c.cpython-38-x86_64-linux-gnu.so
[4.264s] -- Up-to-date: /home/joshikanamani/Ros2/ros2_ws1/install/more_interfaces/lib/libmore_interfaces__python.so
[4.265s] -- Up-to-date: /home/joshikanamani/Ros2/ros2_ws1/install/more_interfaces/share/more_interfaces/msg/AddressBook.idl
[4.265s] -- Up-to-date: /home/joshikanamani/Ros2/ros2_ws1/install/more_interfaces/share/more_interfaces/msg/AddressBook.msg
[4.265s] -- Installing: /home/joshikanamani/Ros2/ros2_ws1/install/more_interfaces/lib/more_interfaces/publish_address_book
[4.266s] -- Set runtime path of "/home/joshikanamani/Ros2/ros2_ws1/install/more_interfaces/lib/more_interfaces/publish_address_book" to ""
[4.266s] -- Up-to-date: /home/joshikanamani/Ros2/ros2_ws1/install/more_interfaces/share/ament_index/resource_index/package_run_dependencies/more_interfaces
[4.266s] -- Installing: /home/joshikanamani/Ros2/ros2_ws1/install/more_interfaces/share/ament_index/resource_index/parent_prefix_path/more_interfaces
[4.266s] -- Up-to-date: /home/joshikanamani/Ros2/ros2_ws1/install/more_interfaces/share/more_interfaces/environment/ament_prefix_path.sh
[4.266s] -- Installing: /home/joshikanamani/Ros2/ros2_ws1/install/more_interfaces/share/more_interfaces/environment/ament_prefix_path.dsv
[4.267s] -- Up-to-date: /home/joshikanamani/Ros2/ros2_ws1/install/more_interfaces/share/more_interfaces/environment/path.sh
[4.267s] -- Installing: /home/joshikanamani/Ros2/ros2_ws1/install/more_interfaces/share/more_interfaces/environment/path.dsv
[4.267s] -- Up-to-date: /home/joshikanamani/Ros2/ros2_ws1/install/more_interfaces/share/more_interfaces/local_setup.bash
[4.267s] -- Up-to-date: /home/joshikanamani/Ros2/ros2_ws1/install/more_interfaces/share/more_interfaces/local_setup.sh
[4.267s] -- Up-to-date: /home/joshikanamani/Ros2/ros2_ws1/install/more_interfaces/share/more_interfaces/local_setup.zsh
[4.267s] -- Installing: /home/joshikanamani/Ros2/ros2_ws1/install/more_interfaces/share/more_interfaces/local_setup.dsv
[4.267s] -- Installing: /home/joshikanamani/Ros2/ros2_ws1/install/more_interfaces/share/more_interfaces/package.dsv
[4.267s] -- Up-to-date: /home/joshikanamani/Ros2/ros2_ws1/install/more_interfaces/share/ament_index/resource_index/packages/more_interfaces
[4.268s] -- Up-to-date: /home/joshikanamani/Ros2/ros2_ws1/install/more_interfaces/share/more_interfaces/cmake/more_interfaces__rosidl_generator_cExport.cmake
[4.268s] -- Installing: /home/joshikanamani/Ros2/ros2_ws1/install/more_interfaces/share/more_interfaces/cmake/more_interfaces__rosidl_generator_cExport-noconfig.cmake
[4.268s] -- Up-to-date: /home/joshikanamani/Ros2/ros2_ws1/install/more_interfaces/share/more_interfaces/cmake/more_interfaces__rosidl_typesupport_introspection_cExport.cmake
[4.268s] -- Installing: /home/joshikanamani/Ros2/ros2_ws1/install/more_interfaces/share/more_interfaces/cmake/more_interfaces__rosidl_typesupport_introspection_cExport-noconfig.cmake
[4.268s] -- Up-to-date: /home/joshikanamani/Ros2/ros2_ws1/install/more_interfaces/share/more_interfaces/cmake/more_interfaces__rosidl_typesupport_cExport.cmake
[4.268s] -- Installing: /home/joshikanamani/Ros2/ros2_ws1/install/more_interfaces/share/more_interfaces/cmake/more_interfaces__rosidl_typesupport_cExport-noconfig.cmake
[4.269s] -- Up-to-date: /home/joshikanamani/Ros2/ros2_ws1/install/more_interfaces/share/more_interfaces/cmake/more_interfaces__rosidl_generator_cppExport.cmake
[4.269s] -- Up-to-date: /home/joshikanamani/Ros2/ros2_ws1/install/more_interfaces/share/more_interfaces/cmake/more_interfaces__rosidl_typesupport_introspection_cppExport.cmake
[4.269s] -- Installing: /home/joshikanamani/Ros2/ros2_ws1/install/more_interfaces/share/more_interfaces/cmake/more_interfaces__rosidl_typesupport_introspection_cppExport-noconfig.cmake
[4.269s] -- Up-to-date: /home/joshikanamani/Ros2/ros2_ws1/install/more_interfaces/share/more_interfaces/cmake/more_interfaces__rosidl_typesupport_cppExport.cmake
[4.270s] -- Installing: /home/joshikanamani/Ros2/ros2_ws1/install/more_interfaces/share/more_interfaces/cmake/more_interfaces__rosidl_typesupport_cppExport-noconfig.cmake
[4.270s] -- Up-to-date: /home/joshikanamani/Ros2/ros2_ws1/install/more_interfaces/share/more_interfaces/cmake/rosidl_cmake-extras.cmake
[4.270s] -- Up-to-date: /home/joshikanamani/Ros2/ros2_ws1/install/more_interfaces/share/more_interfaces/cmake/ament_cmake_export_dependencies-extras.cmake
[4.270s] -- Up-to-date: /home/joshikanamani/Ros2/ros2_ws1/install/more_interfaces/share/more_interfaces/cmake/ament_cmake_export_libraries-extras.cmake
[4.270s] -- Up-to-date: /home/joshikanamani/Ros2/ros2_ws1/install/more_interfaces/share/more_interfaces/cmake/ament_cmake_export_targets-extras.cmake
[4.270s] -- Up-to-date: /home/joshikanamani/Ros2/ros2_ws1/install/more_interfaces/share/more_interfaces/cmake/ament_cmake_export_include_directories-extras.cmake
[4.270s] -- Up-to-date: /home/joshikanamani/Ros2/ros2_ws1/install/more_interfaces/share/more_interfaces/cmake/rosidl_cmake_export_typesupport_libraries-extras.cmake
[4.271s] -- Up-to-date: /home/joshikanamani/Ros2/ros2_ws1/install/more_interfaces/share/more_interfaces/cmake/rosidl_cmake_export_typesupport_targets-extras.cmake
[4.271s] -- Up-to-date: /home/joshikanamani/Ros2/ros2_ws1/install/more_interfaces/share/more_interfaces/cmake/more_interfacesConfig.cmake
[4.271s] -- Up-to-date: /home/joshikanamani/Ros2/ros2_ws1/install/more_interfaces/share/more_interfaces/cmake/more_interfacesConfig-version.cmake
[4.271s] -- Up-to-date: /home/joshikanamani/Ros2/ros2_ws1/install/more_interfaces/share/more_interfaces/package.xml
[4.273s] Invoked command in '/home/joshikanamani/Ros2/ros2_ws1/build/more_interfaces' returned '0': CMAKE_PREFIX_PATH=${CMAKE_PREFIX_PATH}:/opt/ros/foxy /usr/local/bin/cmake --install /home/joshikanamani/Ros2/ros2_ws1/build/more_interfaces
