[0.042s] Invoking command in '/home/joshikanamani/Ros2/ros2_ws1/build/cpp_srvcli': CMAKE_PREFIX_PATH=${CMAKE_PREFIX_PATH}:/opt/ros/foxy /usr/local/bin/cmake --build /home/joshikanamani/Ros2/ros2_ws1/build/cpp_srvcli -- -j8 -l8
[0.095s] [35m[1mScanning dependencies of target server[0m
[0.096s] [35m[1mScanning dependencies of target client[0m
[0.109s] [ 25%] [32mBuilding CXX object CMakeFiles/client.dir/src/add_two_ints_client.cpp.o[0m
[0.111s] [ 50%] [32mBuilding CXX object CMakeFiles/server.dir/src/add_two_ints_server.cpp.o[0m
[0.146s] [ 75%] [32m[1mLinking CXX executable server[0m
[0.150s] [100%] [32m[1mLinking CXX executable client[0m
[0.407s] [100%] Built target server
[0.419s] [100%] Built target client
[0.436s] Invoked command in '/home/joshikanamani/Ros2/ros2_ws1/build/cpp_srvcli' returned '0': CMAKE_PREFIX_PATH=${CMAKE_PREFIX_PATH}:/opt/ros/foxy /usr/local/bin/cmake --build /home/joshikanamani/Ros2/ros2_ws1/build/cpp_srvcli -- -j8 -l8
[0.437s] Invoking command in '/home/joshikanamani/Ros2/ros2_ws1/build/cpp_srvcli': CMAKE_PREFIX_PATH=${CMAKE_PREFIX_PATH}:/opt/ros/foxy /usr/local/bin/cmake --install /home/joshikanamani/Ros2/ros2_ws1/build/cpp_srvcli
[0.441s] -- Install configuration: ""
[0.441s] -- Installing: /home/joshikanamani/Ros2/ros2_ws1/install/cpp_srvcli/lib/cpp_srvcli/server
[0.442s] -- Set runtime path of "/home/joshikanamani/Ros2/ros2_ws1/install/cpp_srvcli/lib/cpp_srvcli/server" to ""
[0.442s] -- Installing: /home/joshikanamani/Ros2/ros2_ws1/install/cpp_srvcli/lib/cpp_srvcli/client
[0.443s] -- Set runtime path of "/home/joshikanamani/Ros2/ros2_ws1/install/cpp_srvcli/lib/cpp_srvcli/client" to ""
[0.443s] -- Installing: /home/joshikanamani/Ros2/ros2_ws1/install/cpp_srvcli/share/ament_index/resource_index/package_run_dependencies/cpp_srvcli
[0.443s] -- Installing: /home/joshikanamani/Ros2/ros2_ws1/install/cpp_srvcli/share/ament_index/resource_index/parent_prefix_path/cpp_srvcli
[0.444s] -- Installing: /home/joshikanamani/Ros2/ros2_ws1/install/cpp_srvcli/share/cpp_srvcli/environment/ament_prefix_path.sh
[0.444s] -- Installing: /home/joshikanamani/Ros2/ros2_ws1/install/cpp_srvcli/share/cpp_srvcli/environment/ament_prefix_path.dsv
[0.444s] -- Installing: /home/joshikanamani/Ros2/ros2_ws1/install/cpp_srvcli/share/cpp_srvcli/environment/path.sh
[0.444s] -- Installing: /home/joshikanamani/Ros2/ros2_ws1/install/cpp_srvcli/share/cpp_srvcli/environment/path.dsv
[0.445s] -- Installing: /home/joshikanamani/Ros2/ros2_ws1/install/cpp_srvcli/share/cpp_srvcli/local_setup.bash
[0.445s] -- Installing: /home/joshikanamani/Ros2/ros2_ws1/install/cpp_srvcli/share/cpp_srvcli/local_setup.sh
[0.445s] -- Installing: /home/joshikanamani/Ros2/ros2_ws1/install/cpp_srvcli/share/cpp_srvcli/local_setup.zsh
[0.445s] -- Installing: /home/joshikanamani/Ros2/ros2_ws1/install/cpp_srvcli/share/cpp_srvcli/local_setup.dsv
[0.445s] -- Installing: /home/joshikanamani/Ros2/ros2_ws1/install/cpp_srvcli/share/cpp_srvcli/package.dsv
[0.446s] -- Installing: /home/joshikanamani/Ros2/ros2_ws1/install/cpp_srvcli/share/ament_index/resource_index/packages/cpp_srvcli
[0.446s] -- Installing: /home/joshikanamani/Ros2/ros2_ws1/install/cpp_srvcli/share/cpp_srvcli/cmake/cpp_srvcliConfig.cmake
[0.446s] -- Installing: /home/joshikanamani/Ros2/ros2_ws1/install/cpp_srvcli/share/cpp_srvcli/cmake/cpp_srvcliConfig-version.cmake
[0.446s] -- Installing: /home/joshikanamani/Ros2/ros2_ws1/install/cpp_srvcli/share/cpp_srvcli/package.xml
[0.456s] Invoked command in '/home/joshikanamani/Ros2/ros2_ws1/build/cpp_srvcli' returned '0': CMAKE_PREFIX_PATH=${CMAKE_PREFIX_PATH}:/opt/ros/foxy /usr/local/bin/cmake --install /home/joshikanamani/Ros2/ros2_ws1/build/cpp_srvcli
