[0.052s] Invoking command in '/home/joshikanamani/Ros2/ros2_ws1/build/more_interfaces': CMAKE_PREFIX_PATH=${CMAKE_PREFIX_PATH}:/opt/ros/foxy /usr/local/bin/cmake /home/joshikanamani/Ros2/ros2_ws1/src/more_interfaces -DCMAKE_INSTALL_PREFIX=/home/joshikanamani/Ros2/ros2_ws1/install/more_interfaces
[0.123s] -- The C compiler identification is GNU 9.4.0
[0.206s] -- The CXX compiler identification is GNU 9.4.0
[0.222s] -- Detecting C compiler ABI info
[0.275s] -- Detecting C compiler ABI info - done
[0.298s] -- Check for working C compiler: /usr/lib/ccache/cc - skipped
[0.298s] -- Detecting C compile features
[0.299s] -- Detecting C compile features - done
[0.305s] -- Detecting CXX compiler ABI info
[0.382s] -- Detecting CXX compiler ABI info - done
[0.404s] -- Check for working CXX compiler: /usr/lib/ccache/c++ - skipped
[0.405s] -- Detecting CXX compile features
[0.406s] -- Detecting CXX compile features - done
[0.411s] -- Found ament_cmake: 0.9.12 (/opt/ros/foxy/share/ament_cmake/cmake)
[0.440s] -- Found PythonInterp: /usr/bin/python3 (found suitable version "3.8.10", minimum required is "3") 
[0.440s] -- Using PYTHON_EXECUTABLE: /usr/bin/python3
[0.838s] -- Found rosidl_default_generators: 1.0.1 (/opt/ros/foxy/share/rosidl_default_generators/cmake)
[0.845s] -- Using all available rosidl_typesupport_c: rosidl_typesupport_fastrtps_c;rosidl_typesupport_introspection_c
[0.856s] -- Found rosidl_adapter: 1.3.1 (/opt/ros/foxy/share/rosidl_adapter/cmake)
[1.001s] -- Found OpenSSL: /usr/lib/x86_64-linux-gnu/libcrypto.so (found version "1.1.1f")  
[1.050s] -- Found FastRTPS: /opt/ros/foxy/include  
[1.188s] -- Using all available rosidl_typesupport_cpp: rosidl_typesupport_fastrtps_cpp;rosidl_typesupport_introspection_cpp
[1.240s] -- Found rclcpp: 2.4.3 (/opt/ros/foxy/share/rclcpp/cmake)
[1.356s] -- Found rmw_implementation_cmake: 1.0.4 (/opt/ros/foxy/share/rmw_implementation_cmake/cmake)
[1.359s] -- Using RMW implementation 'rmw_fastrtps_cpp' as default
[1.361s] -- Looking for pthread.h
[1.409s] -- Looking for pthread.h - found
[1.410s] -- Performing Test CMAKE_HAVE_LIBC_PTHREAD
[1.456s] -- Performing Test CMAKE_HAVE_LIBC_PTHREAD - Failed
[1.456s] -- Looking for pthread_create in pthreads
[1.486s] -- Looking for pthread_create in pthreads - not found
[1.487s] -- Looking for pthread_create in pthread
[1.537s] -- Looking for pthread_create in pthread - found
[1.538s] -- Found Threads: TRUE  
[1.739s] -- Found PythonInterp: /usr/bin/python3 (found version "3.8.10") 
[1.897s] -- Found ament_cmake_ros: 0.9.2 (/opt/ros/foxy/share/ament_cmake_ros/cmake)
[2.029s] -- Using all available rosidl_typesupport_c: rosidl_typesupport_fastrtps_c;rosidl_typesupport_introspection_c
[2.036s] -- Using all available rosidl_typesupport_cpp: rosidl_typesupport_fastrtps_cpp;rosidl_typesupport_introspection_cpp
[2.068s] -- Found PythonInterp: /usr/bin/python3 (found suitable version "3.8.10", minimum required is "3.5") 
[2.069s] -- Found python_cmake_module: 0.8.1 (/opt/ros/foxy/share/python_cmake_module/cmake)
[2.114s] -- Found PythonLibs: /usr/lib/x86_64-linux-gnu/libpython3.8.so (found suitable version "3.8.10", minimum required is "3.5") 
[2.114s] -- Using PYTHON_EXECUTABLE: /usr/bin/python3
[2.114s] -- Using PYTHON_INCLUDE_DIRS: /usr/include/python3.8
[2.114s] -- Using PYTHON_LIBRARIES: /usr/lib/x86_64-linux-gnu/libpython3.8.so
[2.155s] -- Found PythonExtra: .so  
[2.208s] -- Found ament_lint_auto: 0.9.8 (/opt/ros/foxy/share/ament_lint_auto/cmake)
[2.221s] -- Configuring done
[2.260s] -- Generating done
[2.269s] -- Build files have been written to: /home/joshikanamani/Ros2/ros2_ws1/build/more_interfaces
