[0.017s] Invoking command in '/home/joshikanamani/Ros2/ros2_ws1/build/more_interfaces': CMAKE_PREFIX_PATH=${CMAKE_PREFIX_PATH}:/opt/ros/foxy /usr/local/bin/cmake --build /home/joshikanamani/Ros2/ros2_ws1/build/more_interfaces -- -j8 -l8
[0.055s] [  3%] Built target more_interfaces__cpp
[0.057s] [ 12%] Built target more_interfaces__rosidl_generator_c
[0.071s] [ 29%] Built target more_interfaces__rosidl_typesupport_fastrtps_cpp
[0.071s] [ 32%] Built target more_interfaces__rosidl_typesupport_cpp
[0.073s] [ 41%] Built target more_interfaces__rosidl_typesupport_introspection_cpp
[0.073s] [ 51%] Built target more_interfaces__rosidl_typesupport_c
[0.074s] [ 61%] Built target more_interfaces__rosidl_typesupport_introspection_c
[0.084s] [ 70%] Built target more_interfaces__rosidl_typesupport_fastrtps_c
[0.098s] [ 70%] Built target more_interfaces
[0.114s] [ 74%] Built target more_interfaces__py
[0.136s] [ 80%] Built target more_interfaces__python
[0.156s] [ 87%] Built target more_interfaces__rosidl_typesupport_c__pyext
[0.156s] [ 93%] Built target more_interfaces__rosidl_typesupport_introspection_c__pyext
[0.157s] [100%] Built target more_interfaces__rosidl_typesupport_fastrtps_c__pyext
[0.165s] Invoked command in '/home/joshikanamani/Ros2/ros2_ws1/build/more_interfaces' returned '0': CMAKE_PREFIX_PATH=${CMAKE_PREFIX_PATH}:/opt/ros/foxy /usr/local/bin/cmake --build /home/joshikanamani/Ros2/ros2_ws1/build/more_interfaces -- -j8 -l8
[0.178s] Invoking command in '/home/joshikanamani/Ros2/ros2_ws1/build/more_interfaces': CMAKE_PREFIX_PATH=${CMAKE_PREFIX_PATH}:/opt/ros/foxy /usr/local/bin/cmake --install /home/joshikanamani/Ros2/ros2_ws1/build/more_interfaces
[0.183s] -- Install configuration: ""
[0.184s] -- Up-to-date: /home/joshikanamani/Ros2/ros2_ws1/install/more_interfaces/share/ament_index/resource_index/rosidl_interfaces/more_interfaces
[0.184s] -- Up-to-date: /home/joshikanamani/Ros2/ros2_ws1/install/more_interfaces/include/more_interfaces
[0.184s] -- Up-to-date: /home/joshikanamani/Ros2/ros2_ws1/install/more_interfaces/include/more_interfaces/msg
[0.185s] -- Up-to-date: /home/joshikanamani/Ros2/ros2_ws1/install/more_interfaces/include/more_interfaces/msg/detail
[0.185s] -- Up-to-date: /home/joshikanamani/Ros2/ros2_ws1/install/more_interfaces/include/more_interfaces/msg/detail/address_book__functions.h
[0.185s] -- Up-to-date: /home/joshikanamani/Ros2/ros2_ws1/install/more_interfaces/include/more_interfaces/msg/detail/address_book__functions.c
[0.185s] -- Up-to-date: /home/joshikanamani/Ros2/ros2_ws1/install/more_interfaces/include/more_interfaces/msg/detail/address_book__type_support.h
[0.185s] -- Up-to-date: /home/joshikanamani/Ros2/ros2_ws1/install/more_interfaces/include/more_interfaces/msg/detail/address_book__struct.h
[0.186s] -- Up-to-date: /home/joshikanamani/Ros2/ros2_ws1/install/more_interfaces/include/more_interfaces/msg/address_book.h
[0.186s] -- Up-to-date: /home/joshikanamani/Ros2/ros2_ws1/install/more_interfaces/include/more_interfaces/msg/rosidl_generator_c__visibility_control.h
[0.186s] -- Up-to-date: /home/joshikanamani/Ros2/ros2_ws1/install/more_interfaces/share/more_interfaces/environment/library_path.sh
[0.186s] -- Installing: /home/joshikanamani/Ros2/ros2_ws1/install/more_interfaces/share/more_interfaces/environment/library_path.dsv
[0.186s] -- Up-to-date: /home/joshikanamani/Ros2/ros2_ws1/install/more_interfaces/lib/libmore_interfaces__rosidl_generator_c.so
[0.187s] -- Up-to-date: /home/joshikanamani/Ros2/ros2_ws1/install/more_interfaces/include/more_interfaces
[0.187s] -- Up-to-date: /home/joshikanamani/Ros2/ros2_ws1/install/more_interfaces/include/more_interfaces/msg
[0.187s] -- Up-to-date: /home/joshikanamani/Ros2/ros2_ws1/install/more_interfaces/include/more_interfaces/msg/detail
[0.187s] -- Up-to-date: /home/joshikanamani/Ros2/ros2_ws1/install/more_interfaces/include/more_interfaces/msg/detail/address_book__rosidl_typesupport_fastrtps_c.h
[0.188s] -- Up-to-date: /home/joshikanamani/Ros2/ros2_ws1/install/more_interfaces/include/more_interfaces/msg/rosidl_typesupport_fastrtps_c__visibility_control.h
[0.188s] -- Up-to-date: /home/joshikanamani/Ros2/ros2_ws1/install/more_interfaces/lib/libmore_interfaces__rosidl_typesupport_fastrtps_c.so
[0.188s] -- Up-to-date: /home/joshikanamani/Ros2/ros2_ws1/install/more_interfaces/include/more_interfaces
[0.188s] -- Up-to-date: /home/joshikanamani/Ros2/ros2_ws1/install/more_interfaces/include/more_interfaces/msg
[0.188s] -- Up-to-date: /home/joshikanamani/Ros2/ros2_ws1/install/more_interfaces/include/more_interfaces/msg/detail
[0.189s] -- Up-to-date: /home/joshikanamani/Ros2/ros2_ws1/install/more_interfaces/include/more_interfaces/msg/detail/address_book__rosidl_typesupport_fastrtps_cpp.hpp
[0.189s] -- Up-to-date: /home/joshikanamani/Ros2/ros2_ws1/install/more_interfaces/include/more_interfaces/msg/detail/dds_fastrtps
[0.189s] -- Up-to-date: /home/joshikanamani/Ros2/ros2_ws1/install/more_interfaces/include/more_interfaces/msg/rosidl_typesupport_fastrtps_cpp__visibility_control.h
[0.189s] -- Up-to-date: /home/joshikanamani/Ros2/ros2_ws1/install/more_interfaces/lib/libmore_interfaces__rosidl_typesupport_fastrtps_cpp.so
[0.189s] -- Up-to-date: /home/joshikanamani/Ros2/ros2_ws1/install/more_interfaces/include/more_interfaces
[0.190s] -- Up-to-date: /home/joshikanamani/Ros2/ros2_ws1/install/more_interfaces/include/more_interfaces/msg
[0.190s] -- Up-to-date: /home/joshikanamani/Ros2/ros2_ws1/install/more_interfaces/include/more_interfaces/msg/detail
[0.190s] -- Up-to-date: /home/joshikanamani/Ros2/ros2_ws1/install/more_interfaces/include/more_interfaces/msg/detail/address_book__rosidl_typesupport_introspection_c.h
[0.190s] -- Up-to-date: /home/joshikanamani/Ros2/ros2_ws1/install/more_interfaces/include/more_interfaces/msg/detail/address_book__type_support.c
[0.190s] -- Up-to-date: /home/joshikanamani/Ros2/ros2_ws1/install/more_interfaces/include/more_interfaces/msg/rosidl_typesupport_introspection_c__visibility_control.h
[0.191s] -- Up-to-date: /home/joshikanamani/Ros2/ros2_ws1/install/more_interfaces/lib/libmore_interfaces__rosidl_typesupport_introspection_c.so
[0.191s] -- Up-to-date: /home/joshikanamani/Ros2/ros2_ws1/install/more_interfaces/lib/libmore_interfaces__rosidl_typesupport_c.so
[0.191s] -- Up-to-date: /home/joshikanamani/Ros2/ros2_ws1/install/more_interfaces/include/more_interfaces
[0.192s] -- Up-to-date: /home/joshikanamani/Ros2/ros2_ws1/install/more_interfaces/include/more_interfaces/msg
[0.192s] -- Up-to-date: /home/joshikanamani/Ros2/ros2_ws1/install/more_interfaces/include/more_interfaces/msg/detail
[0.192s] -- Up-to-date: /home/joshikanamani/Ros2/ros2_ws1/install/more_interfaces/include/more_interfaces/msg/detail/address_book__type_support.hpp
[0.192s] -- Up-to-date: /home/joshikanamani/Ros2/ros2_ws1/install/more_interfaces/include/more_interfaces/msg/detail/address_book__struct.hpp
[0.192s] -- Up-to-date: /home/joshikanamani/Ros2/ros2_ws1/install/more_interfaces/include/more_interfaces/msg/detail/address_book__builder.hpp
[0.193s] -- Up-to-date: /home/joshikanamani/Ros2/ros2_ws1/install/more_interfaces/include/more_interfaces/msg/detail/address_book__traits.hpp
[0.193s] -- Up-to-date: /home/joshikanamani/Ros2/ros2_ws1/install/more_interfaces/include/more_interfaces/msg/address_book.hpp
[0.193s] -- Up-to-date: /home/joshikanamani/Ros2/ros2_ws1/install/more_interfaces/include/more_interfaces/msg/rosidl_generator_cpp__visibility_control.hpp
[0.193s] -- Up-to-date: /home/joshikanamani/Ros2/ros2_ws1/install/more_interfaces/include/more_interfaces
[0.193s] -- Up-to-date: /home/joshikanamani/Ros2/ros2_ws1/install/more_interfaces/include/more_interfaces/msg
[0.194s] -- Up-to-date: /home/joshikanamani/Ros2/ros2_ws1/install/more_interfaces/include/more_interfaces/msg/detail
[0.194s] -- Up-to-date: /home/joshikanamani/Ros2/ros2_ws1/install/more_interfaces/include/more_interfaces/msg/detail/address_book__rosidl_typesupport_introspection_cpp.hpp
[0.194s] -- Up-to-date: /home/joshikanamani/Ros2/ros2_ws1/install/more_interfaces/include/more_interfaces/msg/detail/address_book__type_support.cpp
[0.194s] -- Up-to-date: /home/joshikanamani/Ros2/ros2_ws1/install/more_interfaces/lib/libmore_interfaces__rosidl_typesupport_introspection_cpp.so
[0.194s] -- Up-to-date: /home/joshikanamani/Ros2/ros2_ws1/install/more_interfaces/lib/libmore_interfaces__rosidl_typesupport_cpp.so
[0.195s] -- Up-to-date: /home/joshikanamani/Ros2/ros2_ws1/install/more_interfaces/share/more_interfaces/environment/pythonpath.sh
[0.195s] -- Installing: /home/joshikanamani/Ros2/ros2_ws1/install/more_interfaces/share/more_interfaces/environment/pythonpath.dsv
[0.195s] -- Installing: /home/joshikanamani/Ros2/ros2_ws1/install/more_interfaces/lib/python3.8/site-packages/more_interfaces/__init__.py
[0.260s] Compiling '/home/joshikanamani/Ros2/ros2_ws1/install/more_interfaces/lib/python3.8/site-packages/more_interfaces/__init__.py'...
[0.264s] -- Up-to-date: /home/joshikanamani/Ros2/ros2_ws1/install/more_interfaces/lib/python3.8/site-packages/more_interfaces/msg
[0.264s] -- Up-to-date: /home/joshikanamani/Ros2/ros2_ws1/install/more_interfaces/lib/python3.8/site-packages/more_interfaces/msg/_address_book.py
[0.264s] -- Up-to-date: /home/joshikanamani/Ros2/ros2_ws1/install/more_interfaces/lib/python3.8/site-packages/more_interfaces/msg/__init__.py
[0.265s] -- Up-to-date: /home/joshikanamani/Ros2/ros2_ws1/install/more_interfaces/lib/python3.8/site-packages/more_interfaces/msg/_address_book_s.c
[0.265s] -- Up-to-date: /home/joshikanamani/Ros2/ros2_ws1/install/more_interfaces/lib/python3.8/site-packages/more_interfaces/more_interfaces_s__rosidl_typesupport_fastrtps_c.cpython-38-x86_64-linux-gnu.so
[0.265s] -- Up-to-date: /home/joshikanamani/Ros2/ros2_ws1/install/more_interfaces/lib/python3.8/site-packages/more_interfaces/more_interfaces_s__rosidl_typesupport_introspection_c.cpython-38-x86_64-linux-gnu.so
[0.266s] -- Up-to-date: /home/joshikanamani/Ros2/ros2_ws1/install/more_interfaces/lib/python3.8/site-packages/more_interfaces/more_interfaces_s__rosidl_typesupport_c.cpython-38-x86_64-linux-gnu.so
[0.267s] -- Up-to-date: /home/joshikanamani/Ros2/ros2_ws1/install/more_interfaces/lib/libmore_interfaces__python.so
[0.267s] -- Up-to-date: /home/joshikanamani/Ros2/ros2_ws1/install/more_interfaces/share/more_interfaces/msg/AddressBook.idl
[0.267s] -- Up-to-date: /home/joshikanamani/Ros2/ros2_ws1/install/more_interfaces/share/more_interfaces/msg/AddressBook.msg
[0.267s] -- Up-to-date: /home/joshikanamani/Ros2/ros2_ws1/install/more_interfaces/share/ament_index/resource_index/package_run_dependencies/more_interfaces
[0.267s] -- Up-to-date: /home/joshikanamani/Ros2/ros2_ws1/install/more_interfaces/share/ament_index/resource_index/parent_prefix_path/more_interfaces
[0.268s] -- Up-to-date: /home/joshikanamani/Ros2/ros2_ws1/install/more_interfaces/share/more_interfaces/environment/ament_prefix_path.sh
[0.268s] -- Installing: /home/joshikanamani/Ros2/ros2_ws1/install/more_interfaces/share/more_interfaces/environment/ament_prefix_path.dsv
[0.268s] -- Up-to-date: /home/joshikanamani/Ros2/ros2_ws1/install/more_interfaces/share/more_interfaces/environment/path.sh
[0.268s] -- Installing: /home/joshikanamani/Ros2/ros2_ws1/install/more_interfaces/share/more_interfaces/environment/path.dsv
[0.268s] -- Up-to-date: /home/joshikanamani/Ros2/ros2_ws1/install/more_interfaces/share/more_interfaces/local_setup.bash
[0.268s] -- Up-to-date: /home/joshikanamani/Ros2/ros2_ws1/install/more_interfaces/share/more_interfaces/local_setup.sh
[0.268s] -- Up-to-date: /home/joshikanamani/Ros2/ros2_ws1/install/more_interfaces/share/more_interfaces/local_setup.zsh
[0.269s] -- Installing: /home/joshikanamani/Ros2/ros2_ws1/install/more_interfaces/share/more_interfaces/local_setup.dsv
[0.269s] -- Installing: /home/joshikanamani/Ros2/ros2_ws1/install/more_interfaces/share/more_interfaces/package.dsv
[0.269s] -- Up-to-date: /home/joshikanamani/Ros2/ros2_ws1/install/more_interfaces/share/ament_index/resource_index/packages/more_interfaces
[0.269s] -- Up-to-date: /home/joshikanamani/Ros2/ros2_ws1/install/more_interfaces/share/more_interfaces/cmake/more_interfaces__rosidl_generator_cExport.cmake
[0.269s] -- Installing: /home/joshikanamani/Ros2/ros2_ws1/install/more_interfaces/share/more_interfaces/cmake/more_interfaces__rosidl_generator_cExport-noconfig.cmake
[0.270s] -- Up-to-date: /home/joshikanamani/Ros2/ros2_ws1/install/more_interfaces/share/more_interfaces/cmake/more_interfaces__rosidl_typesupport_introspection_cExport.cmake
[0.270s] -- Installing: /home/joshikanamani/Ros2/ros2_ws1/install/more_interfaces/share/more_interfaces/cmake/more_interfaces__rosidl_typesupport_introspection_cExport-noconfig.cmake
[0.270s] -- Up-to-date: /home/joshikanamani/Ros2/ros2_ws1/install/more_interfaces/share/more_interfaces/cmake/more_interfaces__rosidl_typesupport_cExport.cmake
[0.270s] -- Installing: /home/joshikanamani/Ros2/ros2_ws1/install/more_interfaces/share/more_interfaces/cmake/more_interfaces__rosidl_typesupport_cExport-noconfig.cmake
[0.271s] -- Up-to-date: /home/joshikanamani/Ros2/ros2_ws1/install/more_interfaces/share/more_interfaces/cmake/more_interfaces__rosidl_generator_cppExport.cmake
[0.271s] -- Up-to-date: /home/joshikanamani/Ros2/ros2_ws1/install/more_interfaces/share/more_interfaces/cmake/more_interfaces__rosidl_typesupport_introspection_cppExport.cmake
[0.271s] -- Installing: /home/joshikanamani/Ros2/ros2_ws1/install/more_interfaces/share/more_interfaces/cmake/more_interfaces__rosidl_typesupport_introspection_cppExport-noconfig.cmake
[0.271s] -- Up-to-date: /home/joshikanamani/Ros2/ros2_ws1/install/more_interfaces/share/more_interfaces/cmake/more_interfaces__rosidl_typesupport_cppExport.cmake
[0.272s] -- Installing: /home/joshikanamani/Ros2/ros2_ws1/install/more_interfaces/share/more_interfaces/cmake/more_interfaces__rosidl_typesupport_cppExport-noconfig.cmake
[0.272s] -- Up-to-date: /home/joshikanamani/Ros2/ros2_ws1/install/more_interfaces/share/more_interfaces/cmake/rosidl_cmake-extras.cmake
[0.272s] -- Up-to-date: /home/joshikanamani/Ros2/ros2_ws1/install/more_interfaces/share/more_interfaces/cmake/ament_cmake_export_dependencies-extras.cmake
[0.272s] -- Up-to-date: /home/joshikanamani/Ros2/ros2_ws1/install/more_interfaces/share/more_interfaces/cmake/ament_cmake_export_libraries-extras.cmake
[0.272s] -- Up-to-date: /home/joshikanamani/Ros2/ros2_ws1/install/more_interfaces/share/more_interfaces/cmake/ament_cmake_export_targets-extras.cmake
[0.272s] -- Up-to-date: /home/joshikanamani/Ros2/ros2_ws1/install/more_interfaces/share/more_interfaces/cmake/ament_cmake_export_include_directories-extras.cmake
[0.273s] -- Up-to-date: /home/joshikanamani/Ros2/ros2_ws1/install/more_interfaces/share/more_interfaces/cmake/rosidl_cmake_export_typesupport_libraries-extras.cmake
[0.273s] -- Up-to-date: /home/joshikanamani/Ros2/ros2_ws1/install/more_interfaces/share/more_interfaces/cmake/rosidl_cmake_export_typesupport_targets-extras.cmake
[0.273s] -- Up-to-date: /home/joshikanamani/Ros2/ros2_ws1/install/more_interfaces/share/more_interfaces/cmake/more_interfacesConfig.cmake
[0.273s] -- Up-to-date: /home/joshikanamani/Ros2/ros2_ws1/install/more_interfaces/share/more_interfaces/cmake/more_interfacesConfig-version.cmake
[0.273s] -- Up-to-date: /home/joshikanamani/Ros2/ros2_ws1/install/more_interfaces/share/more_interfaces/package.xml
[0.275s] Invoked command in '/home/joshikanamani/Ros2/ros2_ws1/build/more_interfaces' returned '0': CMAKE_PREFIX_PATH=${CMAKE_PREFIX_PATH}:/opt/ros/foxy /usr/local/bin/cmake --install /home/joshikanamani/Ros2/ros2_ws1/build/more_interfaces
