[  3%] Built target more_interfaces__cpp
[ 12%] Built target more_interfaces__rosidl_generator_c
[ 22%] Built target more_interfaces__rosidl_typesupport_cpp
[ 32%] Built target more_interfaces__rosidl_typesupport_introspection_cpp
[ 41%] Built target more_interfaces__rosidl_typesupport_c
[ 51%] Built target more_interfaces__rosidl_typesupport_introspection_c
[ 61%] Built target more_interfaces__rosidl_typesupport_fastrtps_cpp
[ 70%] Built target more_interfaces__rosidl_typesupport_fastrtps_c
[ 70%] Built target more_interfaces
[ 74%] Built target more_interfaces__py
[ 80%] Built target more_interfaces__python
[ 87%] Built target more_interfaces__rosidl_typesupport_c__pyext
[ 93%] Built target more_interfaces__rosidl_typesupport_fastrtps_c__pyext
[100%] Built target more_interfaces__rosidl_typesupport_introspection_c__pyext
-- Install configuration: ""
-- Installing: /home/joshikanamani/Ros2/ros2_ws1/install/more_interfaces/share/ament_index/resource_index/rosidl_interfaces/more_interfaces
-- Installing: /home/joshikanamani/Ros2/ros2_ws1/install/more_interfaces/include/more_interfaces
-- Installing: /home/joshikanamani/Ros2/ros2_ws1/install/more_interfaces/include/more_interfaces/msg
-- Installing: /home/joshikanamani/Ros2/ros2_ws1/install/more_interfaces/include/more_interfaces/msg/detail
-- Installing: /home/joshikanamani/Ros2/ros2_ws1/install/more_interfaces/include/more_interfaces/msg/detail/address_book__functions.h
-- Installing: /home/joshikanamani/Ros2/ros2_ws1/install/more_interfaces/include/more_interfaces/msg/detail/address_book__functions.c
-- Installing: /home/joshikanamani/Ros2/ros2_ws1/install/more_interfaces/include/more_interfaces/msg/detail/address_book__type_support.h
-- Installing: /home/joshikanamani/Ros2/ros2_ws1/install/more_interfaces/include/more_interfaces/msg/detail/address_book__struct.h
-- Installing: /home/joshikanamani/Ros2/ros2_ws1/install/more_interfaces/include/more_interfaces/msg/address_book.h
-- Installing: /home/joshikanamani/Ros2/ros2_ws1/install/more_interfaces/include/more_interfaces/msg/rosidl_generator_c__visibility_control.h
-- Installing: /home/joshikanamani/Ros2/ros2_ws1/install/more_interfaces/share/more_interfaces/environment/library_path.sh
-- Installing: /home/joshikanamani/Ros2/ros2_ws1/install/more_interfaces/share/more_interfaces/environment/library_path.dsv
-- Installing: /home/joshikanamani/Ros2/ros2_ws1/install/more_interfaces/lib/libmore_interfaces__rosidl_generator_c.so
-- Set runtime path of "/home/joshikanamani/Ros2/ros2_ws1/install/more_interfaces/lib/libmore_interfaces__rosidl_generator_c.so" to ""
-- Up-to-date: /home/joshikanamani/Ros2/ros2_ws1/install/more_interfaces/include/more_interfaces
-- Up-to-date: /home/joshikanamani/Ros2/ros2_ws1/install/more_interfaces/include/more_interfaces/msg
-- Up-to-date: /home/joshikanamani/Ros2/ros2_ws1/install/more_interfaces/include/more_interfaces/msg/detail
-- Installing: /home/joshikanamani/Ros2/ros2_ws1/install/more_interfaces/include/more_interfaces/msg/detail/address_book__rosidl_typesupport_fastrtps_c.h
-- Installing: /home/joshikanamani/Ros2/ros2_ws1/install/more_interfaces/include/more_interfaces/msg/rosidl_typesupport_fastrtps_c__visibility_control.h
-- Installing: /home/joshikanamani/Ros2/ros2_ws1/install/more_interfaces/lib/libmore_interfaces__rosidl_typesupport_fastrtps_c.so
-- Set runtime path of "/home/joshikanamani/Ros2/ros2_ws1/install/more_interfaces/lib/libmore_interfaces__rosidl_typesupport_fastrtps_c.so" to ""
-- Up-to-date: /home/joshikanamani/Ros2/ros2_ws1/install/more_interfaces/include/more_interfaces
-- Up-to-date: /home/joshikanamani/Ros2/ros2_ws1/install/more_interfaces/include/more_interfaces/msg
-- Up-to-date: /home/joshikanamani/Ros2/ros2_ws1/install/more_interfaces/include/more_interfaces/msg/detail
-- Installing: /home/joshikanamani/Ros2/ros2_ws1/install/more_interfaces/include/more_interfaces/msg/detail/address_book__rosidl_typesupport_fastrtps_cpp.hpp
-- Installing: /home/joshikanamani/Ros2/ros2_ws1/install/more_interfaces/include/more_interfaces/msg/detail/dds_fastrtps
-- Installing: /home/joshikanamani/Ros2/ros2_ws1/install/more_interfaces/include/more_interfaces/msg/rosidl_typesupport_fastrtps_cpp__visibility_control.h
-- Installing: /home/joshikanamani/Ros2/ros2_ws1/install/more_interfaces/lib/libmore_interfaces__rosidl_typesupport_fastrtps_cpp.so
-- Set runtime path of "/home/joshikanamani/Ros2/ros2_ws1/install/more_interfaces/lib/libmore_interfaces__rosidl_typesupport_fastrtps_cpp.so" to ""
-- Up-to-date: /home/joshikanamani/Ros2/ros2_ws1/install/more_interfaces/include/more_interfaces
-- Up-to-date: /home/joshikanamani/Ros2/ros2_ws1/install/more_interfaces/include/more_interfaces/msg
-- Up-to-date: /home/joshikanamani/Ros2/ros2_ws1/install/more_interfaces/include/more_interfaces/msg/detail
-- Installing: /home/joshikanamani/Ros2/ros2_ws1/install/more_interfaces/include/more_interfaces/msg/detail/address_book__rosidl_typesupport_introspection_c.h
-- Installing: /home/joshikanamani/Ros2/ros2_ws1/install/more_interfaces/include/more_interfaces/msg/detail/address_book__type_support.c
-- Installing: /home/joshikanamani/Ros2/ros2_ws1/install/more_interfaces/include/more_interfaces/msg/rosidl_typesupport_introspection_c__visibility_control.h
-- Installing: /home/joshikanamani/Ros2/ros2_ws1/install/more_interfaces/lib/libmore_interfaces__rosidl_typesupport_introspection_c.so
-- Set runtime path of "/home/joshikanamani/Ros2/ros2_ws1/install/more_interfaces/lib/libmore_interfaces__rosidl_typesupport_introspection_c.so" to ""
-- Installing: /home/joshikanamani/Ros2/ros2_ws1/install/more_interfaces/lib/libmore_interfaces__rosidl_typesupport_c.so
-- Set runtime path of "/home/joshikanamani/Ros2/ros2_ws1/install/more_interfaces/lib/libmore_interfaces__rosidl_typesupport_c.so" to ""
-- Up-to-date: /home/joshikanamani/Ros2/ros2_ws1/install/more_interfaces/include/more_interfaces
-- Up-to-date: /home/joshikanamani/Ros2/ros2_ws1/install/more_interfaces/include/more_interfaces/msg
-- Up-to-date: /home/joshikanamani/Ros2/ros2_ws1/install/more_interfaces/include/more_interfaces/msg/detail
-- Installing: /home/joshikanamani/Ros2/ros2_ws1/install/more_interfaces/include/more_interfaces/msg/detail/address_book__type_support.hpp
-- Installing: /home/joshikanamani/Ros2/ros2_ws1/install/more_interfaces/include/more_interfaces/msg/detail/address_book__struct.hpp
-- Installing: /home/joshikanamani/Ros2/ros2_ws1/install/more_interfaces/include/more_interfaces/msg/detail/address_book__builder.hpp
-- Installing: /home/joshikanamani/Ros2/ros2_ws1/install/more_interfaces/include/more_interfaces/msg/detail/address_book__traits.hpp
-- Installing: /home/joshikanamani/Ros2/ros2_ws1/install/more_interfaces/include/more_interfaces/msg/address_book.hpp
-- Installing: /home/joshikanamani/Ros2/ros2_ws1/install/more_interfaces/include/more_interfaces/msg/rosidl_generator_cpp__visibility_control.hpp
-- Up-to-date: /home/joshikanamani/Ros2/ros2_ws1/install/more_interfaces/include/more_interfaces
-- Up-to-date: /home/joshikanamani/Ros2/ros2_ws1/install/more_interfaces/include/more_interfaces/msg
-- Up-to-date: /home/joshikanamani/Ros2/ros2_ws1/install/more_interfaces/include/more_interfaces/msg/detail
-- Installing: /home/joshikanamani/Ros2/ros2_ws1/install/more_interfaces/include/more_interfaces/msg/detail/address_book__rosidl_typesupport_introspection_cpp.hpp
-- Installing: /home/joshikanamani/Ros2/ros2_ws1/install/more_interfaces/include/more_interfaces/msg/detail/address_book__type_support.cpp
-- Installing: /home/joshikanamani/Ros2/ros2_ws1/install/more_interfaces/lib/libmore_interfaces__rosidl_typesupport_introspection_cpp.so
-- Set runtime path of "/home/joshikanamani/Ros2/ros2_ws1/install/more_interfaces/lib/libmore_interfaces__rosidl_typesupport_introspection_cpp.so" to ""
-- Installing: /home/joshikanamani/Ros2/ros2_ws1/install/more_interfaces/lib/libmore_interfaces__rosidl_typesupport_cpp.so
-- Set runtime path of "/home/joshikanamani/Ros2/ros2_ws1/install/more_interfaces/lib/libmore_interfaces__rosidl_typesupport_cpp.so" to ""
-- Installing: /home/joshikanamani/Ros2/ros2_ws1/install/more_interfaces/share/more_interfaces/environment/pythonpath.sh
-- Installing: /home/joshikanamani/Ros2/ros2_ws1/install/more_interfaces/share/more_interfaces/environment/pythonpath.dsv
-- Installing: /home/joshikanamani/Ros2/ros2_ws1/install/more_interfaces/lib/python3.8/site-packages/more_interfaces/__init__.py
Compiling '/home/joshikanamani/Ros2/ros2_ws1/install/more_interfaces/lib/python3.8/site-packages/more_interfaces/__init__.py'...
-- Installing: /home/joshikanamani/Ros2/ros2_ws1/install/more_interfaces/lib/python3.8/site-packages/more_interfaces/msg
-- Installing: /home/joshikanamani/Ros2/ros2_ws1/install/more_interfaces/lib/python3.8/site-packages/more_interfaces/msg/_address_book.py
-- Installing: /home/joshikanamani/Ros2/ros2_ws1/install/more_interfaces/lib/python3.8/site-packages/more_interfaces/msg/__init__.py
-- Installing: /home/joshikanamani/Ros2/ros2_ws1/install/more_interfaces/lib/python3.8/site-packages/more_interfaces/msg/_address_book_s.c
-- Installing: /home/joshikanamani/Ros2/ros2_ws1/install/more_interfaces/lib/python3.8/site-packages/more_interfaces/more_interfaces_s__rosidl_typesupport_fastrtps_c.cpython-38-x86_64-linux-gnu.so
-- Set runtime path of "/home/joshikanamani/Ros2/ros2_ws1/install/more_interfaces/lib/python3.8/site-packages/more_interfaces/more_interfaces_s__rosidl_typesupport_fastrtps_c.cpython-38-x86_64-linux-gnu.so" to ""
-- Installing: /home/joshikanamani/Ros2/ros2_ws1/install/more_interfaces/lib/python3.8/site-packages/more_interfaces/more_interfaces_s__rosidl_typesupport_introspection_c.cpython-38-x86_64-linux-gnu.so
-- Set runtime path of "/home/joshikanamani/Ros2/ros2_ws1/install/more_interfaces/lib/python3.8/site-packages/more_interfaces/more_interfaces_s__rosidl_typesupport_introspection_c.cpython-38-x86_64-linux-gnu.so" to ""
-- Installing: /home/joshikanamani/Ros2/ros2_ws1/install/more_interfaces/lib/python3.8/site-packages/more_interfaces/more_interfaces_s__rosidl_typesupport_c.cpython-38-x86_64-linux-gnu.so
-- Set runtime path of "/home/joshikanamani/Ros2/ros2_ws1/install/more_interfaces/lib/python3.8/site-packages/more_interfaces/more_interfaces_s__rosidl_typesupport_c.cpython-38-x86_64-linux-gnu.so" to ""
-- Installing: /home/joshikanamani/Ros2/ros2_ws1/install/more_interfaces/lib/libmore_interfaces__python.so
-- Set runtime path of "/home/joshikanamani/Ros2/ros2_ws1/install/more_interfaces/lib/libmore_interfaces__python.so" to ""
-- Installing: /home/joshikanamani/Ros2/ros2_ws1/install/more_interfaces/share/more_interfaces/msg/AddressBook.idl
-- Installing: /home/joshikanamani/Ros2/ros2_ws1/install/more_interfaces/share/more_interfaces/msg/AddressBook.msg
-- Installing: /home/joshikanamani/Ros2/ros2_ws1/install/more_interfaces/share/ament_index/resource_index/package_run_dependencies/more_interfaces
-- Installing: /home/joshikanamani/Ros2/ros2_ws1/install/more_interfaces/share/ament_index/resource_index/parent_prefix_path/more_interfaces
-- Installing: /home/joshikanamani/Ros2/ros2_ws1/install/more_interfaces/share/more_interfaces/environment/ament_prefix_path.sh
-- Installing: /home/joshikanamani/Ros2/ros2_ws1/install/more_interfaces/share/more_interfaces/environment/ament_prefix_path.dsv
-- Installing: /home/joshikanamani/Ros2/ros2_ws1/install/more_interfaces/share/more_interfaces/environment/path.sh
-- Installing: /home/joshikanamani/Ros2/ros2_ws1/install/more_interfaces/share/more_interfaces/environment/path.dsv
-- Installing: /home/joshikanamani/Ros2/ros2_ws1/install/more_interfaces/share/more_interfaces/local_setup.bash
-- Installing: /home/joshikanamani/Ros2/ros2_ws1/install/more_interfaces/share/more_interfaces/local_setup.sh
-- Installing: /home/joshikanamani/Ros2/ros2_ws1/install/more_interfaces/share/more_interfaces/local_setup.zsh
-- Installing: /home/joshikanamani/Ros2/ros2_ws1/install/more_interfaces/share/more_interfaces/local_setup.dsv
-- Installing: /home/joshikanamani/Ros2/ros2_ws1/install/more_interfaces/share/more_interfaces/package.dsv
-- Installing: /home/joshikanamani/Ros2/ros2_ws1/install/more_interfaces/share/ament_index/resource_index/packages/more_interfaces
-- Installing: /home/joshikanamani/Ros2/ros2_ws1/install/more_interfaces/share/more_interfaces/cmake/more_interfaces__rosidl_generator_cExport.cmake
-- Installing: /home/joshikanamani/Ros2/ros2_ws1/install/more_interfaces/share/more_interfaces/cmake/more_interfaces__rosidl_generator_cExport-noconfig.cmake
-- Installing: /home/joshikanamani/Ros2/ros2_ws1/install/more_interfaces/share/more_interfaces/cmake/more_interfaces__rosidl_typesupport_introspection_cExport.cmake
-- Installing: /home/joshikanamani/Ros2/ros2_ws1/install/more_interfaces/share/more_interfaces/cmake/more_interfaces__rosidl_typesupport_introspection_cExport-noconfig.cmake
-- Installing: /home/joshikanamani/Ros2/ros2_ws1/install/more_interfaces/share/more_interfaces/cmake/more_interfaces__rosidl_typesupport_cExport.cmake
-- Installing: /home/joshikanamani/Ros2/ros2_ws1/install/more_interfaces/share/more_interfaces/cmake/more_interfaces__rosidl_typesupport_cExport-noconfig.cmake
-- Installing: /home/joshikanamani/Ros2/ros2_ws1/install/more_interfaces/share/more_interfaces/cmake/more_interfaces__rosidl_generator_cppExport.cmake
-- Installing: /home/joshikanamani/Ros2/ros2_ws1/install/more_interfaces/share/more_interfaces/cmake/more_interfaces__rosidl_typesupport_introspection_cppExport.cmake
-- Installing: /home/joshikanamani/Ros2/ros2_ws1/install/more_interfaces/share/more_interfaces/cmake/more_interfaces__rosidl_typesupport_introspection_cppExport-noconfig.cmake
-- Installing: /home/joshikanamani/Ros2/ros2_ws1/install/more_interfaces/share/more_interfaces/cmake/more_interfaces__rosidl_typesupport_cppExport.cmake
-- Installing: /home/joshikanamani/Ros2/ros2_ws1/install/more_interfaces/share/more_interfaces/cmake/more_interfaces__rosidl_typesupport_cppExport-noconfig.cmake
-- Installing: /home/joshikanamani/Ros2/ros2_ws1/install/more_interfaces/share/more_interfaces/cmake/rosidl_cmake-extras.cmake
-- Installing: /home/joshikanamani/Ros2/ros2_ws1/install/more_interfaces/share/more_interfaces/cmake/ament_cmake_export_dependencies-extras.cmake
-- Installing: /home/joshikanamani/Ros2/ros2_ws1/install/more_interfaces/share/more_interfaces/cmake/ament_cmake_export_libraries-extras.cmake
-- Installing: /home/joshikanamani/Ros2/ros2_ws1/install/more_interfaces/share/more_interfaces/cmake/ament_cmake_export_targets-extras.cmake
-- Installing: /home/joshikanamani/Ros2/ros2_ws1/install/more_interfaces/share/more_interfaces/cmake/ament_cmake_export_include_directories-extras.cmake
-- Installing: /home/joshikanamani/Ros2/ros2_ws1/install/more_interfaces/share/more_interfaces/cmake/rosidl_cmake_export_typesupport_libraries-extras.cmake
-- Installing: /home/joshikanamani/Ros2/ros2_ws1/install/more_interfaces/share/more_interfaces/cmake/rosidl_cmake_export_typesupport_targets-extras.cmake
-- Installing: /home/joshikanamani/Ros2/ros2_ws1/install/more_interfaces/share/more_interfaces/cmake/more_interfacesConfig.cmake
-- Installing: /home/joshikanamani/Ros2/ros2_ws1/install/more_interfaces/share/more_interfaces/cmake/more_interfacesConfig-version.cmake
-- Installing: /home/joshikanamani/Ros2/ros2_ws1/install/more_interfaces/share/more_interfaces/package.xml
