[0.051s] Invoking command in '/home/joshikanamani/Ros2/ros2_ws1/build/more_interfaces': CMAKE_PREFIX_PATH=${CMAKE_PREFIX_PATH}:/opt/ros/foxy /usr/local/bin/cmake --build /home/joshikanamani/Ros2/ros2_ws1/build/more_interfaces -- -j8 -l8
[0.088s] [  3%] Built target more_interfaces__cpp
[0.095s] [ 12%] Built target more_interfaces__rosidl_generator_c
[0.113s] [ 22%] Built target more_interfaces__rosidl_typesupport_cpp
[0.113s] [ 32%] Built target more_interfaces__rosidl_typesupport_introspection_cpp
[0.121s] [ 41%] Built target more_interfaces__rosidl_typesupport_c
[0.121s] [ 51%] Built target more_interfaces__rosidl_typesupport_introspection_c
[0.122s] [ 61%] Built target more_interfaces__rosidl_typesupport_fastrtps_cpp
[0.135s] [ 70%] Built target more_interfaces__rosidl_typesupport_fastrtps_c
[0.145s] [ 70%] Built target more_interfaces
[0.155s] [ 74%] Built target more_interfaces__py
[0.166s] [ 80%] Built target more_interfaces__python
[0.191s] [ 87%] Built target more_interfaces__rosidl_typesupport_c__pyext
[0.195s] [ 93%] Built target more_interfaces__rosidl_typesupport_fastrtps_c__pyext
[0.201s] [100%] Built target more_interfaces__rosidl_typesupport_introspection_c__pyext
[0.207s] Invoked command in '/home/joshikanamani/Ros2/ros2_ws1/build/more_interfaces' returned '0': CMAKE_PREFIX_PATH=${CMAKE_PREFIX_PATH}:/opt/ros/foxy /usr/local/bin/cmake --build /home/joshikanamani/Ros2/ros2_ws1/build/more_interfaces -- -j8 -l8
[0.210s] Invoking command in '/home/joshikanamani/Ros2/ros2_ws1/build/more_interfaces': CMAKE_PREFIX_PATH=${CMAKE_PREFIX_PATH}:/opt/ros/foxy /usr/local/bin/cmake --install /home/joshikanamani/Ros2/ros2_ws1/build/more_interfaces
[0.215s] -- Install configuration: ""
[0.215s] -- Installing: /home/joshikanamani/Ros2/ros2_ws1/install/more_interfaces/share/ament_index/resource_index/rosidl_interfaces/more_interfaces
[0.216s] -- Installing: /home/joshikanamani/Ros2/ros2_ws1/install/more_interfaces/include/more_interfaces
[0.216s] -- Installing: /home/joshikanamani/Ros2/ros2_ws1/install/more_interfaces/include/more_interfaces/msg
[0.216s] -- Installing: /home/joshikanamani/Ros2/ros2_ws1/install/more_interfaces/include/more_interfaces/msg/detail
[0.216s] -- Installing: /home/joshikanamani/Ros2/ros2_ws1/install/more_interfaces/include/more_interfaces/msg/detail/address_book__functions.h
[0.216s] -- Installing: /home/joshikanamani/Ros2/ros2_ws1/install/more_interfaces/include/more_interfaces/msg/detail/address_book__functions.c
[0.216s] -- Installing: /home/joshikanamani/Ros2/ros2_ws1/install/more_interfaces/include/more_interfaces/msg/detail/address_book__type_support.h
[0.217s] -- Installing: /home/joshikanamani/Ros2/ros2_ws1/install/more_interfaces/include/more_interfaces/msg/detail/address_book__struct.h
[0.217s] -- Installing: /home/joshikanamani/Ros2/ros2_ws1/install/more_interfaces/include/more_interfaces/msg/address_book.h
[0.217s] -- Installing: /home/joshikanamani/Ros2/ros2_ws1/install/more_interfaces/include/more_interfaces/msg/rosidl_generator_c__visibility_control.h
[0.217s] -- Installing: /home/joshikanamani/Ros2/ros2_ws1/install/more_interfaces/share/more_interfaces/environment/library_path.sh
[0.217s] -- Installing: /home/joshikanamani/Ros2/ros2_ws1/install/more_interfaces/share/more_interfaces/environment/library_path.dsv
[0.217s] -- Installing: /home/joshikanamani/Ros2/ros2_ws1/install/more_interfaces/lib/libmore_interfaces__rosidl_generator_c.so
[0.218s] -- Set runtime path of "/home/joshikanamani/Ros2/ros2_ws1/install/more_interfaces/lib/libmore_interfaces__rosidl_generator_c.so" to ""
[0.218s] -- Up-to-date: /home/joshikanamani/Ros2/ros2_ws1/install/more_interfaces/include/more_interfaces
[0.218s] -- Up-to-date: /home/joshikanamani/Ros2/ros2_ws1/install/more_interfaces/include/more_interfaces/msg
[0.218s] -- Up-to-date: /home/joshikanamani/Ros2/ros2_ws1/install/more_interfaces/include/more_interfaces/msg/detail
[0.218s] -- Installing: /home/joshikanamani/Ros2/ros2_ws1/install/more_interfaces/include/more_interfaces/msg/detail/address_book__rosidl_typesupport_fastrtps_c.h
[0.218s] -- Installing: /home/joshikanamani/Ros2/ros2_ws1/install/more_interfaces/include/more_interfaces/msg/rosidl_typesupport_fastrtps_c__visibility_control.h
[0.219s] -- Installing: /home/joshikanamani/Ros2/ros2_ws1/install/more_interfaces/lib/libmore_interfaces__rosidl_typesupport_fastrtps_c.so
[0.219s] -- Set runtime path of "/home/joshikanamani/Ros2/ros2_ws1/install/more_interfaces/lib/libmore_interfaces__rosidl_typesupport_fastrtps_c.so" to ""
[0.220s] -- Up-to-date: /home/joshikanamani/Ros2/ros2_ws1/install/more_interfaces/include/more_interfaces
[0.220s] -- Up-to-date: /home/joshikanamani/Ros2/ros2_ws1/install/more_interfaces/include/more_interfaces/msg
[0.221s] -- Up-to-date: /home/joshikanamani/Ros2/ros2_ws1/install/more_interfaces/include/more_interfaces/msg/detail
[0.221s] -- Installing: /home/joshikanamani/Ros2/ros2_ws1/install/more_interfaces/include/more_interfaces/msg/detail/address_book__rosidl_typesupport_fastrtps_cpp.hpp
[0.221s] -- Installing: /home/joshikanamani/Ros2/ros2_ws1/install/more_interfaces/include/more_interfaces/msg/detail/dds_fastrtps
[0.222s] -- Installing: /home/joshikanamani/Ros2/ros2_ws1/install/more_interfaces/include/more_interfaces/msg/rosidl_typesupport_fastrtps_cpp__visibility_control.h
[0.222s] -- Installing: /home/joshikanamani/Ros2/ros2_ws1/install/more_interfaces/lib/libmore_interfaces__rosidl_typesupport_fastrtps_cpp.so
[0.222s] -- Set runtime path of "/home/joshikanamani/Ros2/ros2_ws1/install/more_interfaces/lib/libmore_interfaces__rosidl_typesupport_fastrtps_cpp.so" to ""
[0.222s] -- Up-to-date: /home/joshikanamani/Ros2/ros2_ws1/install/more_interfaces/include/more_interfaces
[0.222s] -- Up-to-date: /home/joshikanamani/Ros2/ros2_ws1/install/more_interfaces/include/more_interfaces/msg
[0.223s] -- Up-to-date: /home/joshikanamani/Ros2/ros2_ws1/install/more_interfaces/include/more_interfaces/msg/detail
[0.223s] -- Installing: /home/joshikanamani/Ros2/ros2_ws1/install/more_interfaces/include/more_interfaces/msg/detail/address_book__rosidl_typesupport_introspection_c.h
[0.223s] -- Installing: /home/joshikanamani/Ros2/ros2_ws1/install/more_interfaces/include/more_interfaces/msg/detail/address_book__type_support.c
[0.223s] -- Installing: /home/joshikanamani/Ros2/ros2_ws1/install/more_interfaces/include/more_interfaces/msg/rosidl_typesupport_introspection_c__visibility_control.h
[0.223s] -- Installing: /home/joshikanamani/Ros2/ros2_ws1/install/more_interfaces/lib/libmore_interfaces__rosidl_typesupport_introspection_c.so
[0.223s] -- Set runtime path of "/home/joshikanamani/Ros2/ros2_ws1/install/more_interfaces/lib/libmore_interfaces__rosidl_typesupport_introspection_c.so" to ""
[0.224s] -- Installing: /home/joshikanamani/Ros2/ros2_ws1/install/more_interfaces/lib/libmore_interfaces__rosidl_typesupport_c.so
[0.224s] -- Set runtime path of "/home/joshikanamani/Ros2/ros2_ws1/install/more_interfaces/lib/libmore_interfaces__rosidl_typesupport_c.so" to ""
[0.224s] -- Up-to-date: /home/joshikanamani/Ros2/ros2_ws1/install/more_interfaces/include/more_interfaces
[0.224s] -- Up-to-date: /home/joshikanamani/Ros2/ros2_ws1/install/more_interfaces/include/more_interfaces/msg
[0.224s] -- Up-to-date: /home/joshikanamani/Ros2/ros2_ws1/install/more_interfaces/include/more_interfaces/msg/detail
[0.224s] -- Installing: /home/joshikanamani/Ros2/ros2_ws1/install/more_interfaces/include/more_interfaces/msg/detail/address_book__type_support.hpp
[0.225s] -- Installing: /home/joshikanamani/Ros2/ros2_ws1/install/more_interfaces/include/more_interfaces/msg/detail/address_book__struct.hpp
[0.225s] -- Installing: /home/joshikanamani/Ros2/ros2_ws1/install/more_interfaces/include/more_interfaces/msg/detail/address_book__builder.hpp
[0.225s] -- Installing: /home/joshikanamani/Ros2/ros2_ws1/install/more_interfaces/include/more_interfaces/msg/detail/address_book__traits.hpp
[0.226s] -- Installing: /home/joshikanamani/Ros2/ros2_ws1/install/more_interfaces/include/more_interfaces/msg/address_book.hpp
[0.226s] -- Installing: /home/joshikanamani/Ros2/ros2_ws1/install/more_interfaces/include/more_interfaces/msg/rosidl_generator_cpp__visibility_control.hpp
[0.226s] -- Up-to-date: /home/joshikanamani/Ros2/ros2_ws1/install/more_interfaces/include/more_interfaces
[0.226s] -- Up-to-date: /home/joshikanamani/Ros2/ros2_ws1/install/more_interfaces/include/more_interfaces/msg
[0.226s] -- Up-to-date: /home/joshikanamani/Ros2/ros2_ws1/install/more_interfaces/include/more_interfaces/msg/detail
[0.226s] -- Installing: /home/joshikanamani/Ros2/ros2_ws1/install/more_interfaces/include/more_interfaces/msg/detail/address_book__rosidl_typesupport_introspection_cpp.hpp
[0.226s] -- Installing: /home/joshikanamani/Ros2/ros2_ws1/install/more_interfaces/include/more_interfaces/msg/detail/address_book__type_support.cpp
[0.226s] -- Installing: /home/joshikanamani/Ros2/ros2_ws1/install/more_interfaces/lib/libmore_interfaces__rosidl_typesupport_introspection_cpp.so
[0.226s] -- Set runtime path of "/home/joshikanamani/Ros2/ros2_ws1/install/more_interfaces/lib/libmore_interfaces__rosidl_typesupport_introspection_cpp.so" to ""
[0.227s] -- Installing: /home/joshikanamani/Ros2/ros2_ws1/install/more_interfaces/lib/libmore_interfaces__rosidl_typesupport_cpp.so
[0.227s] -- Set runtime path of "/home/joshikanamani/Ros2/ros2_ws1/install/more_interfaces/lib/libmore_interfaces__rosidl_typesupport_cpp.so" to ""
[0.227s] -- Installing: /home/joshikanamani/Ros2/ros2_ws1/install/more_interfaces/share/more_interfaces/environment/pythonpath.sh
[0.227s] -- Installing: /home/joshikanamani/Ros2/ros2_ws1/install/more_interfaces/share/more_interfaces/environment/pythonpath.dsv
[0.227s] -- Installing: /home/joshikanamani/Ros2/ros2_ws1/install/more_interfaces/lib/python3.8/site-packages/more_interfaces/__init__.py
[0.274s] Compiling '/home/joshikanamani/Ros2/ros2_ws1/install/more_interfaces/lib/python3.8/site-packages/more_interfaces/__init__.py'...
[0.276s] -- Installing: /home/joshikanamani/Ros2/ros2_ws1/install/more_interfaces/lib/python3.8/site-packages/more_interfaces/msg
[0.276s] -- Installing: /home/joshikanamani/Ros2/ros2_ws1/install/more_interfaces/lib/python3.8/site-packages/more_interfaces/msg/_address_book.py
[0.276s] -- Installing: /home/joshikanamani/Ros2/ros2_ws1/install/more_interfaces/lib/python3.8/site-packages/more_interfaces/msg/__init__.py
[0.276s] -- Installing: /home/joshikanamani/Ros2/ros2_ws1/install/more_interfaces/lib/python3.8/site-packages/more_interfaces/msg/_address_book_s.c
[0.277s] -- Installing: /home/joshikanamani/Ros2/ros2_ws1/install/more_interfaces/lib/python3.8/site-packages/more_interfaces/more_interfaces_s__rosidl_typesupport_fastrtps_c.cpython-38-x86_64-linux-gnu.so
[0.277s] -- Set runtime path of "/home/joshikanamani/Ros2/ros2_ws1/install/more_interfaces/lib/python3.8/site-packages/more_interfaces/more_interfaces_s__rosidl_typesupport_fastrtps_c.cpython-38-x86_64-linux-gnu.so" to ""
[0.277s] -- Installing: /home/joshikanamani/Ros2/ros2_ws1/install/more_interfaces/lib/python3.8/site-packages/more_interfaces/more_interfaces_s__rosidl_typesupport_introspection_c.cpython-38-x86_64-linux-gnu.so
[0.278s] -- Set runtime path of "/home/joshikanamani/Ros2/ros2_ws1/install/more_interfaces/lib/python3.8/site-packages/more_interfaces/more_interfaces_s__rosidl_typesupport_introspection_c.cpython-38-x86_64-linux-gnu.so" to ""
[0.278s] -- Installing: /home/joshikanamani/Ros2/ros2_ws1/install/more_interfaces/lib/python3.8/site-packages/more_interfaces/more_interfaces_s__rosidl_typesupport_c.cpython-38-x86_64-linux-gnu.so
[0.279s] -- Set runtime path of "/home/joshikanamani/Ros2/ros2_ws1/install/more_interfaces/lib/python3.8/site-packages/more_interfaces/more_interfaces_s__rosidl_typesupport_c.cpython-38-x86_64-linux-gnu.so" to ""
[0.279s] -- Installing: /home/joshikanamani/Ros2/ros2_ws1/install/more_interfaces/lib/libmore_interfaces__python.so
[0.279s] -- Set runtime path of "/home/joshikanamani/Ros2/ros2_ws1/install/more_interfaces/lib/libmore_interfaces__python.so" to ""
[0.279s] -- Installing: /home/joshikanamani/Ros2/ros2_ws1/install/more_interfaces/share/more_interfaces/msg/AddressBook.idl
[0.280s] -- Installing: /home/joshikanamani/Ros2/ros2_ws1/install/more_interfaces/share/more_interfaces/msg/AddressBook.msg
[0.280s] -- Installing: /home/joshikanamani/Ros2/ros2_ws1/install/more_interfaces/share/ament_index/resource_index/package_run_dependencies/more_interfaces
[0.280s] -- Installing: /home/joshikanamani/Ros2/ros2_ws1/install/more_interfaces/share/ament_index/resource_index/parent_prefix_path/more_interfaces
[0.280s] -- Installing: /home/joshikanamani/Ros2/ros2_ws1/install/more_interfaces/share/more_interfaces/environment/ament_prefix_path.sh
[0.280s] -- Installing: /home/joshikanamani/Ros2/ros2_ws1/install/more_interfaces/share/more_interfaces/environment/ament_prefix_path.dsv
[0.280s] -- Installing: /home/joshikanamani/Ros2/ros2_ws1/install/more_interfaces/share/more_interfaces/environment/path.sh
[0.280s] -- Installing: /home/joshikanamani/Ros2/ros2_ws1/install/more_interfaces/share/more_interfaces/environment/path.dsv
[0.281s] -- Installing: /home/joshikanamani/Ros2/ros2_ws1/install/more_interfaces/share/more_interfaces/local_setup.bash
[0.281s] -- Installing: /home/joshikanamani/Ros2/ros2_ws1/install/more_interfaces/share/more_interfaces/local_setup.sh
[0.281s] -- Installing: /home/joshikanamani/Ros2/ros2_ws1/install/more_interfaces/share/more_interfaces/local_setup.zsh
[0.281s] -- Installing: /home/joshikanamani/Ros2/ros2_ws1/install/more_interfaces/share/more_interfaces/local_setup.dsv
[0.281s] -- Installing: /home/joshikanamani/Ros2/ros2_ws1/install/more_interfaces/share/more_interfaces/package.dsv
[0.281s] -- Installing: /home/joshikanamani/Ros2/ros2_ws1/install/more_interfaces/share/ament_index/resource_index/packages/more_interfaces
[0.282s] -- Installing: /home/joshikanamani/Ros2/ros2_ws1/install/more_interfaces/share/more_interfaces/cmake/more_interfaces__rosidl_generator_cExport.cmake
[0.282s] -- Installing: /home/joshikanamani/Ros2/ros2_ws1/install/more_interfaces/share/more_interfaces/cmake/more_interfaces__rosidl_generator_cExport-noconfig.cmake
[0.282s] -- Installing: /home/joshikanamani/Ros2/ros2_ws1/install/more_interfaces/share/more_interfaces/cmake/more_interfaces__rosidl_typesupport_introspection_cExport.cmake
[0.282s] -- Installing: /home/joshikanamani/Ros2/ros2_ws1/install/more_interfaces/share/more_interfaces/cmake/more_interfaces__rosidl_typesupport_introspection_cExport-noconfig.cmake
[0.282s] -- Installing: /home/joshikanamani/Ros2/ros2_ws1/install/more_interfaces/share/more_interfaces/cmake/more_interfaces__rosidl_typesupport_cExport.cmake
[0.283s] -- Installing: /home/joshikanamani/Ros2/ros2_ws1/install/more_interfaces/share/more_interfaces/cmake/more_interfaces__rosidl_typesupport_cExport-noconfig.cmake
[0.283s] -- Installing: /home/joshikanamani/Ros2/ros2_ws1/install/more_interfaces/share/more_interfaces/cmake/more_interfaces__rosidl_generator_cppExport.cmake
[0.283s] -- Installing: /home/joshikanamani/Ros2/ros2_ws1/install/more_interfaces/share/more_interfaces/cmake/more_interfaces__rosidl_typesupport_introspection_cppExport.cmake
[0.283s] -- Installing: /home/joshikanamani/Ros2/ros2_ws1/install/more_interfaces/share/more_interfaces/cmake/more_interfaces__rosidl_typesupport_introspection_cppExport-noconfig.cmake
[0.283s] -- Installing: /home/joshikanamani/Ros2/ros2_ws1/install/more_interfaces/share/more_interfaces/cmake/more_interfaces__rosidl_typesupport_cppExport.cmake
[0.283s] -- Installing: /home/joshikanamani/Ros2/ros2_ws1/install/more_interfaces/share/more_interfaces/cmake/more_interfaces__rosidl_typesupport_cppExport-noconfig.cmake
[0.284s] -- Installing: /home/joshikanamani/Ros2/ros2_ws1/install/more_interfaces/share/more_interfaces/cmake/rosidl_cmake-extras.cmake
[0.284s] -- Installing: /home/joshikanamani/Ros2/ros2_ws1/install/more_interfaces/share/more_interfaces/cmake/ament_cmake_export_dependencies-extras.cmake
[0.284s] -- Installing: /home/joshikanamani/Ros2/ros2_ws1/install/more_interfaces/share/more_interfaces/cmake/ament_cmake_export_libraries-extras.cmake
[0.284s] -- Installing: /home/joshikanamani/Ros2/ros2_ws1/install/more_interfaces/share/more_interfaces/cmake/ament_cmake_export_targets-extras.cmake
[0.284s] -- Installing: /home/joshikanamani/Ros2/ros2_ws1/install/more_interfaces/share/more_interfaces/cmake/ament_cmake_export_include_directories-extras.cmake
[0.284s] -- Installing: /home/joshikanamani/Ros2/ros2_ws1/install/more_interfaces/share/more_interfaces/cmake/rosidl_cmake_export_typesupport_libraries-extras.cmake
[0.284s] -- Installing: /home/joshikanamani/Ros2/ros2_ws1/install/more_interfaces/share/more_interfaces/cmake/rosidl_cmake_export_typesupport_targets-extras.cmake
[0.285s] -- Installing: /home/joshikanamani/Ros2/ros2_ws1/install/more_interfaces/share/more_interfaces/cmake/more_interfacesConfig.cmake
[0.285s] -- Installing: /home/joshikanamani/Ros2/ros2_ws1/install/more_interfaces/share/more_interfaces/cmake/more_interfacesConfig-version.cmake
[0.285s] -- Installing: /home/joshikanamani/Ros2/ros2_ws1/install/more_interfaces/share/more_interfaces/package.xml
[0.288s] Invoked command in '/home/joshikanamani/Ros2/ros2_ws1/build/more_interfaces' returned '0': CMAKE_PREFIX_PATH=${CMAKE_PREFIX_PATH}:/opt/ros/foxy /usr/local/bin/cmake --install /home/joshikanamani/Ros2/ros2_ws1/build/more_interfaces
