[0.063s] Invoking command in '/home/joshikanamani/Ros2/ros2_ws1/build/tutorial_interfaces': /usr/local/bin/cmake /home/joshikanamani/Ros2/ros2_ws1/src/tutorial_interfaces -DCMAKE_INSTALL_PREFIX=/home/joshikanamani/Ros2/ros2_ws1/install/tutorial_interfaces
[0.081s] -- Found ament_cmake: 0.9.12 (/opt/ros/foxy/share/ament_cmake/cmake)
[0.127s] -- Found PythonInterp: /usr/bin/python3 (found suitable version "3.8.10", minimum required is "3") 
[0.127s] -- Using PYTHON_EXECUTABLE: /usr/bin/python3
[0.389s] -- Found geometry_msgs: 2.0.5 (/opt/ros/foxy/share/geometry_msgs/cmake)
[0.417s] -- Using all available rosidl_typesupport_c: rosidl_typesupport_fastrtps_c;rosidl_typesupport_introspection_c
[0.421s] -- Found rosidl_adapter: 1.3.1 (/opt/ros/foxy/share/rosidl_adapter/cmake)
[0.545s] -- Using all available rosidl_typesupport_cpp: rosidl_typesupport_fastrtps_cpp;rosidl_typesupport_introspection_cpp
[0.617s] -- Found rosidl_default_generators: 1.0.1 (/opt/ros/foxy/share/rosidl_default_generators/cmake)
[0.647s] -- Found PythonInterp: /usr/bin/python3 (found version "3.8.10") 
[0.804s] Error parsing '/home/joshikanamani/Ros2/ros2_ws1/src/tutorial_interfaces/package.xml':
[0.902s] Traceback (most recent call last):
[0.903s]   File "/opt/ros/foxy/share/ament_cmake_core/cmake/core/package_xml_2_cmake.py", line 143, in <module>
[0.903s]     main()
[0.903s]   File "/opt/ros/foxy/share/ament_cmake_core/cmake/core/package_xml_2_cmake.py", line 52, in main
[0.903s]     raise e
[0.903s]   File "/opt/ros/foxy/share/ament_cmake_core/cmake/core/package_xml_2_cmake.py", line 48, in main
[0.903s]     package = parse_package_string(
[0.903s]   File "/usr/lib/python3/dist-packages/catkin_pkg/package.py", line 788, in parse_package_string
[0.903s]     pkg.validate(warnings=warnings)
[0.903s]   File "/usr/lib/python3/dist-packages/catkin_pkg/package.py", line 330, in validate
[0.903s]     raise InvalidPackage('\n'.join(errors), self.filename)
[0.903s] catkin_pkg.package.InvalidPackage: Error(s) in package '/home/joshikanamani/Ros2/ros2_ws1/src/tutorial_interfaces/package.xml':
[0.904s] The package "tutorial_interfaces" must not "build_depend" on a package with the same name as this package
[0.904s] The package "tutorial_interfaces" must not "build_export_depend" on a package with the same name as this package
[0.904s] The package "tutorial_interfaces" must not "exec_depend" on a package with the same name as this package
[0.924s] CMake Error at /opt/ros/foxy/share/ament_cmake_core/cmake/core/ament_package_xml.cmake:94 (message):
[0.924s]   execute_process(/usr/bin/python3
[0.924s]   /opt/ros/foxy/share/ament_cmake_core/cmake/core/package_xml_2_cmake.py
[0.924s]   /home/joshikanamani/Ros2/ros2_ws1/src/tutorial_interfaces/package.xml
[0.924s]   /home/joshikanamani/Ros2/ros2_ws1/build/tutorial_interfaces/ament_cmake_core/package.cmake)
[0.924s]   returned error code 1
[0.924s] Call Stack (most recent call first):
[0.924s]   /opt/ros/foxy/share/ament_cmake_core/cmake/core/ament_package_xml.cmake:49 (_ament_package_xml)
[0.924s]   /opt/ros/foxy/share/rosidl_cmake/cmake/rosidl_generate_interfaces.cmake:226 (ament_package_xml)
[0.925s]   CMakeLists.txt:23 (rosidl_generate_interfaces)
[0.925s] 
[0.925s] 
[0.925s] -- Configuring incomplete, errors occurred!
[0.925s] See also "/home/joshikanamani/Ros2/ros2_ws1/build/tutorial_interfaces/CMakeFiles/CMakeOutput.log".
[0.930s] Invoked command in '/home/joshikanamani/Ros2/ros2_ws1/build/tutorial_interfaces' returned '1': /usr/local/bin/cmake /home/joshikanamani/Ros2/ros2_ws1/src/tutorial_interfaces -DCMAKE_INSTALL_PREFIX=/home/joshikanamani/Ros2/ros2_ws1/install/tutorial_interfaces
