[0.203s] DEBUG:colcon:Command line arguments: ['/usr/bin/colcon', 'build', '--packages-up-to', 'more_interfaces']
[0.203s] DEBUG:colcon:Parsed command line arguments: Namespace(allow_overriding=[], ament_cmake_args=None, base_paths=['.'], build_base='build', catkin_cmake_args=None, catkin_skip_building_tests=False, cmake_args=None, cmake_clean_cache=False, cmake_clean_first=False, cmake_force_configure=False, cmake_target=None, cmake_target_skip_unavailable=False, continue_on_error=False, event_handlers=None, executor='parallel', ignore_user_meta=False, install_base='install', log_base=None, log_level=None, main=<bound method BuildVerb.main of <colcon_core.verb.build.BuildVerb object at 0x7fe1d95adbb0>>, merge_install=False, metas=['./colcon.meta'], mixin=None, mixin_files=None, mixin_verb=('build',), packages_above=None, packages_above_and_dependencies=None, packages_above_depth=None, packages_end=None, packages_ignore=None, packages_ignore_regex=None, packages_select=None, packages_select_build_failed=False, packages_select_by_dep=None, packages_select_regex=None, packages_select_test_failures=False, packages_skip=None, packages_skip_build_finished=False, packages_skip_by_dep=None, packages_skip_regex=None, packages_skip_test_passed=False, packages_skip_up_to=None, packages_start=None, packages_up_to=['more_interfaces'], packages_up_to_regex=None, parallel_workers=8, paths=None, symlink_install=False, test_result_base=None, verb_extension=<colcon_core.verb.build.BuildVerb object at 0x7fe1d95adbb0>, verb_name='build', verb_parser=<colcon_mixin.mixin.mixin_argument.MixinArgumentDecorator object at 0x7fe1d9537340>)
[0.382s] Level 1:colcon.colcon_core.package_discovery:discover_packages(colcon_meta) check parameters
[0.383s] Level 1:colcon.colcon_core.package_discovery:discover_packages(recursive) check parameters
[0.383s] Level 1:colcon.colcon_core.package_discovery:discover_packages(ignore) check parameters
[0.383s] Level 1:colcon.colcon_core.package_discovery:discover_packages(path) check parameters
[0.383s] Level 1:colcon.colcon_core.package_discovery:discover_packages(colcon_meta) discover
[0.383s] Level 1:colcon.colcon_core.package_discovery:discover_packages(recursive) discover
[0.383s] INFO:colcon.colcon_core.package_discovery:Crawling recursively for packages in '/home/joshikanamani/Ros2/ros2_ws1'
[0.383s] Level 1:colcon.colcon_core.package_identification:_identify(.) by extensions ['ignore', 'ignore_ament_install']
[0.383s] Level 1:colcon.colcon_core.package_identification:_identify(.) by extension 'ignore'
[0.383s] Level 1:colcon.colcon_core.package_identification:_identify(.) by extension 'ignore_ament_install'
[0.383s] Level 1:colcon.colcon_core.package_identification:_identify(.) by extensions ['colcon_pkg']
[0.383s] Level 1:colcon.colcon_core.package_identification:_identify(.) by extension 'colcon_pkg'
[0.383s] Level 1:colcon.colcon_core.package_identification:_identify(.) by extensions ['colcon_meta']
[0.383s] Level 1:colcon.colcon_core.package_identification:_identify(.) by extension 'colcon_meta'
[0.383s] Level 1:colcon.colcon_core.package_identification:_identify(.) by extensions ['ros']
[0.383s] Level 1:colcon.colcon_core.package_identification:_identify(.) by extension 'ros'
[0.413s] Level 1:colcon.colcon_core.package_identification:_identify(.) by extensions ['cmake', 'python']
[0.413s] Level 1:colcon.colcon_core.package_identification:_identify(.) by extension 'cmake'
[0.413s] Level 1:colcon.colcon_core.package_identification:_identify(.) by extension 'python'
[0.413s] Level 1:colcon.colcon_core.package_identification:_identify(.) by extensions ['python_setup_py']
[0.413s] Level 1:colcon.colcon_core.package_identification:_identify(.) by extension 'python_setup_py'
[0.413s] Level 1:colcon.colcon_core.package_identification:_identify(build) by extensions ['ignore', 'ignore_ament_install']
[0.413s] Level 1:colcon.colcon_core.package_identification:_identify(build) by extension 'ignore'
[0.413s] Level 1:colcon.colcon_core.package_identification:_identify(build) ignored
[0.413s] Level 1:colcon.colcon_core.package_identification:_identify(install) by extensions ['ignore', 'ignore_ament_install']
[0.413s] Level 1:colcon.colcon_core.package_identification:_identify(install) by extension 'ignore'
[0.413s] Level 1:colcon.colcon_core.package_identification:_identify(install) ignored
[0.414s] Level 1:colcon.colcon_core.package_identification:_identify(log) by extensions ['ignore', 'ignore_ament_install']
[0.414s] Level 1:colcon.colcon_core.package_identification:_identify(log) by extension 'ignore'
[0.414s] Level 1:colcon.colcon_core.package_identification:_identify(log) ignored
[0.414s] Level 1:colcon.colcon_core.package_identification:_identify(src) by extensions ['ignore', 'ignore_ament_install']
[0.414s] Level 1:colcon.colcon_core.package_identification:_identify(src) by extension 'ignore'
[0.414s] Level 1:colcon.colcon_core.package_identification:_identify(src) by extension 'ignore_ament_install'
[0.414s] Level 1:colcon.colcon_core.package_identification:_identify(src) by extensions ['colcon_pkg']
[0.414s] Level 1:colcon.colcon_core.package_identification:_identify(src) by extension 'colcon_pkg'
[0.414s] Level 1:colcon.colcon_core.package_identification:_identify(src) by extensions ['colcon_meta']
[0.414s] Level 1:colcon.colcon_core.package_identification:_identify(src) by extension 'colcon_meta'
[0.414s] Level 1:colcon.colcon_core.package_identification:_identify(src) by extensions ['ros']
[0.414s] Level 1:colcon.colcon_core.package_identification:_identify(src) by extension 'ros'
[0.414s] Level 1:colcon.colcon_core.package_identification:_identify(src) by extensions ['cmake', 'python']
[0.414s] Level 1:colcon.colcon_core.package_identification:_identify(src) by extension 'cmake'
[0.414s] Level 1:colcon.colcon_core.package_identification:_identify(src) by extension 'python'
[0.414s] Level 1:colcon.colcon_core.package_identification:_identify(src) by extensions ['python_setup_py']
[0.414s] Level 1:colcon.colcon_core.package_identification:_identify(src) by extension 'python_setup_py'
[0.414s] Level 1:colcon.colcon_core.package_identification:_identify(src/cpp_pubsub) by extensions ['ignore', 'ignore_ament_install']
[0.414s] Level 1:colcon.colcon_core.package_identification:_identify(src/cpp_pubsub) by extension 'ignore'
[0.414s] Level 1:colcon.colcon_core.package_identification:_identify(src/cpp_pubsub) by extension 'ignore_ament_install'
[0.414s] Level 1:colcon.colcon_core.package_identification:_identify(src/cpp_pubsub) by extensions ['colcon_pkg']
[0.414s] Level 1:colcon.colcon_core.package_identification:_identify(src/cpp_pubsub) by extension 'colcon_pkg'
[0.415s] Level 1:colcon.colcon_core.package_identification:_identify(src/cpp_pubsub) by extensions ['colcon_meta']
[0.415s] Level 1:colcon.colcon_core.package_identification:_identify(src/cpp_pubsub) by extension 'colcon_meta'
[0.415s] Level 1:colcon.colcon_core.package_identification:_identify(src/cpp_pubsub) by extensions ['ros']
[0.415s] Level 1:colcon.colcon_core.package_identification:_identify(src/cpp_pubsub) by extension 'ros'
[0.417s] DEBUG:colcon.colcon_core.package_identification:Package 'src/cpp_pubsub' with type 'ros.ament_cmake' and name 'cpp_pubsub'
[0.417s] Level 1:colcon.colcon_core.package_identification:_identify(src/cpp_srvcli) by extensions ['ignore', 'ignore_ament_install']
[0.417s] Level 1:colcon.colcon_core.package_identification:_identify(src/cpp_srvcli) by extension 'ignore'
[0.417s] Level 1:colcon.colcon_core.package_identification:_identify(src/cpp_srvcli) by extension 'ignore_ament_install'
[0.417s] Level 1:colcon.colcon_core.package_identification:_identify(src/cpp_srvcli) by extensions ['colcon_pkg']
[0.417s] Level 1:colcon.colcon_core.package_identification:_identify(src/cpp_srvcli) by extension 'colcon_pkg'
[0.417s] Level 1:colcon.colcon_core.package_identification:_identify(src/cpp_srvcli) by extensions ['colcon_meta']
[0.417s] Level 1:colcon.colcon_core.package_identification:_identify(src/cpp_srvcli) by extension 'colcon_meta'
[0.417s] Level 1:colcon.colcon_core.package_identification:_identify(src/cpp_srvcli) by extensions ['ros']
[0.417s] Level 1:colcon.colcon_core.package_identification:_identify(src/cpp_srvcli) by extension 'ros'
[0.418s] DEBUG:colcon.colcon_core.package_identification:Package 'src/cpp_srvcli' with type 'ros.ament_cmake' and name 'cpp_srvcli'
[0.418s] Level 1:colcon.colcon_core.package_identification:_identify(src/joshika_package) by extensions ['ignore', 'ignore_ament_install']
[0.418s] Level 1:colcon.colcon_core.package_identification:_identify(src/joshika_package) by extension 'ignore'
[0.418s] Level 1:colcon.colcon_core.package_identification:_identify(src/joshika_package) by extension 'ignore_ament_install'
[0.418s] Level 1:colcon.colcon_core.package_identification:_identify(src/joshika_package) by extensions ['colcon_pkg']
[0.418s] Level 1:colcon.colcon_core.package_identification:_identify(src/joshika_package) by extension 'colcon_pkg'
[0.418s] Level 1:colcon.colcon_core.package_identification:_identify(src/joshika_package) by extensions ['colcon_meta']
[0.418s] Level 1:colcon.colcon_core.package_identification:_identify(src/joshika_package) by extension 'colcon_meta'
[0.419s] Level 1:colcon.colcon_core.package_identification:_identify(src/joshika_package) by extensions ['ros']
[0.419s] Level 1:colcon.colcon_core.package_identification:_identify(src/joshika_package) by extension 'ros'
[0.419s] DEBUG:colcon.colcon_core.package_identification:Package 'src/joshika_package' with type 'ros.ament_cmake' and name 'joshika_package'
[0.419s] Level 1:colcon.colcon_core.package_identification:_identify(src/more_interfaces) by extensions ['ignore', 'ignore_ament_install']
[0.419s] Level 1:colcon.colcon_core.package_identification:_identify(src/more_interfaces) by extension 'ignore'
[0.419s] Level 1:colcon.colcon_core.package_identification:_identify(src/more_interfaces) by extension 'ignore_ament_install'
[0.419s] Level 1:colcon.colcon_core.package_identification:_identify(src/more_interfaces) by extensions ['colcon_pkg']
[0.419s] Level 1:colcon.colcon_core.package_identification:_identify(src/more_interfaces) by extension 'colcon_pkg'
[0.419s] Level 1:colcon.colcon_core.package_identification:_identify(src/more_interfaces) by extensions ['colcon_meta']
[0.419s] Level 1:colcon.colcon_core.package_identification:_identify(src/more_interfaces) by extension 'colcon_meta'
[0.419s] Level 1:colcon.colcon_core.package_identification:_identify(src/more_interfaces) by extensions ['ros']
[0.419s] Level 1:colcon.colcon_core.package_identification:_identify(src/more_interfaces) by extension 'ros'
[0.420s] DEBUG:colcon.colcon_core.package_identification:Package 'src/more_interfaces' with type 'ros.ament_cmake' and name 'more_interfaces'
[0.420s] Level 1:colcon.colcon_core.package_identification:_identify(src/ros_tutorials) by extensions ['ignore', 'ignore_ament_install']
[0.420s] Level 1:colcon.colcon_core.package_identification:_identify(src/ros_tutorials) by extension 'ignore'
[0.420s] Level 1:colcon.colcon_core.package_identification:_identify(src/ros_tutorials) by extension 'ignore_ament_install'
[0.420s] Level 1:colcon.colcon_core.package_identification:_identify(src/ros_tutorials) by extensions ['colcon_pkg']
[0.420s] Level 1:colcon.colcon_core.package_identification:_identify(src/ros_tutorials) by extension 'colcon_pkg'
[0.420s] Level 1:colcon.colcon_core.package_identification:_identify(src/ros_tutorials) by extensions ['colcon_meta']
[0.420s] Level 1:colcon.colcon_core.package_identification:_identify(src/ros_tutorials) by extension 'colcon_meta'
[0.420s] Level 1:colcon.colcon_core.package_identification:_identify(src/ros_tutorials) by extensions ['ros']
[0.420s] Level 1:colcon.colcon_core.package_identification:_identify(src/ros_tutorials) by extension 'ros'
[0.420s] Level 1:colcon.colcon_core.package_identification:_identify(src/ros_tutorials) by extensions ['cmake', 'python']
[0.420s] Level 1:colcon.colcon_core.package_identification:_identify(src/ros_tutorials) by extension 'cmake'
[0.420s] Level 1:colcon.colcon_core.package_identification:_identify(src/ros_tutorials) by extension 'python'
[0.420s] Level 1:colcon.colcon_core.package_identification:_identify(src/ros_tutorials) by extensions ['python_setup_py']
[0.420s] Level 1:colcon.colcon_core.package_identification:_identify(src/ros_tutorials) by extension 'python_setup_py'
[0.421s] Level 1:colcon.colcon_core.package_identification:_identify(src/ros_tutorials/ros_tutorials) by extensions ['ignore', 'ignore_ament_install']
[0.421s] Level 1:colcon.colcon_core.package_identification:_identify(src/ros_tutorials/ros_tutorials) by extension 'ignore'
[0.421s] Level 1:colcon.colcon_core.package_identification:_identify(src/ros_tutorials/ros_tutorials) ignored
[0.421s] Level 1:colcon.colcon_core.package_identification:_identify(src/ros_tutorials/roscpp_tutorials) by extensions ['ignore', 'ignore_ament_install']
[0.421s] Level 1:colcon.colcon_core.package_identification:_identify(src/ros_tutorials/roscpp_tutorials) by extension 'ignore'
[0.421s] Level 1:colcon.colcon_core.package_identification:_identify(src/ros_tutorials/roscpp_tutorials) ignored
[0.421s] Level 1:colcon.colcon_core.package_identification:_identify(src/ros_tutorials/rospy_tutorials) by extensions ['ignore', 'ignore_ament_install']
[0.421s] Level 1:colcon.colcon_core.package_identification:_identify(src/ros_tutorials/rospy_tutorials) by extension 'ignore'
[0.421s] Level 1:colcon.colcon_core.package_identification:_identify(src/ros_tutorials/rospy_tutorials) ignored
[0.421s] Level 1:colcon.colcon_core.package_identification:_identify(src/ros_tutorials/turtlesim) by extensions ['ignore', 'ignore_ament_install']
[0.421s] Level 1:colcon.colcon_core.package_identification:_identify(src/ros_tutorials/turtlesim) by extension 'ignore'
[0.421s] Level 1:colcon.colcon_core.package_identification:_identify(src/ros_tutorials/turtlesim) by extension 'ignore_ament_install'
[0.421s] Level 1:colcon.colcon_core.package_identification:_identify(src/ros_tutorials/turtlesim) by extensions ['colcon_pkg']
[0.421s] Level 1:colcon.colcon_core.package_identification:_identify(src/ros_tutorials/turtlesim) by extension 'colcon_pkg'
[0.421s] Level 1:colcon.colcon_core.package_identification:_identify(src/ros_tutorials/turtlesim) by extensions ['colcon_meta']
[0.421s] Level 1:colcon.colcon_core.package_identification:_identify(src/ros_tutorials/turtlesim) by extension 'colcon_meta'
[0.421s] Level 1:colcon.colcon_core.package_identification:_identify(src/ros_tutorials/turtlesim) by extensions ['ros']
[0.421s] Level 1:colcon.colcon_core.package_identification:_identify(src/ros_tutorials/turtlesim) by extension 'ros'
[0.422s] DEBUG:colcon.colcon_core.package_identification:Package 'src/ros_tutorials/turtlesim' with type 'ros.ament_cmake' and name 'turtlesim'
[0.422s] Level 1:colcon.colcon_core.package_discovery:discover_packages(recursive) using defaults
[0.422s] Level 1:colcon.colcon_core.package_discovery:discover_packages(ignore) discover
[0.422s] Level 1:colcon.colcon_core.package_discovery:discover_packages(ignore) using defaults
[0.422s] Level 1:colcon.colcon_core.package_discovery:discover_packages(path) discover
[0.423s] Level 1:colcon.colcon_core.package_discovery:discover_packages(path) using defaults
[0.439s] INFO:colcon.colcon_core.package_selection:Skipping package 'turtlesim' in 'src/ros_tutorials/turtlesim'
[0.440s] INFO:colcon.colcon_core.package_selection:Skipping package 'joshika_package' in 'src/joshika_package'
[0.440s] INFO:colcon.colcon_core.package_selection:Skipping package 'cpp_srvcli' in 'src/cpp_srvcli'
[0.440s] INFO:colcon.colcon_core.package_selection:Skipping package 'cpp_pubsub' in 'src/cpp_pubsub'
[0.441s] Level 1:colcon.colcon_core.package_discovery:discover_packages(prefix_path) check parameters
[0.441s] Level 1:colcon.colcon_core.package_discovery:discover_packages(prefix_path) discover
[0.441s] WARNING:colcon.colcon_ros.prefix_path.ament:The path '/home/joshikanamani/Ros2/ros2_ws1/install/tutorial_interfaces' in the environment variable AMENT_PREFIX_PATH doesn't exist
[0.442s] WARNING:colcon.colcon_ros.prefix_path.catkin:The path '/home/joshikanamani/Ros2/ros2_ws1/install/tutorial_interfaces' in the environment variable CMAKE_PREFIX_PATH doesn't exist
[0.442s] DEBUG:colcon.colcon_installed_package_information.package_discovery:Found 5 installed packages in /home/joshikanamani/Ros2/ros2_ws1/install
[0.444s] DEBUG:colcon.colcon_installed_package_information.package_discovery:Found 263 installed packages in /opt/ros/foxy
[0.445s] Level 1:colcon.colcon_core.package_discovery:discover_packages(prefix_path) using defaults
[0.502s] Level 5:colcon.colcon_core.verb:set package 'more_interfaces' build argument 'cmake_args' from command line to 'None'
[0.503s] Level 5:colcon.colcon_core.verb:set package 'more_interfaces' build argument 'cmake_target' from command line to 'None'
[0.503s] Level 5:colcon.colcon_core.verb:set package 'more_interfaces' build argument 'cmake_target_skip_unavailable' from command line to 'False'
[0.503s] Level 5:colcon.colcon_core.verb:set package 'more_interfaces' build argument 'cmake_clean_cache' from command line to 'False'
[0.503s] Level 5:colcon.colcon_core.verb:set package 'more_interfaces' build argument 'cmake_clean_first' from command line to 'False'
[0.503s] Level 5:colcon.colcon_core.verb:set package 'more_interfaces' build argument 'cmake_force_configure' from command line to 'False'
[0.503s] Level 5:colcon.colcon_core.verb:set package 'more_interfaces' build argument 'ament_cmake_args' from command line to 'None'
[0.503s] Level 5:colcon.colcon_core.verb:set package 'more_interfaces' build argument 'catkin_cmake_args' from command line to 'None'
[0.503s] Level 5:colcon.colcon_core.verb:set package 'more_interfaces' build argument 'catkin_skip_building_tests' from command line to 'False'
[0.503s] DEBUG:colcon.colcon_core.verb:Building package 'more_interfaces' with the following arguments: {'ament_cmake_args': None, 'build_base': '/home/joshikanamani/Ros2/ros2_ws1/build/more_interfaces', 'catkin_cmake_args': None, 'catkin_skip_building_tests': False, 'cmake_args': None, 'cmake_clean_cache': False, 'cmake_clean_first': False, 'cmake_force_configure': False, 'cmake_target': None, 'cmake_target_skip_unavailable': False, 'install_base': '/home/joshikanamani/Ros2/ros2_ws1/install/more_interfaces', 'merge_install': False, 'path': '/home/joshikanamani/Ros2/ros2_ws1/src/more_interfaces', 'symlink_install': False, 'test_result_base': None}
[0.503s] INFO:colcon.colcon_core.executor:Executing jobs using 'parallel' executor
[0.504s] DEBUG:colcon.colcon_parallel_executor.executor.parallel:run_until_complete
[0.504s] INFO:colcon.colcon_ros.task.ament_cmake.build:Building ROS package in '/home/joshikanamani/Ros2/ros2_ws1/src/more_interfaces' with build type 'ament_cmake'
[0.505s] INFO:colcon.colcon_cmake.task.cmake.build:Building CMake package in '/home/joshikanamani/Ros2/ros2_ws1/src/more_interfaces'
[0.506s] INFO:colcon.colcon_core.plugin_system:Skipping extension 'colcon_core.shell.bat': Not used on non-Windows systems
[0.506s] INFO:colcon.colcon_core.shell:Skip shell extension 'powershell' for command environment: Not usable outside of PowerShell
[0.506s] DEBUG:colcon.colcon_core.shell:Skip shell extension 'dsv' for command environment
[0.521s] DEBUG:colcon.colcon_core.event_handler.log_command:Invoking command in '/home/joshikanamani/Ros2/ros2_ws1/build/more_interfaces': CMAKE_PREFIX_PATH=${CMAKE_PREFIX_PATH}:/opt/ros/foxy /usr/local/bin/cmake --build /home/joshikanamani/Ros2/ros2_ws1/build/more_interfaces -- -j8 -l8
[4.712s] DEBUG:colcon.colcon_core.event_handler.log_command:Invoked command in '/home/joshikanamani/Ros2/ros2_ws1/build/more_interfaces' returned '0': CMAKE_PREFIX_PATH=${CMAKE_PREFIX_PATH}:/opt/ros/foxy /usr/local/bin/cmake --build /home/joshikanamani/Ros2/ros2_ws1/build/more_interfaces -- -j8 -l8
[4.719s] DEBUG:colcon.colcon_core.event_handler.log_command:Invoking command in '/home/joshikanamani/Ros2/ros2_ws1/build/more_interfaces': CMAKE_PREFIX_PATH=${CMAKE_PREFIX_PATH}:/opt/ros/foxy /usr/local/bin/cmake --install /home/joshikanamani/Ros2/ros2_ws1/build/more_interfaces
[4.776s] Level 1:colcon.colcon_core.environment:create_environment_scripts_only(more_interfaces)
[4.777s] DEBUG:colcon.colcon_core.event_handler.log_command:Invoked command in '/home/joshikanamani/Ros2/ros2_ws1/build/more_interfaces' returned '0': CMAKE_PREFIX_PATH=${CMAKE_PREFIX_PATH}:/opt/ros/foxy /usr/local/bin/cmake --install /home/joshikanamani/Ros2/ros2_ws1/build/more_interfaces
[4.780s] Level 1:colcon.colcon_core.environment:checking '/home/joshikanamani/Ros2/ros2_ws1/install/more_interfaces' for CMake module files
[4.781s] Level 1:colcon.colcon_core.environment:checking '/home/joshikanamani/Ros2/ros2_ws1/install/more_interfaces' for CMake config files
[4.781s] Level 1:colcon.colcon_core.shell:create_environment_hook('more_interfaces', 'cmake_prefix_path')
[4.782s] INFO:colcon.colcon_core.shell:Creating environment hook '/home/joshikanamani/Ros2/ros2_ws1/install/more_interfaces/share/more_interfaces/hook/cmake_prefix_path.ps1'
[4.782s] INFO:colcon.colcon_core.shell:Creating environment descriptor '/home/joshikanamani/Ros2/ros2_ws1/install/more_interfaces/share/more_interfaces/hook/cmake_prefix_path.dsv'
[4.783s] INFO:colcon.colcon_core.shell:Creating environment hook '/home/joshikanamani/Ros2/ros2_ws1/install/more_interfaces/share/more_interfaces/hook/cmake_prefix_path.sh'
[4.784s] Level 1:colcon.colcon_core.environment:checking '/home/joshikanamani/Ros2/ros2_ws1/install/more_interfaces/lib'
[4.784s] Level 1:colcon.colcon_core.shell:create_environment_hook('more_interfaces', 'ld_library_path_lib')
[4.784s] INFO:colcon.colcon_core.shell:Creating environment hook '/home/joshikanamani/Ros2/ros2_ws1/install/more_interfaces/share/more_interfaces/hook/ld_library_path_lib.ps1'
[4.784s] INFO:colcon.colcon_core.shell:Creating environment descriptor '/home/joshikanamani/Ros2/ros2_ws1/install/more_interfaces/share/more_interfaces/hook/ld_library_path_lib.dsv'
[4.785s] INFO:colcon.colcon_core.shell:Creating environment hook '/home/joshikanamani/Ros2/ros2_ws1/install/more_interfaces/share/more_interfaces/hook/ld_library_path_lib.sh'
[4.785s] Level 1:colcon.colcon_core.environment:checking '/home/joshikanamani/Ros2/ros2_ws1/install/more_interfaces/bin'
[4.785s] Level 1:colcon.colcon_core.environment:checking '/home/joshikanamani/Ros2/ros2_ws1/install/more_interfaces/lib/pkgconfig/more_interfaces.pc'
[4.785s] Level 1:colcon.colcon_core.environment:checking '/home/joshikanamani/Ros2/ros2_ws1/install/more_interfaces/lib/python3.8/site-packages'
[4.785s] Level 1:colcon.colcon_core.shell:create_environment_hook('more_interfaces', 'pythonpath')
[4.785s] INFO:colcon.colcon_core.shell:Creating environment hook '/home/joshikanamani/Ros2/ros2_ws1/install/more_interfaces/share/more_interfaces/hook/pythonpath.ps1'
[4.786s] INFO:colcon.colcon_core.shell:Creating environment descriptor '/home/joshikanamani/Ros2/ros2_ws1/install/more_interfaces/share/more_interfaces/hook/pythonpath.dsv'
[4.786s] INFO:colcon.colcon_core.shell:Creating environment hook '/home/joshikanamani/Ros2/ros2_ws1/install/more_interfaces/share/more_interfaces/hook/pythonpath.sh'
[4.786s] Level 1:colcon.colcon_core.environment:checking '/home/joshikanamani/Ros2/ros2_ws1/install/more_interfaces/bin'
[4.787s] INFO:colcon.colcon_core.shell:Creating package script '/home/joshikanamani/Ros2/ros2_ws1/install/more_interfaces/share/more_interfaces/package.ps1'
[4.787s] INFO:colcon.colcon_core.shell:Creating package descriptor '/home/joshikanamani/Ros2/ros2_ws1/install/more_interfaces/share/more_interfaces/package.dsv'
[4.788s] INFO:colcon.colcon_core.shell:Creating package script '/home/joshikanamani/Ros2/ros2_ws1/install/more_interfaces/share/more_interfaces/package.sh'
[4.788s] INFO:colcon.colcon_core.shell:Creating package script '/home/joshikanamani/Ros2/ros2_ws1/install/more_interfaces/share/more_interfaces/package.bash'
[4.789s] INFO:colcon.colcon_core.shell:Creating package script '/home/joshikanamani/Ros2/ros2_ws1/install/more_interfaces/share/more_interfaces/package.zsh'
[4.790s] Level 1:colcon.colcon_core.environment:create_file_with_runtime_dependencies(/home/joshikanamani/Ros2/ros2_ws1/install/more_interfaces/share/colcon-core/packages/more_interfaces)
[4.791s] Level 1:colcon.colcon_core.environment:create_environment_scripts_only(more_interfaces)
[4.791s] Level 1:colcon.colcon_core.environment:checking '/home/joshikanamani/Ros2/ros2_ws1/install/more_interfaces' for CMake module files
[4.792s] Level 1:colcon.colcon_core.environment:checking '/home/joshikanamani/Ros2/ros2_ws1/install/more_interfaces' for CMake config files
[4.793s] Level 1:colcon.colcon_core.shell:create_environment_hook('more_interfaces', 'cmake_prefix_path')
[4.793s] INFO:colcon.colcon_core.shell:Creating environment hook '/home/joshikanamani/Ros2/ros2_ws1/install/more_interfaces/share/more_interfaces/hook/cmake_prefix_path.ps1'
[4.794s] INFO:colcon.colcon_core.shell:Creating environment descriptor '/home/joshikanamani/Ros2/ros2_ws1/install/more_interfaces/share/more_interfaces/hook/cmake_prefix_path.dsv'
[4.794s] INFO:colcon.colcon_core.shell:Creating environment hook '/home/joshikanamani/Ros2/ros2_ws1/install/more_interfaces/share/more_interfaces/hook/cmake_prefix_path.sh'
[4.795s] Level 1:colcon.colcon_core.environment:checking '/home/joshikanamani/Ros2/ros2_ws1/install/more_interfaces/lib'
[4.795s] Level 1:colcon.colcon_core.shell:create_environment_hook('more_interfaces', 'ld_library_path_lib')
[4.795s] INFO:colcon.colcon_core.shell:Creating environment hook '/home/joshikanamani/Ros2/ros2_ws1/install/more_interfaces/share/more_interfaces/hook/ld_library_path_lib.ps1'
[4.796s] INFO:colcon.colcon_core.shell:Creating environment descriptor '/home/joshikanamani/Ros2/ros2_ws1/install/more_interfaces/share/more_interfaces/hook/ld_library_path_lib.dsv'
[4.796s] INFO:colcon.colcon_core.shell:Creating environment hook '/home/joshikanamani/Ros2/ros2_ws1/install/more_interfaces/share/more_interfaces/hook/ld_library_path_lib.sh'
[4.797s] Level 1:colcon.colcon_core.environment:checking '/home/joshikanamani/Ros2/ros2_ws1/install/more_interfaces/bin'
[4.797s] Level 1:colcon.colcon_core.environment:checking '/home/joshikanamani/Ros2/ros2_ws1/install/more_interfaces/lib/pkgconfig/more_interfaces.pc'
[4.797s] Level 1:colcon.colcon_core.environment:checking '/home/joshikanamani/Ros2/ros2_ws1/install/more_interfaces/lib/python3.8/site-packages'
[4.798s] Level 1:colcon.colcon_core.shell:create_environment_hook('more_interfaces', 'pythonpath')
[4.798s] INFO:colcon.colcon_core.shell:Creating environment hook '/home/joshikanamani/Ros2/ros2_ws1/install/more_interfaces/share/more_interfaces/hook/pythonpath.ps1'
[4.799s] INFO:colcon.colcon_core.shell:Creating environment descriptor '/home/joshikanamani/Ros2/ros2_ws1/install/more_interfaces/share/more_interfaces/hook/pythonpath.dsv'
[4.799s] INFO:colcon.colcon_core.shell:Creating environment hook '/home/joshikanamani/Ros2/ros2_ws1/install/more_interfaces/share/more_interfaces/hook/pythonpath.sh'
[4.800s] Level 1:colcon.colcon_core.environment:checking '/home/joshikanamani/Ros2/ros2_ws1/install/more_interfaces/bin'
[4.800s] INFO:colcon.colcon_core.shell:Creating package script '/home/joshikanamani/Ros2/ros2_ws1/install/more_interfaces/share/more_interfaces/package.ps1'
[4.802s] INFO:colcon.colcon_core.shell:Creating package descriptor '/home/joshikanamani/Ros2/ros2_ws1/install/more_interfaces/share/more_interfaces/package.dsv'
[4.803s] INFO:colcon.colcon_core.shell:Creating package script '/home/joshikanamani/Ros2/ros2_ws1/install/more_interfaces/share/more_interfaces/package.sh'
[4.803s] INFO:colcon.colcon_core.shell:Creating package script '/home/joshikanamani/Ros2/ros2_ws1/install/more_interfaces/share/more_interfaces/package.bash'
[4.804s] INFO:colcon.colcon_core.shell:Creating package script '/home/joshikanamani/Ros2/ros2_ws1/install/more_interfaces/share/more_interfaces/package.zsh'
[4.805s] Level 1:colcon.colcon_core.environment:create_file_with_runtime_dependencies(/home/joshikanamani/Ros2/ros2_ws1/install/more_interfaces/share/colcon-core/packages/more_interfaces)
[4.805s] DEBUG:colcon.colcon_parallel_executor.executor.parallel:closing loop
[4.806s] DEBUG:colcon.colcon_parallel_executor.executor.parallel:loop closed
[4.806s] DEBUG:colcon.colcon_parallel_executor.executor.parallel:run_until_complete finished with '0'
[4.806s] DEBUG:colcon.colcon_core.event_reactor:joining thread
[4.814s] INFO:colcon.colcon_core.plugin_system:Skipping extension 'colcon_notification.desktop_notification.terminal_notifier': Not used on non-Darwin systems
[4.814s] INFO:colcon.colcon_core.plugin_system:Skipping extension 'colcon_notification.desktop_notification.win32': Not used on non-Windows systems
[4.814s] INFO:colcon.colcon_notification.desktop_notification:Sending desktop notification using 'notify2'
[4.838s] DEBUG:colcon.colcon_core.event_reactor:joined thread
[4.839s] INFO:colcon.colcon_core.shell:Creating prefix script '/home/joshikanamani/Ros2/ros2_ws1/install/local_setup.ps1'
[4.840s] INFO:colcon.colcon_core.shell:Creating prefix util module '/home/joshikanamani/Ros2/ros2_ws1/install/_local_setup_util_ps1.py'
[4.843s] INFO:colcon.colcon_core.shell:Creating prefix chain script '/home/joshikanamani/Ros2/ros2_ws1/install/setup.ps1'
[4.846s] INFO:colcon.colcon_core.shell:Creating prefix script '/home/joshikanamani/Ros2/ros2_ws1/install/local_setup.sh'
[4.847s] INFO:colcon.colcon_core.shell:Creating prefix util module '/home/joshikanamani/Ros2/ros2_ws1/install/_local_setup_util_sh.py'
[4.848s] INFO:colcon.colcon_core.shell:Creating prefix chain script '/home/joshikanamani/Ros2/ros2_ws1/install/setup.sh'
[4.850s] INFO:colcon.colcon_core.shell:Creating prefix script '/home/joshikanamani/Ros2/ros2_ws1/install/local_setup.bash'
[4.851s] INFO:colcon.colcon_core.shell:Creating prefix chain script '/home/joshikanamani/Ros2/ros2_ws1/install/setup.bash'
[4.853s] INFO:colcon.colcon_core.shell:Creating prefix script '/home/joshikanamani/Ros2/ros2_ws1/install/local_setup.zsh'
[4.854s] INFO:colcon.colcon_core.shell:Creating prefix chain script '/home/joshikanamani/Ros2/ros2_ws1/install/setup.zsh'
