[0.040s] Invoking command in '/home/joshikanamani/Ros2/ros2_ws1/build/cpp_pubsub': CMAKE_PREFIX_PATH=${CMAKE_PREFIX_PATH}:/opt/ros/foxy /usr/local/bin/cmake --build /home/joshikanamani/Ros2/ros2_ws1/build/cpp_pubsub -- -j8 -l8
[0.089s] [100%] Built target talker
[0.089s] [100%] Built target listener
[0.096s] Invoked command in '/home/joshikanamani/Ros2/ros2_ws1/build/cpp_pubsub' returned '0': CMAKE_PREFIX_PATH=${CMAKE_PREFIX_PATH}:/opt/ros/foxy /usr/local/bin/cmake --build /home/joshikanamani/Ros2/ros2_ws1/build/cpp_pubsub -- -j8 -l8
[0.107s] Invoking command in '/home/joshikanamani/Ros2/ros2_ws1/build/cpp_pubsub': CMAKE_PREFIX_PATH=${CMAKE_PREFIX_PATH}:/opt/ros/foxy /usr/local/bin/cmake --install /home/joshikanamani/Ros2/ros2_ws1/build/cpp_pubsub
[0.111s] -- Install configuration: ""
[0.111s] -- Up-to-date: /home/joshikanamani/Ros2/ros2_ws1/install/cpp_pubsub/lib/cpp_pubsub/talker
[0.111s] -- Up-to-date: /home/joshikanamani/Ros2/ros2_ws1/install/cpp_pubsub/lib/cpp_pubsub/listener
[0.118s] -- Up-to-date: /home/joshikanamani/Ros2/ros2_ws1/install/cpp_pubsub/share/ament_index/resource_index/package_run_dependencies/cpp_pubsub
[0.119s] -- Up-to-date: /home/joshikanamani/Ros2/ros2_ws1/install/cpp_pubsub/share/ament_index/resource_index/parent_prefix_path/cpp_pubsub
[0.120s] -- Up-to-date: /home/joshikanamani/Ros2/ros2_ws1/install/cpp_pubsub/share/cpp_pubsub/environment/ament_prefix_path.sh
[0.120s] -- Up-to-date: /home/joshikanamani/Ros2/ros2_ws1/install/cpp_pubsub/share/cpp_pubsub/environment/ament_prefix_path.dsv
[0.121s] -- Up-to-date: /home/joshikanamani/Ros2/ros2_ws1/install/cpp_pubsub/share/cpp_pubsub/environment/path.sh
[0.122s] -- Up-to-date: /home/joshikanamani/Ros2/ros2_ws1/install/cpp_pubsub/share/cpp_pubsub/environment/path.dsv
[0.122s] -- Up-to-date: /home/joshikanamani/Ros2/ros2_ws1/install/cpp_pubsub/share/cpp_pubsub/local_setup.bash
[0.122s] -- Up-to-date: /home/joshikanamani/Ros2/ros2_ws1/install/cpp_pubsub/share/cpp_pubsub/local_setup.sh
[0.122s] -- Up-to-date: /home/joshikanamani/Ros2/ros2_ws1/install/cpp_pubsub/share/cpp_pubsub/local_setup.zsh
[0.122s] -- Up-to-date: /home/joshikanamani/Ros2/ros2_ws1/install/cpp_pubsub/share/cpp_pubsub/local_setup.dsv
[0.122s] -- Installing: /home/joshikanamani/Ros2/ros2_ws1/install/cpp_pubsub/share/cpp_pubsub/package.dsv
[0.122s] -- Up-to-date: /home/joshikanamani/Ros2/ros2_ws1/install/cpp_pubsub/share/ament_index/resource_index/packages/cpp_pubsub
[0.122s] -- Up-to-date: /home/joshikanamani/Ros2/ros2_ws1/install/cpp_pubsub/share/cpp_pubsub/cmake/cpp_pubsubConfig.cmake
[0.123s] -- Up-to-date: /home/joshikanamani/Ros2/ros2_ws1/install/cpp_pubsub/share/cpp_pubsub/cmake/cpp_pubsubConfig-version.cmake
[0.123s] -- Up-to-date: /home/joshikanamani/Ros2/ros2_ws1/install/cpp_pubsub/share/cpp_pubsub/package.xml
[0.142s] Invoked command in '/home/joshikanamani/Ros2/ros2_ws1/build/cpp_pubsub' returned '0': CMAKE_PREFIX_PATH=${CMAKE_PREFIX_PATH}:/opt/ros/foxy /usr/local/bin/cmake --install /home/joshikanamani/Ros2/ros2_ws1/build/cpp_pubsub
