[0.040s] Invoking command in '/home/joshikanamani/Ros2/ros2_ws1/build/joshika_package': CMAKE_PREFIX_PATH=${CMAKE_PREFIX_PATH}:/opt/ros/foxy /usr/local/bin/cmake --build /home/joshikanamani/Ros2/ros2_ws1/build/joshika_package -- -j8 -l8
[0.073s] [100%] Built target joshika_node
[0.085s] Invoked command in '/home/joshikanamani/Ros2/ros2_ws1/build/joshika_package' returned '0': CMAKE_PREFIX_PATH=${CMAKE_PREFIX_PATH}:/opt/ros/foxy /usr/local/bin/cmake --build /home/joshikanamani/Ros2/ros2_ws1/build/joshika_package -- -j8 -l8
[0.090s] Invoking command in '/home/joshikanamani/Ros2/ros2_ws1/build/joshika_package': CMAKE_PREFIX_PATH=${CMAKE_PREFIX_PATH}:/opt/ros/foxy /usr/local/bin/cmake --install /home/joshikanamani/Ros2/ros2_ws1/build/joshika_package
[0.105s] -- Install configuration: ""
[0.105s] -- Up-to-date: /home/joshikanamani/Ros2/ros2_ws1/install/joshika_package/lib/joshika_package/joshika_node
[0.106s] -- Up-to-date: /home/joshikanamani/Ros2/ros2_ws1/install/joshika_package/share/ament_index/resource_index/package_run_dependencies/joshika_package
[0.106s] -- Up-to-date: /home/joshikanamani/Ros2/ros2_ws1/install/joshika_package/share/ament_index/resource_index/parent_prefix_path/joshika_package
[0.106s] -- Up-to-date: /home/joshikanamani/Ros2/ros2_ws1/install/joshika_package/share/joshika_package/environment/ament_prefix_path.sh
[0.106s] -- Up-to-date: /home/joshikanamani/Ros2/ros2_ws1/install/joshika_package/share/joshika_package/environment/ament_prefix_path.dsv
[0.106s] -- Up-to-date: /home/joshikanamani/Ros2/ros2_ws1/install/joshika_package/share/joshika_package/environment/path.sh
[0.106s] -- Up-to-date: /home/joshikanamani/Ros2/ros2_ws1/install/joshika_package/share/joshika_package/environment/path.dsv
[0.106s] -- Up-to-date: /home/joshikanamani/Ros2/ros2_ws1/install/joshika_package/share/joshika_package/local_setup.bash
[0.107s] -- Up-to-date: /home/joshikanamani/Ros2/ros2_ws1/install/joshika_package/share/joshika_package/local_setup.sh
[0.107s] -- Up-to-date: /home/joshikanamani/Ros2/ros2_ws1/install/joshika_package/share/joshika_package/local_setup.zsh
[0.107s] -- Up-to-date: /home/joshikanamani/Ros2/ros2_ws1/install/joshika_package/share/joshika_package/local_setup.dsv
[0.107s] -- Installing: /home/joshikanamani/Ros2/ros2_ws1/install/joshika_package/share/joshika_package/package.dsv
[0.107s] -- Up-to-date: /home/joshikanamani/Ros2/ros2_ws1/install/joshika_package/share/ament_index/resource_index/packages/joshika_package
[0.107s] -- Up-to-date: /home/joshikanamani/Ros2/ros2_ws1/install/joshika_package/share/joshika_package/cmake/joshika_packageConfig.cmake
[0.108s] -- Up-to-date: /home/joshikanamani/Ros2/ros2_ws1/install/joshika_package/share/joshika_package/cmake/joshika_packageConfig-version.cmake
[0.108s] -- Up-to-date: /home/joshikanamani/Ros2/ros2_ws1/install/joshika_package/share/joshika_package/package.xml
[0.139s] Invoked command in '/home/joshikanamani/Ros2/ros2_ws1/build/joshika_package' returned '0': CMAKE_PREFIX_PATH=${CMAKE_PREFIX_PATH}:/opt/ros/foxy /usr/local/bin/cmake --install /home/joshikanamani/Ros2/ros2_ws1/build/joshika_package
