[0.061s] Invoking command in '/home/joshikanamani/Ros2/ros2_ws1/build/tutorial_interfaces': /usr/local/bin/cmake /home/joshikanamani/Ros2/ros2_ws1/src/tutorial_interfaces -DCMAKE_INSTALL_PREFIX=/home/joshikanamani/Ros2/ros2_ws1/install/tutorial_interfaces
[0.090s] -- Found ament_cmake: 0.9.12 (/opt/ros/foxy/share/ament_cmake/cmake)
[0.112s] -- Found PythonInterp: /usr/bin/python3 (found suitable version "3.8.10", minimum required is "3") 
[0.112s] -- Using PYTHON_EXECUTABLE: /usr/bin/python3
[0.489s] -- Found geometry_msgs: 2.0.5 (/opt/ros/foxy/share/geometry_msgs/cmake)
[0.521s] -- Using all available rosidl_typesupport_c: rosidl_typesupport_fastrtps_c;rosidl_typesupport_introspection_c
[0.525s] -- Found rosidl_adapter: 1.3.1 (/opt/ros/foxy/share/rosidl_adapter/cmake)
[0.685s] -- Using all available rosidl_typesupport_cpp: rosidl_typesupport_fastrtps_cpp;rosidl_typesupport_introspection_cpp
[0.777s] -- Found rosidl_default_generators: 1.0.1 (/opt/ros/foxy/share/rosidl_default_generators/cmake)
[0.815s] -- Found PythonInterp: /usr/bin/python3 (found version "3.8.10") 
[0.985s] Error parsing '/home/joshikanamani/Ros2/ros2_ws1/src/tutorial_interfaces/package.xml':
[1.112s] Traceback (most recent call last):
[1.112s]   File "/opt/ros/foxy/share/ament_cmake_core/cmake/core/package_xml_2_cmake.py", line 143, in <module>
[1.112s]     main()
[1.112s]   File "/opt/ros/foxy/share/ament_cmake_core/cmake/core/package_xml_2_cmake.py", line 52, in main
[1.112s]     raise e
[1.112s]   File "/opt/ros/foxy/share/ament_cmake_core/cmake/core/package_xml_2_cmake.py", line 48, in main
[1.112s]     package = parse_package_string(
[1.113s]   File "/usr/lib/python3/dist-packages/catkin_pkg/package.py", line 788, in parse_package_string
[1.113s]     pkg.validate(warnings=warnings)
[1.113s]   File "/usr/lib/python3/dist-packages/catkin_pkg/package.py", line 330, in validate
[1.113s]     raise InvalidPackage('\n'.join(errors), self.filename)
[1.113s] catkin_pkg.package.InvalidPackage: Error(s) in package '/home/joshikanamani/Ros2/ros2_ws1/src/tutorial_interfaces/package.xml':
[1.113s] The package "tutorial_interfaces" must not "build_depend" on a package with the same name as this package
[1.113s] The package "tutorial_interfaces" must not "build_export_depend" on a package with the same name as this package
[1.113s] The package "tutorial_interfaces" must not "exec_depend" on a package with the same name as this package
[1.137s] CMake Error at /opt/ros/foxy/share/ament_cmake_core/cmake/core/ament_package_xml.cmake:94 (message):
[1.138s]   execute_process(/usr/bin/python3
[1.138s]   /opt/ros/foxy/share/ament_cmake_core/cmake/core/package_xml_2_cmake.py
[1.138s]   /home/joshikanamani/Ros2/ros2_ws1/src/tutorial_interfaces/package.xml
[1.138s]   /home/joshikanamani/Ros2/ros2_ws1/build/tutorial_interfaces/ament_cmake_core/package.cmake)
[1.138s]   returned error code 1
[1.138s] Call Stack (most recent call first):
[1.138s]   /opt/ros/foxy/share/ament_cmake_core/cmake/core/ament_package_xml.cmake:49 (_ament_package_xml)
[1.138s]   /opt/ros/foxy/share/rosidl_cmake/cmake/rosidl_generate_interfaces.cmake:226 (ament_package_xml)
[1.139s]   CMakeLists.txt:23 (rosidl_generate_interfaces)
[1.139s] 
[1.139s] 
[1.139s] -- Configuring incomplete, errors occurred!
[1.139s] See also "/home/joshikanamani/Ros2/ros2_ws1/build/tutorial_interfaces/CMakeFiles/CMakeOutput.log".
[1.145s] Invoked command in '/home/joshikanamani/Ros2/ros2_ws1/build/tutorial_interfaces' returned '1': /usr/local/bin/cmake /home/joshikanamani/Ros2/ros2_ws1/src/tutorial_interfaces -DCMAKE_INSTALL_PREFIX=/home/joshikanamani/Ros2/ros2_ws1/install/tutorial_interfaces
