[0.045s] Invoking command in '/home/joshikanamani/Ros2/ros2_ws1/build/more_interfaces': CMAKE_PREFIX_PATH=${CMAKE_PREFIX_PATH}:/opt/ros/foxy /usr/local/bin/cmake --build /home/joshikanamani/Ros2/ros2_ws1/build/more_interfaces -- -j8 -l8
[0.079s] -- Found ament_cmake: 0.9.12 (/opt/ros/foxy/share/ament_cmake/cmake)
[0.123s] -- Found PythonInterp: /usr/bin/python3 (found suitable version "3.8.10", minimum required is "3") 
[0.124s] -- Using PYTHON_EXECUTABLE: /usr/bin/python3
[0.427s] -- Found rosidl_default_generators: 1.0.1 (/opt/ros/foxy/share/rosidl_default_generators/cmake)
[0.431s] -- Using all available rosidl_typesupport_c: rosidl_typesupport_fastrtps_c;rosidl_typesupport_introspection_c
[0.435s] -- Found rosidl_adapter: 1.3.1 (/opt/ros/foxy/share/rosidl_adapter/cmake)
[0.592s] -- Using all available rosidl_typesupport_cpp: rosidl_typesupport_fastrtps_cpp;rosidl_typesupport_introspection_cpp
[0.617s] -- Found rclcpp: 2.4.3 (/opt/ros/foxy/share/rclcpp/cmake)
[0.672s] -- Found rmw_implementation_cmake: 1.0.4 (/opt/ros/foxy/share/rmw_implementation_cmake/cmake)
[0.673s] -- Using RMW implementation 'rmw_fastrtps_cpp' as default
[0.843s] -- Found PythonInterp: /usr/bin/python3 (found version "3.8.10") 
[0.984s] -- Found ament_cmake_ros: 0.9.2 (/opt/ros/foxy/share/ament_cmake_ros/cmake)
[1.115s] -- Using all available rosidl_typesupport_c: rosidl_typesupport_fastrtps_c;rosidl_typesupport_introspection_c
[1.123s] -- Using all available rosidl_typesupport_cpp: rosidl_typesupport_fastrtps_cpp;rosidl_typesupport_introspection_cpp
[1.166s] -- Found PythonInterp: /usr/bin/python3 (found suitable version "3.8.10", minimum required is "3.5") 
[1.167s] -- Found python_cmake_module: 0.8.1 (/opt/ros/foxy/share/python_cmake_module/cmake)
[1.208s] -- Using PYTHON_EXECUTABLE: /usr/bin/python3
[1.208s] -- Using PYTHON_INCLUDE_DIRS: /usr/include/python3.8
[1.208s] -- Using PYTHON_LIBRARIES: /usr/lib/x86_64-linux-gnu/libpython3.8.so
[1.236s] -- Found ament_lint_auto: 0.9.8 (/opt/ros/foxy/share/ament_lint_auto/cmake)
[1.246s] -- Configuring done
[1.270s] -- Generating done
[1.279s] -- Build files have been written to: /home/joshikanamani/Ros2/ros2_ws1/build/more_interfaces
[1.300s] [  3%] Built target more_interfaces__cpp
[1.301s] [ 12%] Built target more_interfaces__rosidl_generator_c
[1.311s] [ 22%] Built target more_interfaces__rosidl_typesupport_introspection_cpp
[1.311s] [ 32%] Built target more_interfaces__rosidl_typesupport_cpp
[1.312s] [ 41%] Built target more_interfaces__rosidl_typesupport_fastrtps_cpp
[1.312s] [ 51%] Built target more_interfaces__rosidl_typesupport_c
[1.314s] [ 61%] Built target more_interfaces__rosidl_typesupport_introspection_c
[1.327s] [ 70%] Built target more_interfaces__rosidl_typesupport_fastrtps_c
[1.341s] [ 70%] Built target more_interfaces
[1.357s] [ 74%] Built target more_interfaces__py
[1.376s] [ 80%] Built target more_interfaces__python
[1.393s] [ 87%] Built target more_interfaces__rosidl_typesupport_c__pyext
[1.394s] [ 93%] Built target more_interfaces__rosidl_typesupport_introspection_c__pyext
[1.394s] [100%] Built target more_interfaces__rosidl_typesupport_fastrtps_c__pyext
