[35m[1mScanning dependencies of target listener[0m
[35m[1mScanning dependencies of target talker[0m
[ 25%] [32mBuilding CXX object CMakeFiles/listener.dir/src/subscriber_member_function.cpp.o[0m
[ 50%] [32mBuilding CXX object CMakeFiles/talker.dir/src/publisher_member_function.cpp.o[0m
[ 75%] [32m[1mLinking CXX executable listener[0m
[100%] [32m[1mLinking CXX executable talker[0m
[100%] Built target talker
[100%] Built target listener
-- Install configuration: ""
-- Installing: /home/joshikanamani/Ros2/ros2_ws1/install/cpp_pubsub/lib/cpp_pubsub/talker
-- Set runtime path of "/home/joshikanamani/Ros2/ros2_ws1/install/cpp_pubsub/lib/cpp_pubsub/talker" to ""
-- Installing: /home/joshikanamani/Ros2/ros2_ws1/install/cpp_pubsub/lib/cpp_pubsub/listener
-- Set runtime path of "/home/joshikanamani/Ros2/ros2_ws1/install/cpp_pubsub/lib/cpp_pubsub/listener" to ""
-- Installing: /home/joshikanamani/Ros2/ros2_ws1/install/cpp_pubsub/share/ament_index/resource_index/package_run_dependencies/cpp_pubsub
-- Installing: /home/joshikanamani/Ros2/ros2_ws1/install/cpp_pubsub/share/ament_index/resource_index/parent_prefix_path/cpp_pubsub
-- Installing: /home/joshikanamani/Ros2/ros2_ws1/install/cpp_pubsub/share/cpp_pubsub/environment/ament_prefix_path.sh
-- Installing: /home/joshikanamani/Ros2/ros2_ws1/install/cpp_pubsub/share/cpp_pubsub/environment/ament_prefix_path.dsv
-- Installing: /home/joshikanamani/Ros2/ros2_ws1/install/cpp_pubsub/share/cpp_pubsub/environment/path.sh
-- Installing: /home/joshikanamani/Ros2/ros2_ws1/install/cpp_pubsub/share/cpp_pubsub/environment/path.dsv
-- Installing: /home/joshikanamani/Ros2/ros2_ws1/install/cpp_pubsub/share/cpp_pubsub/local_setup.bash
-- Installing: /home/joshikanamani/Ros2/ros2_ws1/install/cpp_pubsub/share/cpp_pubsub/local_setup.sh
-- Installing: /home/joshikanamani/Ros2/ros2_ws1/install/cpp_pubsub/share/cpp_pubsub/local_setup.zsh
-- Installing: /home/joshikanamani/Ros2/ros2_ws1/install/cpp_pubsub/share/cpp_pubsub/local_setup.dsv
-- Installing: /home/joshikanamani/Ros2/ros2_ws1/install/cpp_pubsub/share/cpp_pubsub/package.dsv
-- Installing: /home/joshikanamani/Ros2/ros2_ws1/install/cpp_pubsub/share/ament_index/resource_index/packages/cpp_pubsub
-- Installing: /home/joshikanamani/Ros2/ros2_ws1/install/cpp_pubsub/share/cpp_pubsub/cmake/cpp_pubsubConfig.cmake
-- Installing: /home/joshikanamani/Ros2/ros2_ws1/install/cpp_pubsub/share/cpp_pubsub/cmake/cpp_pubsubConfig-version.cmake
-- Installing: /home/joshikanamani/Ros2/ros2_ws1/install/cpp_pubsub/share/cpp_pubsub/package.xml
