[0.043s] Invoking command in '/home/joshikanamani/Ros2/ros2_ws1/build/cpp_pubsub': CMAKE_PREFIX_PATH=${CMAKE_PREFIX_PATH}:/opt/ros/foxy /usr/local/bin/cmake --build /home/joshikanamani/Ros2/ros2_ws1/build/cpp_pubsub -- -j8 -l8
[0.093s] [35m[1mScanning dependencies of target listener[0m
[0.093s] [35m[1mScanning dependencies of target talker[0m
[0.100s] [ 25%] [32mBuilding CXX object CMakeFiles/listener.dir/src/subscriber_member_function.cpp.o[0m
[0.116s] [ 50%] [32mBuilding CXX object CMakeFiles/talker.dir/src/publisher_member_function.cpp.o[0m
[0.144s] [ 75%] [32m[1mLinking CXX executable listener[0m
[0.171s] [100%] [32m[1mLinking CXX executable talker[0m
[0.448s] [100%] Built target talker
[0.541s] [100%] Built target listener
[0.546s] Invoked command in '/home/joshikanamani/Ros2/ros2_ws1/build/cpp_pubsub' returned '0': CMAKE_PREFIX_PATH=${CMAKE_PREFIX_PATH}:/opt/ros/foxy /usr/local/bin/cmake --build /home/joshikanamani/Ros2/ros2_ws1/build/cpp_pubsub -- -j8 -l8
[0.549s] Invoking command in '/home/joshikanamani/Ros2/ros2_ws1/build/cpp_pubsub': CMAKE_PREFIX_PATH=${CMAKE_PREFIX_PATH}:/opt/ros/foxy /usr/local/bin/cmake --install /home/joshikanamani/Ros2/ros2_ws1/build/cpp_pubsub
[0.553s] -- Install configuration: ""
[0.553s] -- Installing: /home/joshikanamani/Ros2/ros2_ws1/install/cpp_pubsub/lib/cpp_pubsub/talker
[0.554s] -- Set runtime path of "/home/joshikanamani/Ros2/ros2_ws1/install/cpp_pubsub/lib/cpp_pubsub/talker" to ""
[0.555s] -- Installing: /home/joshikanamani/Ros2/ros2_ws1/install/cpp_pubsub/lib/cpp_pubsub/listener
[0.556s] -- Set runtime path of "/home/joshikanamani/Ros2/ros2_ws1/install/cpp_pubsub/lib/cpp_pubsub/listener" to ""
[0.557s] -- Installing: /home/joshikanamani/Ros2/ros2_ws1/install/cpp_pubsub/share/ament_index/resource_index/package_run_dependencies/cpp_pubsub
[0.557s] -- Installing: /home/joshikanamani/Ros2/ros2_ws1/install/cpp_pubsub/share/ament_index/resource_index/parent_prefix_path/cpp_pubsub
[0.557s] -- Installing: /home/joshikanamani/Ros2/ros2_ws1/install/cpp_pubsub/share/cpp_pubsub/environment/ament_prefix_path.sh
[0.557s] -- Installing: /home/joshikanamani/Ros2/ros2_ws1/install/cpp_pubsub/share/cpp_pubsub/environment/ament_prefix_path.dsv
[0.557s] -- Installing: /home/joshikanamani/Ros2/ros2_ws1/install/cpp_pubsub/share/cpp_pubsub/environment/path.sh
[0.557s] -- Installing: /home/joshikanamani/Ros2/ros2_ws1/install/cpp_pubsub/share/cpp_pubsub/environment/path.dsv
[0.557s] -- Installing: /home/joshikanamani/Ros2/ros2_ws1/install/cpp_pubsub/share/cpp_pubsub/local_setup.bash
[0.558s] -- Installing: /home/joshikanamani/Ros2/ros2_ws1/install/cpp_pubsub/share/cpp_pubsub/local_setup.sh
[0.558s] -- Installing: /home/joshikanamani/Ros2/ros2_ws1/install/cpp_pubsub/share/cpp_pubsub/local_setup.zsh
[0.558s] -- Installing: /home/joshikanamani/Ros2/ros2_ws1/install/cpp_pubsub/share/cpp_pubsub/local_setup.dsv
[0.558s] -- Installing: /home/joshikanamani/Ros2/ros2_ws1/install/cpp_pubsub/share/cpp_pubsub/package.dsv
[0.558s] -- Installing: /home/joshikanamani/Ros2/ros2_ws1/install/cpp_pubsub/share/ament_index/resource_index/packages/cpp_pubsub
[0.558s] -- Installing: /home/joshikanamani/Ros2/ros2_ws1/install/cpp_pubsub/share/cpp_pubsub/cmake/cpp_pubsubConfig.cmake
[0.558s] -- Installing: /home/joshikanamani/Ros2/ros2_ws1/install/cpp_pubsub/share/cpp_pubsub/cmake/cpp_pubsubConfig-version.cmake
[0.559s] -- Installing: /home/joshikanamani/Ros2/ros2_ws1/install/cpp_pubsub/share/cpp_pubsub/package.xml
[0.561s] Invoked command in '/home/joshikanamani/Ros2/ros2_ws1/build/cpp_pubsub' returned '0': CMAKE_PREFIX_PATH=${CMAKE_PREFIX_PATH}:/opt/ros/foxy /usr/local/bin/cmake --install /home/joshikanamani/Ros2/ros2_ws1/build/cpp_pubsub
