[0.045s] Invoking command in '/home/joshikanamani/Ros2/ros2_ws1/build/cpp_pubsub': CMAKE_PREFIX_PATH=${CMAKE_PREFIX_PATH}:/opt/ros/foxy /usr/local/bin/cmake --build /home/joshikanamani/Ros2/ros2_ws1/build/cpp_pubsub -- -j8 -l8
[0.092s] [ 50%] Built target talker
[0.097s] [100%] Built target listener
[0.102s] Invoked command in '/home/joshikanamani/Ros2/ros2_ws1/build/cpp_pubsub' returned '0': CMAKE_PREFIX_PATH=${CMAKE_PREFIX_PATH}:/opt/ros/foxy /usr/local/bin/cmake --build /home/joshikanamani/Ros2/ros2_ws1/build/cpp_pubsub -- -j8 -l8
[0.113s] Invoking command in '/home/joshikanamani/Ros2/ros2_ws1/build/cpp_pubsub': CMAKE_PREFIX_PATH=${CMAKE_PREFIX_PATH}:/opt/ros/foxy /usr/local/bin/cmake --install /home/joshikanamani/Ros2/ros2_ws1/build/cpp_pubsub
[0.125s] -- Install configuration: ""
[0.125s] -- Up-to-date: /home/joshikanamani/Ros2/ros2_ws1/install/cpp_pubsub/lib/cpp_pubsub/talker
[0.125s] -- Up-to-date: /home/joshikanamani/Ros2/ros2_ws1/install/cpp_pubsub/lib/cpp_pubsub/listener
[0.125s] -- Up-to-date: /home/joshikanamani/Ros2/ros2_ws1/install/cpp_pubsub/share/ament_index/resource_index/package_run_dependencies/cpp_pubsub
[0.126s] -- Up-to-date: /home/joshikanamani/Ros2/ros2_ws1/install/cpp_pubsub/share/ament_index/resource_index/parent_prefix_path/cpp_pubsub
[0.126s] -- Up-to-date: /home/joshikanamani/Ros2/ros2_ws1/install/cpp_pubsub/share/cpp_pubsub/environment/ament_prefix_path.sh
[0.126s] -- Up-to-date: /home/joshikanamani/Ros2/ros2_ws1/install/cpp_pubsub/share/cpp_pubsub/environment/ament_prefix_path.dsv
[0.126s] -- Up-to-date: /home/joshikanamani/Ros2/ros2_ws1/install/cpp_pubsub/share/cpp_pubsub/environment/path.sh
[0.126s] -- Up-to-date: /home/joshikanamani/Ros2/ros2_ws1/install/cpp_pubsub/share/cpp_pubsub/environment/path.dsv
[0.127s] -- Up-to-date: /home/joshikanamani/Ros2/ros2_ws1/install/cpp_pubsub/share/cpp_pubsub/local_setup.bash
[0.127s] -- Up-to-date: /home/joshikanamani/Ros2/ros2_ws1/install/cpp_pubsub/share/cpp_pubsub/local_setup.sh
[0.127s] -- Up-to-date: /home/joshikanamani/Ros2/ros2_ws1/install/cpp_pubsub/share/cpp_pubsub/local_setup.zsh
[0.127s] -- Up-to-date: /home/joshikanamani/Ros2/ros2_ws1/install/cpp_pubsub/share/cpp_pubsub/local_setup.dsv
[0.127s] -- Installing: /home/joshikanamani/Ros2/ros2_ws1/install/cpp_pubsub/share/cpp_pubsub/package.dsv
[0.128s] -- Up-to-date: /home/joshikanamani/Ros2/ros2_ws1/install/cpp_pubsub/share/ament_index/resource_index/packages/cpp_pubsub
[0.128s] -- Up-to-date: /home/joshikanamani/Ros2/ros2_ws1/install/cpp_pubsub/share/cpp_pubsub/cmake/cpp_pubsubConfig.cmake
[0.129s] -- Up-to-date: /home/joshikanamani/Ros2/ros2_ws1/install/cpp_pubsub/share/cpp_pubsub/cmake/cpp_pubsubConfig-version.cmake
[0.129s] -- Up-to-date: /home/joshikanamani/Ros2/ros2_ws1/install/cpp_pubsub/share/cpp_pubsub/package.xml
[0.144s] Invoked command in '/home/joshikanamani/Ros2/ros2_ws1/build/cpp_pubsub' returned '0': CMAKE_PREFIX_PATH=${CMAKE_PREFIX_PATH}:/opt/ros/foxy /usr/local/bin/cmake --install /home/joshikanamani/Ros2/ros2_ws1/build/cpp_pubsub
