[0.045s] Invoking command in '/home/joshikanamani/Ros2/ros2_ws1/build/more_interfaces': CMAKE_PREFIX_PATH=${CMAKE_PREFIX_PATH}:/opt/ros/foxy /usr/local/bin/cmake --build /home/joshikanamani/Ros2/ros2_ws1/build/more_interfaces -- -j8 -l8
[0.097s] -- Found ament_cmake: 0.9.12 (/opt/ros/foxy/share/ament_cmake/cmake)
[0.111s] -- Found PythonInterp: /usr/bin/python3 (found suitable version "3.8.10", minimum required is "3") 
[0.111s] -- Using PYTHON_EXECUTABLE: /usr/bin/python3
[0.496s] -- Found rosidl_default_generators: 1.0.1 (/opt/ros/foxy/share/rosidl_default_generators/cmake)
[0.500s] -- Using all available rosidl_typesupport_c: rosidl_typesupport_fastrtps_c;rosidl_typesupport_introspection_c
[0.503s] -- Found rosidl_adapter: 1.3.1 (/opt/ros/foxy/share/rosidl_adapter/cmake)
[0.682s] -- Using all available rosidl_typesupport_cpp: rosidl_typesupport_fastrtps_cpp;rosidl_typesupport_introspection_cpp
[0.708s] -- Found rclcpp: 2.4.3 (/opt/ros/foxy/share/rclcpp/cmake)
[0.768s] -- Found rmw_implementation_cmake: 1.0.4 (/opt/ros/foxy/share/rmw_implementation_cmake/cmake)
[0.769s] -- Using RMW implementation 'rmw_fastrtps_cpp' as default
[0.958s] -- Found PythonInterp: /usr/bin/python3 (found version "3.8.10") 
[1.117s] -- Found ament_cmake_ros: 0.9.2 (/opt/ros/foxy/share/ament_cmake_ros/cmake)
[1.251s] -- Using all available rosidl_typesupport_c: rosidl_typesupport_fastrtps_c;rosidl_typesupport_introspection_c
[1.264s] -- Using all available rosidl_typesupport_cpp: rosidl_typesupport_fastrtps_cpp;rosidl_typesupport_introspection_cpp
[1.297s] -- Found PythonInterp: /usr/bin/python3 (found suitable version "3.8.10", minimum required is "3.5") 
[1.298s] -- Found python_cmake_module: 0.8.1 (/opt/ros/foxy/share/python_cmake_module/cmake)
[1.330s] -- Using PYTHON_EXECUTABLE: /usr/bin/python3
[1.330s] -- Using PYTHON_INCLUDE_DIRS: /usr/include/python3.8
[1.330s] -- Using PYTHON_LIBRARIES: /usr/lib/x86_64-linux-gnu/libpython3.8.so
[1.356s] -- Found ament_lint_auto: 0.9.8 (/opt/ros/foxy/share/ament_lint_auto/cmake)
[1.367s] -- Configuring done
[1.415s] -- Generating done
[1.434s] -- Build files have been written to: /home/joshikanamani/Ros2/ros2_ws1/build/more_interfaces
[1.466s] [  3%] [34m[1mGenerating C code for ROS interfaces[0m
[1.481s] [35m[1mScanning dependencies of target more_interfaces__cpp[0m
[1.486s] [  6%] [34m[1mGenerating C++ code for ROS interfaces[0m
[1.758s] [  6%] Built target more_interfaces__cpp
[1.765s] [  9%] [34m[1mGenerating C++ introspection for ROS interfaces[0m
[1.768s] [ 12%] [34m[1mGenerating C++ type support dispatch for ROS interfaces[0m
[1.793s] [ 16%] [34m[1mGenerating C++ type support for eProsima Fast-RTPS[0m
[2.014s] [35m[1mScanning dependencies of target more_interfaces__rosidl_generator_c[0m
[2.081s] [ 19%] [32mBuilding C object CMakeFiles/more_interfaces__rosidl_generator_c.dir/rosidl_generator_c/more_interfaces/msg/detail/address_book__functions.c.o[0m
[2.170s] [35m[1mScanning dependencies of target more_interfaces__rosidl_typesupport_cpp[0m
[2.179s] [ 22%] [32mBuilding CXX object CMakeFiles/more_interfaces__rosidl_typesupport_cpp.dir/rosidl_typesupport_cpp/more_interfaces/msg/address_book__type_support.cpp.o[0m
[2.184s] [ 25%] [32m[1mLinking C shared library libmore_interfaces__rosidl_generator_c.so[0m
[2.207s] [ 29%] [32m[1mLinking CXX shared library libmore_interfaces__rosidl_typesupport_cpp.so[0m
[2.239s] [ 29%] Built target more_interfaces__rosidl_generator_c
[2.248s] [ 32%] [34m[1mGenerating C introspection for ROS interfaces[0m
[2.280s] [ 35%] [34m[1mGenerating C type support dispatch for ROS interfaces[0m
[2.284s] [35m[1mScanning dependencies of target more_interfaces__rosidl_typesupport_fastrtps_cpp[0m
[2.304s] [35m[1mScanning dependencies of target more_interfaces__rosidl_typesupport_introspection_cpp[0m
[2.329s] [ 38%] [32mBuilding CXX object CMakeFiles/more_interfaces__rosidl_typesupport_fastrtps_cpp.dir/rosidl_typesupport_fastrtps_cpp/more_interfaces/msg/detail/dds_fastrtps/address_book__type_support.cpp.o[0m
[2.330s] [ 38%] Built target more_interfaces__rosidl_typesupport_cpp
[2.362s] [ 41%] [32mBuilding CXX object CMakeFiles/more_interfaces__rosidl_typesupport_introspection_cpp.dir/rosidl_typesupport_introspection_cpp/more_interfaces/msg/detail/address_book__type_support.cpp.o[0m
[2.402s] [ 45%] [32m[1mLinking CXX shared library libmore_interfaces__rosidl_typesupport_introspection_cpp.so[0m
[2.490s] [ 48%] [32m[1mLinking CXX shared library libmore_interfaces__rosidl_typesupport_fastrtps_cpp.so[0m
[2.510s] [ 48%] Built target more_interfaces__rosidl_typesupport_introspection_cpp
[2.629s] [ 48%] Built target more_interfaces__rosidl_typesupport_fastrtps_cpp
[2.637s] [ 51%] [34m[1mGenerating C type support for eProsima Fast-RTPS[0m
[2.704s] [35m[1mScanning dependencies of target more_interfaces__rosidl_typesupport_c[0m
[2.720s] [ 54%] [32mBuilding CXX object CMakeFiles/more_interfaces__rosidl_typesupport_c.dir/rosidl_typesupport_c/more_interfaces/msg/address_book__type_support.cpp.o[0m
[2.749s] [ 58%] [32m[1mLinking CXX shared library libmore_interfaces__rosidl_typesupport_c.so[0m
[2.770s] [35m[1mScanning dependencies of target more_interfaces__rosidl_typesupport_introspection_c[0m
[2.797s] [ 61%] [32mBuilding C object CMakeFiles/more_interfaces__rosidl_typesupport_introspection_c.dir/rosidl_typesupport_introspection_c/more_interfaces/msg/detail/address_book__type_support.c.o[0m
[2.802s] [ 61%] Built target more_interfaces__rosidl_typesupport_c
[2.824s] [ 64%] [32m[1mLinking C shared library libmore_interfaces__rosidl_typesupport_introspection_c.so[0m
[2.853s] [ 64%] Built target more_interfaces__rosidl_typesupport_introspection_c
[3.010s] [35m[1mScanning dependencies of target more_interfaces__rosidl_typesupport_fastrtps_c[0m
[3.018s] [ 67%] [32mBuilding CXX object CMakeFiles/more_interfaces__rosidl_typesupport_fastrtps_c.dir/rosidl_typesupport_fastrtps_c/more_interfaces/msg/detail/address_book__type_support_c.cpp.o[0m
[3.031s] [ 70%] [32m[1mLinking CXX shared library libmore_interfaces__rosidl_typesupport_fastrtps_c.so[0m
[3.113s] [ 70%] Built target more_interfaces__rosidl_typesupport_fastrtps_c
[3.120s] [35m[1mScanning dependencies of target more_interfaces[0m
[3.128s] [ 70%] Built target more_interfaces
[3.136s] [35m[1mScanning dependencies of target more_interfaces__py[0m
[3.145s] [ 74%] [34m[1mGenerating Python code for ROS interfaces[0m
[3.685s] [ 74%] Built target more_interfaces__py
[3.690s] [35m[1mScanning dependencies of target more_interfaces__python[0m
[3.716s] [ 77%] [32mBuilding C object CMakeFiles/more_interfaces__python.dir/rosidl_generator_py/more_interfaces/msg/_address_book_s.c.o[0m
[3.781s] [ 80%] [32m[1mLinking C shared library rosidl_generator_py/more_interfaces/libmore_interfaces__python.so[0m
[3.810s] [ 80%] Built target more_interfaces__python
[3.816s] [35m[1mScanning dependencies of target more_interfaces__rosidl_typesupport_c__pyext[0m
[3.816s] [35m[1mScanning dependencies of target more_interfaces__rosidl_typesupport_introspection_c__pyext[0m
[3.816s] [35m[1mScanning dependencies of target more_interfaces__rosidl_typesupport_fastrtps_c__pyext[0m
[3.827s] [ 83%] [32mBuilding C object CMakeFiles/more_interfaces__rosidl_typesupport_c__pyext.dir/rosidl_generator_py/more_interfaces/_more_interfaces_s.ep.rosidl_typesupport_c.c.o[0m
[3.827s] [ 90%] [32mBuilding C object CMakeFiles/more_interfaces__rosidl_typesupport_introspection_c__pyext.dir/rosidl_generator_py/more_interfaces/_more_interfaces_s.ep.rosidl_typesupport_introspection_c.c.o[0m
[3.827s] [ 90%] [32mBuilding C object CMakeFiles/more_interfaces__rosidl_typesupport_fastrtps_c__pyext.dir/rosidl_generator_py/more_interfaces/_more_interfaces_s.ep.rosidl_typesupport_fastrtps_c.c.o[0m
[3.838s] [ 93%] [32m[1mLinking CXX shared library rosidl_generator_py/more_interfaces/more_interfaces_s__rosidl_typesupport_fastrtps_c.cpython-38-x86_64-linux-gnu.so[0m
[3.890s] [100%] [32m[1mLinking C shared library rosidl_generator_py/more_interfaces/more_interfaces_s__rosidl_typesupport_introspection_c.cpython-38-x86_64-linux-gnu.so[0m
[3.891s] [100%] [32m[1mLinking C shared library rosidl_generator_py/more_interfaces/more_interfaces_s__rosidl_typesupport_c.cpython-38-x86_64-linux-gnu.so[0m
[3.895s] [100%] Built target more_interfaces__rosidl_typesupport_fastrtps_c__pyext
[3.915s] [100%] Built target more_interfaces__rosidl_typesupport_introspection_c__pyext
[3.915s] [100%] Built target more_interfaces__rosidl_typesupport_c__pyext
